<?xml version="1.0" encoding="utf-8" standalone="no"?>
<!--This file represents the results of running a test suite-->
<test-results name="C:/git/storyteller/source/StoryTeller.Testing/bin/debug/StoryTeller.Testing.dll" total="1525" failures="0" not-run="4" date="2010-06-14" time="16:05:36">
  <environment nunit-version="2.4.7.0" clr-version="4.0.30319.1" os-version="Microsoft Windows NT 6.1.7600.0" platform="Win32NT" cwd="C:\git\storyteller" machine-name="JEREMYMILLER" user="Jeremy Miller" user-domain="JeremyMiller" />
  <culture-info current-culture="en-US" current-uiculture="en-US" />
  <test-suite name="C:/git/storyteller/source/StoryTeller.Testing/bin/debug/StoryTeller.Testing.dll" success="True" time="104.616" asserts="0">
    <results>
      <test-suite name="StoryTeller" success="True" time="104.226" asserts="0">
        <results>
          <test-suite name="Testing" success="True" time="104.222" asserts="0">
            <results>
              <test-suite name="Codegen" success="True" time="0.176" asserts="0">
                <results>
                  <test-suite name="ProjectRunnerCodegenServiceTester" success="True" time="0.075" asserts="0">
                    <results>
                      <test-case name="StoryTeller.Testing.Codegen.ProjectRunnerCodegenServiceTester.can_get_default_class_template" executed="True" success="True" time="0.023" asserts="1" />
                      <test-case name="StoryTeller.Testing.Codegen.ProjectRunnerCodegenServiceTester.can_get_default_method_template" executed="True" success="True" time="0.001" asserts="1" />
                    </results>
                  </test-suite>
                  <test-suite name="when_generating_a_single_test_method_with_default_text" success="True" time="0.056" asserts="0">
                    <results>
                      <test-case name="StoryTeller.Testing.Codegen.when_generating_a_single_test_method_with_default_text.the_method_test_should_be_named_a_sanitized_version_of_the_test_name" executed="True" success="True" time="0.055" asserts="1" />
                      <test-case name="StoryTeller.Testing.Codegen.when_generating_a_single_test_method_with_default_text.the_method_test_should_embed_the_test_name" executed="True" success="True" time="0.000" asserts="1" />
                    </results>
                  </test-suite>
                  <test-suite name="when_generating_a_test_harness_class" success="True" time="0.016" asserts="0">
                    <results>
                      <test-case name="StoryTeller.Testing.Codegen.when_generating_a_test_harness_class.should_contain_the_method_for_the_test" executed="True" success="True" time="0.014" asserts="1" />
                      <test-case name="StoryTeller.Testing.Codegen.when_generating_a_test_harness_class.the_project_file_should_be_in_the_setup" executed="True" success="True" time="0.001" asserts="1" />
                    </results>
                  </test-suite>
                </results>
              </test-suite>
              <test-suite name="CommentTester" success="True" time="0.261" asserts="0">
                <results>
                  <test-case name="StoryTeller.Testing.CommentTester.accept_visitor" executed="True" success="True" time="0.261" asserts="0" />
                </results>
              </test-suite>
              <test-suite name="DisplayParserTester" success="True" time="0.231" asserts="0">
                <results>
                  <test-case name="StoryTeller.Testing.DisplayParserTester.all_cells_are_in_the_middle" executed="True" success="True" time="0.224" asserts="6" />
                  <test-case name="StoryTeller.Testing.DisplayParserTester.parse_a_simple_example" executed="True" success="True" time="0.004" asserts="5" />
                  <test-case name="StoryTeller.Testing.DisplayParserTester.parse_a_simple_example_that_puts_a_cell_at_the_very_beginning" executed="True" success="True" time="0.001" asserts="4" />
                </results>
              </test-suite>
              <test-suite name="Domain" success="True" time="0.364" asserts="0">
                <results>
                  <test-suite name="StepLeafTester" success="True" time="0.073" asserts="0">
                    <results>
                      <test-case name="StoryTeller.Testing.Domain.StepLeafTester.add_step" executed="True" success="True" time="0.025" asserts="2" />
                      <test-case name="StoryTeller.Testing.Domain.StepLeafTester.clear_attribute" executed="True" success="True" time="0.022" asserts="7" />
                      <test-case name="StoryTeller.Testing.Domain.StepLeafTester.clone_last_node_does_nothing_and_returns_false_if_no_other_steps_exist" executed="True" success="True" time="0.003" asserts="1" />
                      <test-case name="StoryTeller.Testing.Domain.StepLeafTester.clone_last_node_if_a_node_exists" executed="True" success="True" time="0.004" asserts="2" />
                      <test-case name="StoryTeller.Testing.Domain.StepLeafTester.get_all_unique_attributes" executed="True" success="True" time="0.001" asserts="8" />
                      <test-case name="StoryTeller.Testing.Domain.StepLeafTester.move_down_1" executed="True" success="True" time="0.002" asserts="8" />
                      <test-case name="StoryTeller.Testing.Domain.StepLeafTester.move_down_when_already_last" executed="True" success="True" time="0.001" asserts="4" />
                      <test-case name="StoryTeller.Testing.Domain.StepLeafTester.move_up_1" executed="True" success="True" time="0.002" asserts="8" />
                      <test-case name="StoryTeller.Testing.Domain.StepLeafTester.move_up_when_the_step_is_already_first" executed="True" success="True" time="0.001" asserts="4" />
                      <test-case name="StoryTeller.Testing.Domain.StepLeafTester.set_step_value_should_set_a_value_on_all_steps" executed="True" success="True" time="0.004" asserts="4" />
                    </results>
                  </test-suite>
                  <test-suite name="SuiteNavigatorTester" success="True" time="0.096" asserts="0">
                    <results>
                      <test-case name="StoryTeller.Testing.Domain.SuiteNavigatorTester.visit_with_a_suite_filter" executed="True" success="True" time="0.058" asserts="23" />
                      <test-case name="StoryTeller.Testing.Domain.SuiteNavigatorTester.visit_with_a_test_filter" executed="True" success="True" time="0.016" asserts="23" />
                      <test-case name="StoryTeller.Testing.Domain.SuiteNavigatorTester.visit_with_no_filters" executed="True" success="True" time="0.020" asserts="23" />
                    </results>
                  </test-suite>
                  <test-suite name="TestFilterTester" success="True" time="0.060" asserts="0">
                    <results>
                      <test-case name="StoryTeller.Testing.Domain.TestFilterTester.by_default_the_lifecycle_is_any" executed="True" success="True" time="0.044" asserts="1" />
                      <test-case name="StoryTeller.Testing.Domain.TestFilterTester.by_default_the_status_is_all" executed="True" success="True" time="0.000" asserts="1" />
                      <test-case name="StoryTeller.Testing.Domain.TestFilterTester.do_not_show_empty_suites_when_a_result_status_is_selected" executed="True" success="True" time="0.002" asserts="1" />
                      <test-case name="StoryTeller.Testing.Domain.TestFilterTester.do_not_show_empty_suites_when_lifecyle_is_set" executed="True" success="True" time="0.000" asserts="1" />
                      <test-case name="StoryTeller.Testing.Domain.TestFilterTester.look_for_failed_regression_tests" executed="True" success="True" time="0.004" asserts="6" />
                      <test-case name="StoryTeller.Testing.Domain.TestFilterTester.look_for_successful_acceptance_tests" executed="True" success="True" time="0.001" asserts="6" />
                      <test-case name="StoryTeller.Testing.Domain.TestFilterTester.only_look_for_acceptance_tests" executed="True" success="True" time="0.001" asserts="6" />
                      <test-case name="StoryTeller.Testing.Domain.TestFilterTester.only_look_for_failed_tests" executed="True" success="True" time="0.001" asserts="6" />
                      <test-case name="StoryTeller.Testing.Domain.TestFilterTester.only_look_for_regression_tests" executed="True" success="True" time="0.000" asserts="6" />
                      <test-case name="StoryTeller.Testing.Domain.TestFilterTester.only_look_for_successful_tests" executed="True" success="True" time="0.001" asserts="6" />
                      <test-case name="StoryTeller.Testing.Domain.TestFilterTester.only_look_for_unknown_tests" executed="True" success="True" time="0.001" asserts="6" />
                      <test-case name="StoryTeller.Testing.Domain.TestFilterTester.show_empty_suites_when_any_lifecycle_and_status_is_all" executed="True" success="True" time="0.000" asserts="1" />
                      <test-case name="StoryTeller.Testing.Domain.TestFilterTester.the_initial_filter_should_match_all_tests" executed="True" success="True" time="0.000" asserts="6" />
                    </results>
                  </test-suite>
                  <test-suite name="TestProgressionTester" success="True" time="0.017" asserts="0">
                    <results>
                      <test-case name="StoryTeller.Testing.Domain.TestProgressionTester.can_find_the_path_of_a_part" executed="True" success="True" time="0.013" asserts="3" />
                      <test-case name="StoryTeller.Testing.Domain.TestProgressionTester.find_index_of" executed="True" success="True" time="0.001" asserts="3" />
                      <test-case name="StoryTeller.Testing.Domain.TestProgressionTester.returns_the_count" executed="True" success="True" time="0.000" asserts="1" />
                    </results>
                  </test-suite>
                  <test-suite name="TPathTester" success="True" time="0.006" asserts="0">
                    <results>
                      <test-case name="StoryTeller.Testing.Domain.TPathTester.an_empty_string_path_is_the_hierarchy" executed="True" success="True" time="0.001" asserts="1" />
                      <test-case name="StoryTeller.Testing.Domain.TPathTester.append" executed="True" success="True" time="0.001" asserts="1" />
                      <test-case name="StoryTeller.Testing.Domain.TPathTester.get_containing_folder" executed="True" success="True" time="0.001" asserts="4" />
                      <test-case name="StoryTeller.Testing.Domain.TPathTester.locator" executed="True" success="True" time="0.000" asserts="1" />
                      <test-case name="StoryTeller.Testing.Domain.TPathTester.push" executed="True" success="True" time="0.000" asserts="1" />
                    </results>
                  </test-suite>
                  <test-suite name="when_building_a_status_after_starting_the_second_or_later_step" success="True" time="0.021" asserts="0">
                    <results>
                      <test-case name="StoryTeller.Testing.Domain.when_building_a_status_after_starting_the_second_or_later_step.should_have_the_text_of_the_last_step_running" executed="True" success="True" time="0.017" asserts="1" />
                      <test-case name="StoryTeller.Testing.Domain.when_building_a_status_after_starting_the_second_or_later_step.the_progress_count_is_one" executed="True" success="True" time="0.001" asserts="1" />
                      <test-case name="StoryTeller.Testing.Domain.when_building_a_status_after_starting_the_second_or_later_step.the_total_count_should_be_the_total_count" executed="True" success="True" time="0.000" asserts="1" />
                    </results>
                  </test-suite>
                  <test-suite name="when_building_a_status_for_the_first_section" success="True" time="0.003" asserts="0">
                    <results>
                      <test-case name="StoryTeller.Testing.Domain.when_building_a_status_for_the_first_section.has_the_test_path" executed="True" success="True" time="0.001" asserts="1" />
                      <test-case name="StoryTeller.Testing.Domain.when_building_a_status_for_the_first_section.should_have_the_text_of_the_section_running" executed="True" success="True" time="0.000" asserts="1" />
                      <test-case name="StoryTeller.Testing.Domain.when_building_a_status_for_the_first_section.the_progress_count_is_just_zero_cause_nothing_has_been_completed" executed="True" success="True" time="0.000" asserts="1" />
                      <test-case name="StoryTeller.Testing.Domain.when_building_a_status_for_the_first_section.the_total_count_should_be_the_total_count" executed="True" success="True" time="0.001" asserts="1" />
                    </results>
                  </test-suite>
                  <test-suite name="when_building_the_second_completed_step" success="True" time="0.002" asserts="0">
                    <results>
                      <test-case name="StoryTeller.Testing.Domain.when_building_the_second_completed_step.should_have_the_text_of_the_last_step_running" executed="True" success="True" time="0.002" asserts="1" />
                      <test-case name="StoryTeller.Testing.Domain.when_building_the_second_completed_step.the_progress_count_is_two_now" executed="True" success="True" time="0.000" asserts="1" />
                    </results>
                  </test-suite>
                  <test-suite name="when_building_the_status_after_incrementing_a_part" success="True" time="0.003" asserts="0">
                    <results>
                      <test-case name="StoryTeller.Testing.Domain.when_building_the_status_after_incrementing_a_part.has_the_test_path" executed="True" success="True" time="0.001" asserts="1" />
                      <test-case name="StoryTeller.Testing.Domain.when_building_the_status_after_incrementing_a_part.should_have_the_text_of_the_last_step_running" executed="True" success="True" time="0.001" asserts="1" />
                      <test-case name="StoryTeller.Testing.Domain.when_building_the_status_after_incrementing_a_part.the_progress_count_is_one" executed="True" success="True" time="0.000" asserts="1" />
                      <test-case name="StoryTeller.Testing.Domain.when_building_the_status_after_incrementing_a_part.the_total_count_should_be_the_total_count" executed="True" success="True" time="0.000" asserts="1" />
                    </results>
                  </test-suite>
                  <test-suite name="when_combining_filters_with_workspace_filters" success="True" time="0.027" asserts="0">
                    <results>
                      <test-case name="StoryTeller.Testing.Domain.when_combining_filters_with_workspace_filters.multiple_workspace_filter" executed="True" success="True" time="0.016" asserts="10" />
                      <test-case name="StoryTeller.Testing.Domain.when_combining_filters_with_workspace_filters.multiple_workspace_filter_and_result_filter" executed="True" success="True" time="0.001" asserts="5" />
                      <test-case name="StoryTeller.Testing.Domain.when_combining_filters_with_workspace_filters.no_workspace_filter_and_failure" executed="True" success="True" time="0.001" asserts="8" />
                      <test-case name="StoryTeller.Testing.Domain.when_combining_filters_with_workspace_filters.one_workspace_filter" executed="True" success="True" time="0.000" asserts="6" />
                    </results>
                  </test-suite>
                  <test-suite name="when_finding_all_the_tokens_from_a_test_with_sections" success="True" time="0.036" asserts="0">
                    <results>
                      <test-case name="StoryTeller.Testing.Domain.when_finding_all_the_tokens_from_a_test_with_sections.read_a_part_that_is_only_nested_one_deep" executed="True" success="True" time="0.006" asserts="1" />
                      <test-case name="StoryTeller.Testing.Domain.when_finding_all_the_tokens_from_a_test_with_sections.read_a_section" executed="True" success="True" time="0.001" asserts="1" />
                      <test-case name="StoryTeller.Testing.Domain.when_finding_all_the_tokens_from_a_test_with_sections.the_expected" executed="True" success="True" time="0.025" asserts="14" />
                      <test-case name="StoryTeller.Testing.Domain.when_finding_all_the_tokens_from_a_test_with_sections.the_initial_status_should_be_the_test" executed="True" success="True" time="0.001" asserts="1" />
                    </results>
                  </test-suite>
                  <test-suite name="when_matching_suites" success="True" time="0.011" asserts="0">
                    <results>
                      <test-case name="StoryTeller.Testing.Domain.when_matching_suites.a_plain_suite_always_matches" executed="True" success="True" time="0.005" asserts="0" />
                      <test-case name="StoryTeller.Testing.Domain.when_matching_suites.all_suites_match_when_there_are_no_selected_workspaces" executed="True" success="True" time="0.001" asserts="3" />
                      <test-case name="StoryTeller.Testing.Domain.when_matching_suites.for_one_specific_workspace_selected" executed="True" success="True" time="0.002" asserts="3" />
                      <test-case name="StoryTeller.Testing.Domain.when_matching_suites.for_two_workspaces_selected" executed="True" success="True" time="0.001" asserts="3" />
                      <test-case name="StoryTeller.Testing.Domain.when_matching_suites.METHOD" executed="True" success="True" time="0.001" asserts="0" />
                    </results>
                  </test-suite>
                </results>
              </test-suite>
              <test-suite name="DSL" success="True" time="0.516" asserts="0">
                <results>
                  <test-suite name="ObjectConstructionExpressionTester" success="True" time="0.334" asserts="0">
                    <results>
                      <test-case name="StoryTeller.Testing.DSL.ObjectConstructionExpressionTester.specify_all_the_primitive_properties" executed="True" success="True" time="0.262" asserts="8" />
                      <test-case name="StoryTeller.Testing.DSL.ObjectConstructionExpressionTester.specify_all_the_primitive_properties_with_extension_method" executed="True" success="True" time="0.004" asserts="8" />
                      <test-case name="StoryTeller.Testing.DSL.ObjectConstructionExpressionTester.specify_properties_one_at_a_time" executed="True" success="True" time="0.056" asserts="3" />
                      <test-case name="StoryTeller.Testing.DSL.ObjectConstructionExpressionTester.specify_properties_one_at_a_time_with_extension_methods" executed="True" success="True" time="0.004" asserts="3" />
                      <test-case name="StoryTeller.Testing.DSL.ObjectConstructionExpressionTester.specify_properties_with_a_filter" executed="True" success="True" time="0.003" asserts="6" />
                      <test-case name="StoryTeller.Testing.DSL.ObjectConstructionExpressionTester.specify_properties_with_a_filter_and_the_extension_method" executed="True" success="True" time="0.002" asserts="6" />
                    </results>
                  </test-suite>
                  <test-suite name="ObjectVerificationExpressionTester" success="True" time="0.176" asserts="0">
                    <results>
                      <test-case name="StoryTeller.Testing.DSL.ObjectVerificationExpressionTester.check_a_single_property_successfully" executed="True" success="True" time="0.158" asserts="1" />
                      <test-case name="StoryTeller.Testing.DSL.ObjectVerificationExpressionTester.check_a_single_property_that_does_not_match" executed="True" success="True" time="0.004" asserts="1" />
                      <test-case name="StoryTeller.Testing.DSL.ObjectVerificationExpressionTester.check_all_simple_properties_successfully" executed="True" success="True" time="0.008" asserts="1" />
                      <test-case name="StoryTeller.Testing.DSL.ObjectVerificationExpressionTester.check_all_simple_properties_with_three_mismatches" executed="True" success="True" time="0.005" asserts="1" />
                    </results>
                  </test-suite>
                  <test-suite name="set_up_fixture_grammar_to_find_and_verify_an_object" success="True" time="0.001" asserts="0">
                    <results />
                  </test-suite>
                </results>
              </test-suite>
              <test-suite name="Engine" success="True" time="6.818" asserts="0">
                <results>
                  <test-suite name="ActionGrammarTester" success="True" time="0.029" asserts="0">
                    <results>
                      <test-case name="StoryTeller.Testing.Engine.ActionGrammarTester.builds_sentence" executed="True" success="True" time="0.023" asserts="3" />
                      <test-case name="StoryTeller.Testing.Engine.ActionGrammarTester.execute_picks_up_the_correct_cell" executed="True" success="True" time="0.004" asserts="1" />
                      <test-case name="StoryTeller.Testing.Engine.ActionGrammarTester.GetCells" executed="True" success="True" time="0.002" asserts="2" />
                    </results>
                  </test-suite>
                  <test-suite name="before_and_after_tester_for_table" success="True" time="0.014" asserts="0">
                    <results>
                      <test-case name="StoryTeller.Testing.Engine.before_and_after_tester_for_table.all_the_steps_should_be_called" executed="True" success="True" time="0.009" asserts="10" />
                      <test-case name="StoryTeller.Testing.Engine.before_and_after_tester_for_table.should_have_called_the_after_action_after_all_the_steps" executed="True" success="True" time="0.002" asserts="3" />
                      <test-case name="StoryTeller.Testing.Engine.before_and_after_tester_for_table.should_have_called_the_before_the_steps" executed="True" success="True" time="0.002" asserts="3" />
                    </results>
                  </test-suite>
                  <test-suite name="BooleanReturnTester" success="True" time="0.022" asserts="0">
                    <results>
                      <test-case name="StoryTeller.Testing.Engine.BooleanReturnTester.fact_method_with_parameters_should_build_example_correctly" executed="True" success="True" time="0.022" asserts="1" />
                    </results>
                  </test-suite>
                  <test-suite name="CellTester" success="True" time="0.116" asserts="0">
                    <results>
                      <test-case name="StoryTeller.Testing.Engine.CellTester.a_cell_with_a_default_value_will_use_that_for_the_sample_value" executed="True" success="True" time="0.001" asserts="1" />
                      <test-case name="StoryTeller.Testing.Engine.CellTester.a_cell_without_a_default_value_will_use_astericks_for_the_sample_value" executed="True" success="True" time="0.000" asserts="1" />
                      <test-case name="StoryTeller.Testing.Engine.CellTester.can_read_the_header_attribute" executed="True" success="True" time="0.002" asserts="1" />
                      <test-case name="StoryTeller.Testing.Engine.CellTester.can_serialize" executed="True" success="True" time="0.005" asserts="2" />
                      <test-case name="StoryTeller.Testing.Engine.CellTester.can_serialize_selection_values" executed="True" success="True" time="0.002" asserts="7" />
                      <test-case name="StoryTeller.Testing.Engine.CellTester.create_by_parameter" executed="True" success="True" time="0.013" asserts="4" />
                      <test-case name="StoryTeller.Testing.Engine.CellTester.create_by_parameter_with_a_default_value" executed="True" success="True" time="0.003" asserts="2" />
                      <test-case name="StoryTeller.Testing.Engine.CellTester.get_display_returns_MISSING_if_the_value_does_not_exist" executed="True" success="True" time="0.001" asserts="1" />
                      <test-case name="StoryTeller.Testing.Engine.CellTester.get_display_returns_the_toString_of_the_value_if_it_exists" executed="True" success="True" time="0.000" asserts="1" />
                      <test-case name="StoryTeller.Testing.Engine.CellTester.get_display_with_a_default_value_and_no_step_value_should_use_the_default_value" executed="True" success="True" time="0.001" asserts="1" />
                      <test-case name="StoryTeller.Testing.Engine.CellTester.has_default" executed="True" success="True" time="0.001" asserts="3" />
                      <test-case name="StoryTeller.Testing.Engine.CellTester.is_a_test_input" executed="True" success="True" time="0.003" asserts="6" />
                      <test-case name="StoryTeller.Testing.Engine.CellTester.on_creation_the_heading_is_the_same_as_the_key" executed="True" success="True" time="0.001" asserts="1" />
                      <test-case name="StoryTeller.Testing.Engine.CellTester.override_cell_header" executed="True" success="True" time="0.001" asserts="1" />
                      <test-case name="StoryTeller.Testing.Engine.CellTester.read_argument_with_a_format_exception" executed="True" success="True" time="0.009" asserts="2" />
                      <test-case name="StoryTeller.Testing.Engine.CellTester.read_expected_value_from_step_for_a_boolean_result_cell" executed="True" success="True" time="0.002" asserts="2" />
                      <test-case name="StoryTeller.Testing.Engine.CellTester.read_expected_value_from_step_that_is_boolean_missing_and_input_should_still_log_error" executed="True" success="True" time="0.002" asserts="1" />
                      <test-case name="StoryTeller.Testing.Engine.CellTester.read_in_DateTime" executed="True" success="True" time="0.013" asserts="1" />
                      <test-case name="StoryTeller.Testing.Engine.CellTester.read_non_null_data_in_for_a_nullable_type" executed="True" success="True" time="0.003" asserts="1" />
                      <test-case name="StoryTeller.Testing.Engine.CellTester.read_null_in_from_a_nullable_type_with_NULL" executed="True" success="True" time="0.002" asserts="1" />
                      <test-case name="StoryTeller.Testing.Engine.CellTester.record_actual_calls_mark_missing_value_when_the_expected_value_is_missing" executed="True" success="True" time="0.010" asserts="2" />
                      <test-case name="StoryTeller.Testing.Engine.CellTester.record_actual_stores_the_data" executed="True" success="True" time="0.003" asserts="1" />
                      <test-case name="StoryTeller.Testing.Engine.CellTester.record_actual_when_the_data_is_right" executed="True" success="True" time="0.002" asserts="2" />
                      <test-case name="StoryTeller.Testing.Engine.CellTester.record_actual_when_the_data_is_wrong" executed="True" success="True" time="0.002" asserts="3" />
                      <test-case name="StoryTeller.Testing.Engine.CellTester.set_argument_if_argument_is_itestcontext_just_uses_the_itestcontext" executed="True" success="True" time="0.004" asserts="1" />
                      <test-case name="StoryTeller.Testing.Engine.CellTester.set_argument_if_the_argument_is_not_simple_pulls_that_argument_from_testcontext" executed="True" success="True" time="0.003" asserts="1" />
                      <test-case name="StoryTeller.Testing.Engine.CellTester.to_example_as_a_non_simple_type_returns_a_new_cell_of_type_string" executed="True" success="True" time="0.002" asserts="4" />
                      <test-case name="StoryTeller.Testing.Engine.CellTester.to_example_as_a_simple_type_returns_self" executed="True" success="True" time="0.000" asserts="1" />
                      <test-case name="StoryTeller.Testing.Engine.CellTester.to_example_as_a_timestamp_returns_self" executed="True" success="True" time="0.000" asserts="1" />
                      <test-case name="StoryTeller.Testing.Engine.CellTester.use_the_default_value_if_the_main_value_is_missing" executed="True" success="True" time="0.002" asserts="1" />
                      <test-case name="StoryTeller.Testing.Engine.CellTester.use_the_default_value_if_the_main_value_is_missing_and_the_cell_is_numeric" executed="True" success="True" time="0.001" asserts="1" />
                      <test-case name="StoryTeller.Testing.Engine.CellTester.verify_the_actual_when_the_expected_is_a_null_negative_case" executed="True" success="True" time="0.001" asserts="1" />
                      <test-case name="StoryTeller.Testing.Engine.CellTester.verify_the_actual_when_the_expected_is_a_null_positive_case" executed="True" success="True" time="0.002" asserts="1" />
                    </results>
                  </test-suite>
                  <test-suite name="CheckGrammarTester" success="True" time="0.040" asserts="0">
                    <results>
                      <test-case name="StoryTeller.Testing.Engine.CheckGrammarTester.happy_path_execute_with_matching_values" executed="True" success="True" time="0.006" asserts="1" />
                      <test-case name="StoryTeller.Testing.Engine.CheckGrammarTester.sad_path_with_exception" executed="True" success="True" time="0.023" asserts="2" />
                      <test-case name="StoryTeller.Testing.Engine.CheckGrammarTester.sad_path_with_incorrect_data" executed="True" success="True" time="0.001" asserts="1" />
                      <test-case name="StoryTeller.Testing.Engine.CheckGrammarTester.sad_path_with_syntax_error" executed="True" success="True" time="0.008" asserts="1" />
                    </results>
                  </test-suite>
                  <test-suite name="ConfigureObjectGrammarTester" success="True" time="0.012" asserts="0">
                    <results>
                      <test-case name="StoryTeller.Testing.Engine.ConfigureObjectGrammarTester.simple_valid_case_of_configure_object_working" executed="True" success="True" time="0.006" asserts="1" />
                      <test-case name="StoryTeller.Testing.Engine.ConfigureObjectGrammarTester.simple_valid_case_should_not_increment_any_of_the_counts" executed="True" success="True" time="0.001" asserts="1" />
                      <test-case name="StoryTeller.Testing.Engine.ConfigureObjectGrammarTester.using_a_default_value" executed="True" success="True" time="0.003" asserts="1" />
                    </results>
                  </test-suite>
                  <test-suite name="Constraints" success="True" time="0.010" asserts="0">
                    <results>
                      <test-suite name="PoliciesTester" success="True" time="0.009" asserts="0">
                        <results>
                          <test-case name="StoryTeller.Testing.Engine.Constraints.PoliciesTester.can_choose_fixture_is_always_false_if_it_is_private" executed="True" success="True" time="0.001" asserts="2" />
                          <test-case name="StoryTeller.Testing.Engine.Constraints.PoliciesTester.hide_grammars" executed="True" success="True" time="0.001" asserts="3" />
                          <test-case name="StoryTeller.Testing.Engine.Constraints.PoliciesTester.tag_and_retrieve_by_grammar" executed="True" success="True" time="0.003" asserts="11" />
                          <test-case name="StoryTeller.Testing.Engine.Constraints.PoliciesTester.tag_and_retrieve_the_main" executed="True" success="True" time="0.001" asserts="7" />
                        </results>
                      </test-suite>
                    </results>
                  </test-suite>
                  <test-suite name="CountsTester" success="True" time="0.008" asserts="0">
                    <results>
                      <test-case name="StoryTeller.Testing.Engine.CountsTester.add_two_counts" executed="True" success="True" time="0.001" asserts="8" />
                      <test-case name="StoryTeller.Testing.Engine.CountsTester.counts_are_all_zero_on_construction" executed="True" success="True" time="0.001" asserts="4" />
                      <test-case name="StoryTeller.Testing.Engine.CountsTester.increment_rights" executed="True" success="True" time="0.001" asserts="3" />
                      <test-case name="StoryTeller.Testing.Engine.CountsTester.increment_wrongs" executed="True" success="True" time="0.001" asserts="3" />
                      <test-case name="StoryTeller.Testing.Engine.CountsTester.is_success" executed="True" success="True" time="0.001" asserts="6" />
                      <test-case name="StoryTeller.Testing.Engine.CountsTester.reset_clears_all_counts_to_zero" executed="True" success="True" time="0.000" asserts="1" />
                    </results>
                  </test-suite>
                  <test-suite name="CreateObjectGrammarTester" success="True" time="0.010" asserts="0">
                    <results>
                      <test-case name="StoryTeller.Testing.Engine.CreateObjectGrammarTester.happy_path_creates_the_object_and_puts_it_on_the_TestContext" executed="True" success="True" time="0.006" asserts="3" />
                      <test-case name="StoryTeller.Testing.Engine.CreateObjectGrammarTester.happy_path_does_not_increment_the_counts" executed="True" success="True" time="0.002" asserts="4" />
                      <test-case name="StoryTeller.Testing.Engine.CreateObjectGrammarTester.uses_the_default_value_when_the_step_value_is_undefined" executed="True" success="True" time="0.002" asserts="3" />
                    </results>
                  </test-suite>
                  <test-suite name="creating_policies_for_fixtures" success="True" time="0.114" asserts="0">
                    <results>
                      <test-case name="StoryTeller.Testing.Engine.creating_policies_for_fixtures.fixture_graph_should_have_the_policies_from_the_original_fixture" executed="True" success="True" time="0.107" asserts="4" />
                      <test-case name="StoryTeller.Testing.Engine.creating_policies_for_fixtures.load_a_fixture_with_fixture_level_tags" executed="True" success="True" time="0.004" asserts="5" />
                      <test-case name="StoryTeller.Testing.Engine.creating_policies_for_fixtures.load_a_fixture_with_grammar_level_tags" executed="True" success="True" time="0.002" asserts="10" />
                    </results>
                  </test-suite>
                  <test-suite name="DecoratedLineGrammarTester" success="True" time="0.006" asserts="0">
                    <results>
                      <test-case name="StoryTeller.Testing.Engine.DecoratedLineGrammarTester.executing_the_grammar_runs_the_before_then_the_inner_grammar_then_the_after" executed="True" success="True" time="0.005" asserts="4" />
                      <test-case name="StoryTeller.Testing.Engine.DecoratedLineGrammarTester.the_template_should_contain_the_prefix_and_suffix_and_the_inner_template" executed="True" success="True" time="0.001" asserts="1" />
                    </results>
                  </test-suite>
                  <test-suite name="default_values" success="True" time="0.001" asserts="0">
                    <results>
                      <test-case name="StoryTeller.Testing.Engine.default_values.the_default_style_should_be_embed" executed="True" success="True" time="0.001" asserts="1" />
                    </results>
                  </test-suite>
                  <test-suite name="DoGrammarTester" success="True" time="0.003" asserts="0">
                    <results>
                      <test-case name="StoryTeller.Testing.Engine.DoGrammarTester.calls_the_action_upon_execute" executed="True" success="True" time="0.002" asserts="1" />
                      <test-case name="StoryTeller.Testing.Engine.DoGrammarTester.creates_a_dogrammar_structure" executed="True" success="True" time="0.001" asserts="2" />
                    </results>
                  </test-suite>
                  <test-suite name="EmbeddedSectionGrammarTester" success="True" time="0.076" asserts="0">
                    <results>
                      <test-case name="StoryTeller.Testing.Engine.EmbeddedSectionGrammarTester.create_an_embeddedSection_grammar_structure" executed="True" success="True" time="0.006" asserts="3" />
                      <test-case name="StoryTeller.Testing.Engine.EmbeddedSectionGrammarTester.execute_runs_the_before_step" executed="True" success="True" time="0.003" asserts="2" />
                      <test-case name="StoryTeller.Testing.Engine.EmbeddedSectionGrammarTester.execute_runs_the_child_steps_within_the_fixture" executed="True" success="True" time="0.046" asserts="0" />
                      <test-case name="StoryTeller.Testing.Engine.EmbeddedSectionGrammarTester.execute_when_the_fixture_setup_fails_should_log_the_exception" executed="True" success="True" time="0.010" asserts="1" />
                      <test-case name="StoryTeller.Testing.Engine.EmbeddedSectionGrammarTester.execute_when_the_fixture_teardown_fails_should_log_the_exception" executed="True" success="True" time="0.006" asserts="2" />
                      <test-case name="StoryTeller.Testing.Engine.EmbeddedSectionGrammarTester.should_copy_the_style_from_the_grammar" executed="True" success="True" time="0.001" asserts="3" />
                      <test-case name="StoryTeller.Testing.Engine.EmbeddedSectionGrammarTester.the_child_step_name_is_the_fixture_alias" executed="True" success="True" time="0.000" asserts="1" />
                      <test-case name="StoryTeller.Testing.Engine.EmbeddedSectionGrammarTester.the_label_is_the_fixture_alias_by_default" executed="True" success="True" time="0.000" asserts="1" />
                    </results>
                  </test-suite>
                  <test-suite name="EmbeddedSectionsTester" success="True" time="0.692" asserts="0">
                    <results>
                      <test-case name="StoryTeller.Testing.Engine.EmbeddedSectionsTester.run_test" executed="True" success="True" time="0.611" asserts="1" />
                      <test-case name="StoryTeller.Testing.Engine.EmbeddedSectionsTester.smoke_test_writing_preview" executed="True" success="True" time="0.039" asserts="1" />
                      <test-case name="StoryTeller.Testing.Engine.EmbeddedSectionsTester.smoke_test_writing_the_results" executed="True" success="True" time="0.041" asserts="1" />
                    </results>
                  </test-suite>
                  <test-suite name="EquivalenceCheckerTester" success="True" time="0.007" asserts="0">
                    <results>
                      <test-case name="StoryTeller.Testing.Engine.EquivalenceCheckerTester.arrays_are_checked_independently_of_order" executed="True" success="True" time="0.003" asserts="3" />
                      <test-case name="StoryTeller.Testing.Engine.EquivalenceCheckerTester.check_a_string" executed="True" success="True" time="0.001" asserts="2" />
                      <test-case name="StoryTeller.Testing.Engine.EquivalenceCheckerTester.expected_is_null" executed="True" success="True" time="0.000" asserts="2" />
                      <test-case name="StoryTeller.Testing.Engine.EquivalenceCheckerTester.use_equatable_if_possible" executed="True" success="True" time="0.001" asserts="2" />
                    </results>
                  </test-suite>
                  <test-suite name="FactGrammarTester" success="True" time="0.006" asserts="0">
                    <results>
                      <test-case name="StoryTeller.Testing.Engine.FactGrammarTester.run_when_the_fact_is_false" executed="True" success="True" time="0.004" asserts="1" />
                      <test-case name="StoryTeller.Testing.Engine.FactGrammarTester.run_when_the_fact_is_true" executed="True" success="True" time="0.001" asserts="1" />
                    </results>
                  </test-suite>
                  <test-suite name="FixtureRegistryTester" success="True" time="0.068" asserts="0">
                    <results>
                      <test-case name="StoryTeller.Testing.Engine.FixtureRegistryTester.add_all_fixtures_from_specified_assembly" executed="True" success="True" time="0.014" asserts="2" />
                      <test-case name="StoryTeller.Testing.Engine.FixtureRegistryTester.add_all_fixtures_from_this_assembly" executed="True" success="True" time="0.014" asserts="2" />
                      <test-case name="StoryTeller.Testing.Engine.FixtureRegistryTester.add_fixture_directly" executed="True" success="True" time="0.003" asserts="2" />
                      <test-case name="StoryTeller.Testing.Engine.FixtureRegistryTester.adds_all_the_startup_actions_from_the_requested_assembly" executed="True" success="True" time="0.033" asserts="3" />
                      <test-case name="StoryTeller.Testing.Engine.FixtureRegistryTester.set_up_a_test_context_and_activate_a_fixture_by_alias" executed="True" success="True" time="0.003" asserts="4" />
                    </results>
                  </test-suite>
                  <test-suite name="FixtureTester" success="True" time="0.022" asserts="0">
                    <results>
                      <test-case name="StoryTeller.Testing.Engine.FixtureTester.add_a_named_grammar" executed="True" success="True" time="0.018" asserts="1" />
                      <test-case name="StoryTeller.Testing.Engine.FixtureTester.adding_a_composite_grammar_programmatically" executed="True" success="True" time="0.001" asserts="3" />
                      <test-case name="StoryTeller.Testing.Engine.FixtureTester.has_a_constraint_model" executed="True" success="True" time="0.001" asserts="2" />
                      <test-case name="StoryTeller.Testing.Engine.FixtureTester.loading_a_fixture_that_is_marked_as_Hidden_sets_the_constraint_to_private" executed="True" success="True" time="0.000" asserts="1" />
                      <test-case name="StoryTeller.Testing.Engine.FixtureTester.loading_a_fixture_that_is_not_marked_as_hidden_should_not_be_private" executed="True" success="True" time="0.000" asserts="1" />
                    </results>
                  </test-suite>
                  <test-suite name="FrameTester" success="True" time="0.004" asserts="0">
                    <results>
                      <test-case name="StoryTeller.Testing.Engine.FrameTester.collapse_is_idempotent" executed="True" success="True" time="0.001" asserts="1" />
                      <test-case name="StoryTeller.Testing.Engine.FrameTester.collapse_with_a_hierarchy" executed="True" success="True" time="0.001" asserts="3" />
                      <test-case name="StoryTeller.Testing.Engine.FrameTester.collapse_with_a_single_child_brings_in_the_exception_text_and_removes_the_child" executed="True" success="True" time="0.000" asserts="2" />
                      <test-case name="StoryTeller.Testing.Engine.FrameTester.collapse_with_no_child_does_nothing_and_does_not_blow_up" executed="True" success="True" time="0.000" asserts="0" />
                    </results>
                  </test-suite>
                  <test-suite name="GrammarBuilderTester" success="True" time="0.022" asserts="0">
                    <results>
                      <test-case name="StoryTeller.Testing.Engine.GrammarBuilderTester.build_a_grammar_for_a_bool_method" executed="True" success="True" time="0.004" asserts="2" />
                      <test-case name="StoryTeller.Testing.Engine.GrammarBuilderTester.build_a_grammar_for_a_method_that_returns_a_grammar" executed="True" success="True" time="0.001" asserts="2" />
                      <test-case name="StoryTeller.Testing.Engine.GrammarBuilderTester.build_a_grammar_for_a_method_that_returns_a_primitive" executed="True" success="True" time="0.008" asserts="2" />
                      <test-case name="StoryTeller.Testing.Engine.GrammarBuilderTester.build_a_grammar_for_a_void_method" executed="True" success="True" time="0.002" asserts="2" />
                      <test-case name="StoryTeller.Testing.Engine.GrammarBuilderTester.get_the_name_using_convention_if_the_alias_as_attribute_does_not_exist" executed="True" success="True" time="0.001" asserts="1" />
                      <test-case name="StoryTeller.Testing.Engine.GrammarBuilderTester.get_the_name_using_the_alias_attribute_if_it_exists" executed="True" success="True" time="0.000" asserts="1" />
                      <test-case name="StoryTeller.Testing.Engine.GrammarBuilderTester.has_the_aliased_method" executed="True" success="True" time="0.001" asserts="2" />
                      <test-case name="StoryTeller.Testing.Engine.GrammarBuilderTester.has_the_correct_number_of_grammars" executed="True" success="True" time="0.001" asserts="1" />
                      <test-case name="StoryTeller.Testing.Engine.GrammarBuilderTester.has_the_method_built_grammar" executed="True" success="True" time="0.001" asserts="2" />
                    </results>
                  </test-suite>
                  <test-suite name="HtmlWriterTester" success="True" time="1.051" asserts="0">
                    <results>
                      <test-case name="StoryTeller.Testing.Engine.HtmlWriterTester.give_it_a_whirl" executed="True" success="True" time="0.007" asserts="0" />
                      <test-case name="StoryTeller.Testing.Engine.HtmlWriterTester.try_to_write_table" executed="True" success="True" time="1.043" asserts="0" />
                    </results>
                  </test-suite>
                  <test-suite name="LibraryBuilderTester" success="True" time="0.020" asserts="0">
                    <results>
                      <test-case name="StoryTeller.Testing.Engine.LibraryBuilderTester.read_a_fixture_failure" executed="True" success="True" time="0.006" asserts="3" />
                      <test-case name="StoryTeller.Testing.Engine.LibraryBuilderTester.read_a_fixture_will_record_the_Title_of_the_fixture_if_it_is_explicitly_set" executed="True" success="True" time="0.002" asserts="1" />
                      <test-case name="StoryTeller.Testing.Engine.LibraryBuilderTester.read_a_fixture_will_use_the_fixture_name_for_the_title_if_the_fixture_title_is_empty" executed="True" success="True" time="0.001" asserts="1" />
                      <test-case name="StoryTeller.Testing.Engine.LibraryBuilderTester.read_a_fixture_with_grammar_errors" executed="True" success="True" time="0.005" asserts="4" />
                      <test-case name="StoryTeller.Testing.Engine.LibraryBuilderTester.reading_a_fixture_failure_will_send_a_reading_fixture_message" executed="True" success="True" time="0.003" asserts="0" />
                      <test-case name="StoryTeller.Testing.Engine.LibraryBuilderTester.reading_a_fixture_will_send_a_message_to_the_observer" executed="True" success="True" time="0.002" asserts="0" />
                    </results>
                  </test-suite>
                  <test-suite name="ObjectFinderTester" success="True" time="0.132" asserts="0">
                    <results>
                      <test-case name="StoryTeller.Testing.Engine.ObjectFinderTester.a_guid" executed="True" success="True" time="0.004" asserts="4" />
                      <test-case name="StoryTeller.Testing.Engine.ObjectFinderTester.array_of_non_simple_type_that_does_not_have_a_finder_cannot_be_parsed" executed="True" success="True" time="0.001" asserts="1" />
                      <test-case name="StoryTeller.Testing.Engine.ObjectFinderTester.array_of_non_simple_type_that_has_a_finder_can_be_parsed" executed="True" success="True" time="0.003" asserts="1" />
                      <test-case name="StoryTeller.Testing.Engine.ObjectFinderTester.datetimes_can_be_parsed" executed="True" success="True" time="0.001" asserts="2" />
                      <test-case name="StoryTeller.Testing.Engine.ObjectFinderTester.enumerable_of_non_simple_type_that_does_not_have_a_finder_cannot_be_parsed" executed="True" success="True" time="0.001" asserts="1" />
                      <test-case name="StoryTeller.Testing.Engine.ObjectFinderTester.enumerable_of_non_simple_type_that_has_a_finder_can_be_parsed" executed="True" success="True" time="0.002" asserts="1" />
                      <test-case name="StoryTeller.Testing.Engine.ObjectFinderTester.enumerable_of_non_simple_type_that_has_a_finder_can_be_resolved" executed="True" success="True" time="0.006" asserts="7" />
                      <test-case name="StoryTeller.Testing.Engine.ObjectFinderTester.enumeration_can_be_parsed" executed="True" success="True" time="0.001" asserts="2" />
                      <test-case name="StoryTeller.Testing.Engine.ObjectFinderTester.get_date_time_for_day_and_time" executed="True" success="True" time="0.003" asserts="3" />
                      <test-case name="StoryTeller.Testing.Engine.ObjectFinderTester.get_date_time_for_day_and_time_2" executed="True" success="True" time="0.001" asserts="3" />
                      <test-case name="StoryTeller.Testing.Engine.ObjectFinderTester.get_date_time_for_day_and_time_3" executed="True" success="True" time="0.002" asserts="3" />
                      <test-case name="StoryTeller.Testing.Engine.ObjectFinderTester.get_date_time_from_24_hour_time" executed="True" success="True" time="0.001" asserts="1" />
                      <test-case name="StoryTeller.Testing.Engine.ObjectFinderTester.get_EMPTY_as_an_empty_array" executed="True" success="True" time="0.001" asserts="6" />
                      <test-case name="StoryTeller.Testing.Engine.ObjectFinderTester.get_enumeration_value" executed="True" success="True" time="0.003" asserts="1" />
                      <test-case name="StoryTeller.Testing.Engine.ObjectFinderTester.get_nullable_enumeration_value" executed="True" success="True" time="0.002" asserts="2" />
                      <test-case name="StoryTeller.Testing.Engine.ObjectFinderTester.get_string_array" executed="True" success="True" time="0.003" asserts="1" />
                      <test-case name="StoryTeller.Testing.Engine.ObjectFinderTester.get_string_enumerable" executed="True" success="True" time="0.002" asserts="7" />
                      <test-case name="StoryTeller.Testing.Engine.ObjectFinderTester.non_simple_type_that_does_not_have_a_finder_cannot_be_parsed" executed="True" success="True" time="0.001" asserts="1" />
                      <test-case name="StoryTeller.Testing.Engine.ObjectFinderTester.non_simple_type_that_has_a_finder_can_be_parsed" executed="True" success="True" time="0.002" asserts="1" />
                      <test-case name="StoryTeller.Testing.Engine.ObjectFinderTester.nullable_enumeration_can_be_parsed" executed="True" success="True" time="0.001" asserts="1" />
                      <test-case name="StoryTeller.Testing.Engine.ObjectFinderTester.nullables_can_be_parsed" executed="True" success="True" time="0.001" asserts="3" />
                      <test-case name="StoryTeller.Testing.Engine.ObjectFinderTester.parse_a_boolean" executed="True" success="True" time="0.002" asserts="4" />
                      <test-case name="StoryTeller.Testing.Engine.ObjectFinderTester.parse_a_nullable_boolean" executed="True" success="True" time="0.002" asserts="5" />
                      <test-case name="StoryTeller.Testing.Engine.ObjectFinderTester.parse_a_number" executed="True" success="True" time="0.001" asserts="3" />
                      <test-case name="StoryTeller.Testing.Engine.ObjectFinderTester.parse_a_string" executed="True" success="True" time="0.001" asserts="3" />
                      <test-case name="StoryTeller.Testing.Engine.ObjectFinderTester.parse_date" executed="True" success="True" time="0.001" asserts="1" />
                      <test-case name="StoryTeller.Testing.Engine.ObjectFinderTester.parse_nullable_date" executed="True" success="True" time="0.001" asserts="1" />
                      <test-case name="StoryTeller.Testing.Engine.ObjectFinderTester.parse_timespan_as_days" executed="True" success="True" time="0.017" asserts="1" />
                      <test-case name="StoryTeller.Testing.Engine.ObjectFinderTester.parse_timespan_as_hours" executed="True" success="True" time="0.002" asserts="1" />
                      <test-case name="StoryTeller.Testing.Engine.ObjectFinderTester.parse_timespan_as_minutes" executed="True" success="True" time="0.001" asserts="1" />
                      <test-case name="StoryTeller.Testing.Engine.ObjectFinderTester.parse_timespan_as_seconds" executed="True" success="True" time="0.001" asserts="1" />
                      <test-case name="StoryTeller.Testing.Engine.ObjectFinderTester.parse_timespan_in_dotnet_format" executed="True" success="True" time="0.001" asserts="1" />
                      <test-case name="StoryTeller.Testing.Engine.ObjectFinderTester.parse_timespan_with_unrecognized_units" executed="True" success="True" time="0.002" asserts="1" />
                      <test-case name="StoryTeller.Testing.Engine.ObjectFinderTester.parse_today" executed="True" success="True" time="0.001" asserts="1" />
                      <test-case name="StoryTeller.Testing.Engine.ObjectFinderTester.parse_today_minus_date" executed="True" success="True" time="0.001" asserts="1" />
                      <test-case name="StoryTeller.Testing.Engine.ObjectFinderTester.parse_today_plus_date" executed="True" success="True" time="0.002" asserts="1" />
                      <test-case name="StoryTeller.Testing.Engine.ObjectFinderTester.parsing_a_nullable_should_use_the_finder_for_the_inner_type" executed="True" success="True" time="0.005" asserts="4" />
                      <test-case name="StoryTeller.Testing.Engine.ObjectFinderTester.primitive_array_can_be_parsed" executed="True" success="True" time="0.001" asserts="3" />
                      <test-case name="StoryTeller.Testing.Engine.ObjectFinderTester.primitives_can_be_parsed" executed="True" success="True" time="0.001" asserts="3" />
                      <test-case name="StoryTeller.Testing.Engine.ObjectFinderTester.register_and_retrieve_from_a_custom_finder_method" executed="True" success="True" time="0.003" asserts="1" />
                      <test-case name="StoryTeller.Testing.Engine.ObjectFinderTester.register_and_retrieve_from_a_custom_finder_method_as_array" executed="True" success="True" time="0.003" asserts="1" />
                      <test-case name="StoryTeller.Testing.Engine.ObjectFinderTester.testcontext_can_not_be_parsed" executed="True" success="True" time="0.001" asserts="1" />
                    </results>
                  </test-suite>
                  <test-suite name="Reflection" success="True" time="0.018" asserts="0">
                    <results>
                      <test-suite name="MethodExtensionsTester" success="True" time="0.018" asserts="0">
                        <results>
                          <test-case name="StoryTeller.Testing.Engine.Reflection.MethodExtensionsTester.argument_cells_are_not_a_result" executed="True" success="True" time="0.002" asserts="2" />
                          <test-case name="StoryTeller.Testing.Engine.Reflection.MethodExtensionsTester.get_template_for_a_method_that_returns_a_value_and_an_exception" executed="True" success="True" time="0.001" asserts="1" />
                          <test-case name="StoryTeller.Testing.Engine.Reflection.MethodExtensionsTester.get_template_for_a_method_with_a_return_value_and_no_attribute" executed="True" success="True" time="0.001" asserts="1" />
                          <test-case name="StoryTeller.Testing.Engine.Reflection.MethodExtensionsTester.get_template_for_a_method_with_a_return_value_and_no_attribute_for_the_format_but_an_attribute_for_the_return_value" executed="True" success="True" time="0.001" asserts="1" />
                          <test-case name="StoryTeller.Testing.Engine.Reflection.MethodExtensionsTester.get_template_for_the_method_if_attribute_is_found" executed="True" success="True" time="0.001" asserts="1" />
                          <test-case name="StoryTeller.Testing.Engine.Reflection.MethodExtensionsTester.get_template_for_the_method_if_no_attribute_is_found" executed="True" success="True" time="0.001" asserts="1" />
                          <test-case name="StoryTeller.Testing.Engine.Reflection.MethodExtensionsTester.get_the_argument_cells_for_a_method" executed="True" success="True" time="0.003" asserts="0" />
                          <test-case name="StoryTeller.Testing.Engine.Reflection.MethodExtensionsTester.get_the_argument_cells_for_a_method_that_has_a_non_primitive" executed="True" success="True" time="0.002" asserts="0" />
                          <test-case name="StoryTeller.Testing.Engine.Reflection.MethodExtensionsTester.get_the_return_cell_with_a_return_alias" executed="True" success="True" time="0.001" asserts="1" />
                          <test-case name="StoryTeller.Testing.Engine.Reflection.MethodExtensionsTester.get_the_return_cell_without_a_return_alias" executed="True" success="True" time="0.001" asserts="1" />
                          <test-case name="StoryTeller.Testing.Engine.Reflection.MethodExtensionsTester.get_the_return_value_name" executed="True" success="True" time="0.002" asserts="2" />
                          <test-case name="StoryTeller.Testing.Engine.Reflection.MethodExtensionsTester.the_return_cell_is_a_result_cell" executed="True" success="True" time="0.001" asserts="1" />
                        </results>
                      </test-suite>
                    </results>
                  </test-suite>
                  <test-suite name="ReflectionActionTester" success="True" time="0.028" asserts="0">
                    <results>
                      <test-case name="StoryTeller.Testing.Engine.ReflectionActionTester.creates_grammar_structure" executed="True" success="True" time="0.004" asserts="3" />
                      <test-case name="StoryTeller.Testing.Engine.ReflectionActionTester.execute_the_void_action_and_missing_an_argument" executed="True" success="True" time="0.003" asserts="1" />
                      <test-case name="StoryTeller.Testing.Engine.ReflectionActionTester.execute_the_void_action_that_would_catch_an_exception" executed="True" success="True" time="0.004" asserts="2" />
                      <test-case name="StoryTeller.Testing.Engine.ReflectionActionTester.execute_the_void_action_with_a_parse_error" executed="True" success="True" time="0.005" asserts="0" />
                      <test-case name="StoryTeller.Testing.Engine.ReflectionActionTester.execute_the_void_action_with_all_the_arguments" executed="True" success="True" time="0.003" asserts="2" />
                      <test-case name="StoryTeller.Testing.Engine.ReflectionActionTester.executing_with_an_exception_in_the_target_method_increments_the_exception_count" executed="True" success="True" time="0.002" asserts="1" />
                      <test-case name="StoryTeller.Testing.Engine.ReflectionActionTester.get_template_for_the_method_if_attribute_is_found" executed="True" success="True" time="0.002" asserts="1" />
                      <test-case name="StoryTeller.Testing.Engine.ReflectionActionTester.get_template_for_the_method_if_no_attribute_is_found" executed="True" success="True" time="0.001" asserts="1" />
                      <test-case name="StoryTeller.Testing.Engine.ReflectionActionTester.ignores_Testcontext_and_non_simple_types_when_building_a_grammar_structure" executed="True" success="True" time="0.002" asserts="3" />
                    </results>
                  </test-suite>
                  <test-suite name="ReflectionAssertionTester" success="True" time="0.020" asserts="0">
                    <results>
                      <test-case name="StoryTeller.Testing.Engine.ReflectionAssertionTester.cannot_make_an_assertion_out_of_a_method_that_does_not_return_bool" executed="True" success="True" time="0.006" asserts="0" />
                      <test-case name="StoryTeller.Testing.Engine.ReflectionAssertionTester.execute_successfully" executed="True" success="True" time="0.005" asserts="3" />
                      <test-case name="StoryTeller.Testing.Engine.ReflectionAssertionTester.execute_with_exception" executed="True" success="True" time="0.003" asserts="4" />
                      <test-case name="StoryTeller.Testing.Engine.ReflectionAssertionTester.execute_with_false" executed="True" success="True" time="0.003" asserts="3" />
                      <test-case name="StoryTeller.Testing.Engine.ReflectionAssertionTester.get_the_cells" executed="True" success="True" time="0.002" asserts="0" />
                    </results>
                  </test-suite>
                  <test-suite name="ReflectionValueCheckTester" success="True" time="0.011" asserts="0">
                    <results>
                      <test-case name="StoryTeller.Testing.Engine.ReflectionValueCheckTester.create_a_grammar_structure" executed="True" success="True" time="0.002" asserts="3" />
                      <test-case name="StoryTeller.Testing.Engine.ReflectionValueCheckTester.execute_the_method_with_a_step_and_store_the_actual" executed="True" success="True" time="0.004" asserts="1" />
                      <test-case name="StoryTeller.Testing.Engine.ReflectionValueCheckTester.marks_the_testdata_with_right_if_the_actual_matches_the_expected" executed="True" success="True" time="0.002" asserts="1" />
                      <test-case name="StoryTeller.Testing.Engine.ReflectionValueCheckTester.marks_the_testdata_with_wrong_if_the_actual_is_wrong" executed="True" success="True" time="0.002" asserts="1" />
                    </results>
                  </test-suite>
                  <test-suite name="SectionTester" success="True" time="0.073" asserts="0">
                    <results>
                      <test-case name="StoryTeller.Testing.Engine.SectionTester.accept_visitor_calls_into_steps_as_well" executed="True" success="True" time="0.037" asserts="0" />
                      <test-case name="StoryTeller.Testing.Engine.SectionTester.accept_visitor_calls_the_right_method" executed="True" success="True" time="0.001" asserts="0" />
                      <test-case name="StoryTeller.Testing.Engine.SectionTester.add_comment" executed="True" success="True" time="0.001" asserts="4" />
                      <test-case name="StoryTeller.Testing.Engine.SectionTester.GetName_is_the_Label_if_it_exists" executed="True" success="True" time="0.001" asserts="1" />
                      <test-case name="StoryTeller.Testing.Engine.SectionTester.GetName_uses_the_fixture_name_if_it_exists" executed="True" success="True" time="0.001" asserts="1" />
                      <test-case name="StoryTeller.Testing.Engine.SectionTester.GetName_uses_the_name_property_from_the_fixture_object" executed="True" success="True" time="0.000" asserts="1" />
                      <test-case name="StoryTeller.Testing.Engine.SectionTester.section_starts_the_new_fixture" executed="True" success="True" time="0.027" asserts="0" />
                      <test-case name="StoryTeller.Testing.Engine.SectionTester.section_starts_the_new_fixture_on_execute_by_key" executed="True" success="True" time="0.002" asserts="0" />
                    </results>
                  </test-suite>
                  <test-suite name="SelectionListTester" success="True" time="0.008" asserts="0">
                    <results>
                      <test-case name="StoryTeller.Testing.Engine.SelectionListTester.read_explicit_selection_values_on_return_value" executed="True" success="True" time="0.002" asserts="7" />
                      <test-case name="StoryTeller.Testing.Engine.SelectionListTester.read_on_sentence_by_explicit_list" executed="True" success="True" time="0.001" asserts="7" />
                      <test-case name="StoryTeller.Testing.Engine.SelectionListTester.read_on_sentence_by_key" executed="True" success="True" time="0.001" asserts="8" />
                      <test-case name="StoryTeller.Testing.Engine.SelectionListTester.read_on_table" executed="True" success="True" time="0.001" asserts="7" />
                      <test-case name="StoryTeller.Testing.Engine.SelectionListTester.read_values_on_return_value_by_key" executed="True" success="True" time="0.001" asserts="8" />
                    </results>
                  </test-suite>
                  <test-suite name="SelectionValueAttributeTester" success="True" time="0.003" asserts="0">
                    <results>
                      <test-case name="StoryTeller.Testing.Engine.SelectionValueAttributeTester.set_the_list_value_when_the_attribute_has_the_values_set_explicitly" executed="True" success="True" time="0.001" asserts="5" />
                      <test-case name="StoryTeller.Testing.Engine.SelectionValueAttributeTester.set_the_list_value_when_the_attribute_only_has_the_key_value" executed="True" success="True" time="0.000" asserts="6" />
                    </results>
                  </test-suite>
                  <test-suite name="ServiceActionGrammarTester" success="True" time="0.064" asserts="0">
                    <results>
                      <test-case name="StoryTeller.Testing.Engine.ServiceActionGrammarTester.create_a_grammar_structure" executed="True" success="True" time="0.002" asserts="3" />
                      <test-case name="StoryTeller.Testing.Engine.ServiceActionGrammarTester.execute_picks_up_the_correct_cell" executed="True" success="True" time="0.034" asserts="0" />
                      <test-case name="StoryTeller.Testing.Engine.ServiceActionGrammarTester.GetCells" executed="True" success="True" time="0.000" asserts="2" />
                      <test-case name="StoryTeller.Testing.Engine.ServiceActionGrammarTester.run_from_fixture_expression_with_an_input" executed="True" success="True" time="0.006" asserts="2" />
                      <test-case name="StoryTeller.Testing.Engine.ServiceActionGrammarTester.run_from_fixture_expression_with_an_input_that_uses_the_test_context" executed="True" success="True" time="0.007" asserts="1" />
                      <test-case name="StoryTeller.Testing.Engine.ServiceActionGrammarTester.run_from_fixture_expression_with_an_input_that_uses_the_test_context_2" executed="True" success="True" time="0.006" asserts="1" />
                      <test-case name="StoryTeller.Testing.Engine.ServiceActionGrammarTester.run_from_the_fixture_expression_with_no_inputs" executed="True" success="True" time="0.004" asserts="2" />
                    </results>
                  </test-suite>
                  <test-suite name="ServiceAssertionGrammarTester" success="True" time="0.009" asserts="0">
                    <results>
                      <test-case name="StoryTeller.Testing.Engine.ServiceAssertionGrammarTester.create_a_grammar_structure" executed="True" success="True" time="0.002" asserts="3" />
                      <test-case name="StoryTeller.Testing.Engine.ServiceAssertionGrammarTester.execute_records_the_actual" executed="True" success="True" time="0.004" asserts="2" />
                      <test-case name="StoryTeller.Testing.Engine.ServiceAssertionGrammarTester.GetCells" executed="True" success="True" time="0.001" asserts="3" />
                    </results>
                  </test-suite>
                  <test-suite name="SetPropertyGrammarTester" success="True" time="0.014" asserts="0">
                    <results>
                      <test-case name="StoryTeller.Testing.Engine.SetPropertyGrammarTester.create_a_grammar_structure" executed="True" success="True" time="0.002" asserts="3" />
                      <test-case name="StoryTeller.Testing.Engine.SetPropertyGrammarTester.sets_a_numeric_property_happy_path" executed="True" success="True" time="0.002" asserts="1" />
                      <test-case name="StoryTeller.Testing.Engine.SetPropertyGrammarTester.sets_a_numeric_property_happy_path_with_a_default_value" executed="True" success="True" time="0.002" asserts="1" />
                      <test-case name="StoryTeller.Testing.Engine.SetPropertyGrammarTester.sets_a_simple_property_happy_path" executed="True" success="True" time="0.001" asserts="1" />
                      <test-case name="StoryTeller.Testing.Engine.SetPropertyGrammarTester.try_to_set_property_when_the_current_object_is_missing" executed="True" success="True" time="0.003" asserts="1" />
                    </results>
                  </test-suite>
                  <test-suite name="Sets" success="True" time="0.833" asserts="0">
                    <results>
                      <test-suite name="can_compare_nulls_and_blanks" success="True" time="0.036" asserts="0">
                        <results>
                          <test-case name="StoryTeller.Testing.Engine.Sets.can_compare_nulls_and_blanks.should_have_succeeded" executed="True" success="True" time="0.031" asserts="1" />
                          <test-case name="StoryTeller.Testing.Engine.Sets.can_compare_nulls_and_blanks.the_results_should_completely_match" executed="True" success="True" time="0.004" asserts="1" />
                        </results>
                      </test-suite>
                      <test-suite name="DataColumnMatchTester" success="True" time="0.138" asserts="0">
                        <results>
                          <test-case name="StoryTeller.Testing.Engine.Sets.DataColumnMatchTester.get_cell" executed="True" success="True" time="0.125" asserts="4" />
                          <test-case name="StoryTeller.Testing.Engine.Sets.DataColumnMatchTester.read_step_successfully_if_it_exists_and_is_formatted_correctly" executed="True" success="True" time="0.003" asserts="6" />
                          <test-case name="StoryTeller.Testing.Engine.Sets.DataColumnMatchTester.read_the_actual_values" executed="True" success="True" time="0.008" asserts="6" />
                        </results>
                      </test-suite>
                      <test-suite name="DataRowSetTesting" success="True" time="0.159" asserts="0">
                        <results>
                          <test-case name="StoryTeller.Testing.Engine.Sets.DataRowSetTesting.run_a_test_with_a_fixture_defined_with_a_grammar_that_does_not_have_before_steps_that_does_not_match" executed="True" success="True" time="0.050" asserts="1" />
                          <test-case name="StoryTeller.Testing.Engine.Sets.DataRowSetTesting.run_a_test_with_a_fixture_defined_with_a_grammar_that_does_not_have_before_steps_that_does_not_match_2" executed="True" success="True" time="0.035" asserts="1" />
                          <test-case name="StoryTeller.Testing.Engine.Sets.DataRowSetTesting.run_a_test_with_a_fixture_defined_with_a_grammar_that_has_before_steps" executed="True" success="True" time="0.033" asserts="1" />
                          <test-case name="StoryTeller.Testing.Engine.Sets.DataRowSetTesting.run_a_test_with_a_fixture_defined_with_a_grammar_that_has_before_steps_that_does_not_match" executed="True" success="True" time="0.041" asserts="1" />
                        </results>
                      </test-suite>
                      <test-suite name="ObjectComparerTester" success="True" time="0.003" asserts="0">
                        <results>
                          <test-case name="StoryTeller.Testing.Engine.Sets.ObjectComparerTester.get_cells_has_a_cell_for_each_property" executed="True" success="True" time="0.002" asserts="0" />
                        </results>
                      </test-suite>
                      <test-suite name="PropertyMatchTester" success="True" time="0.012" asserts="0">
                        <results>
                          <test-case name="StoryTeller.Testing.Engine.Sets.PropertyMatchTester.builds_the_correct_cell" executed="True" success="True" time="0.001" asserts="1" />
                          <test-case name="StoryTeller.Testing.Engine.Sets.PropertyMatchTester.read_correctly_formatted_step_value" executed="True" success="True" time="0.006" asserts="1" />
                          <test-case name="StoryTeller.Testing.Engine.Sets.PropertyMatchTester.read_incorrectly_formatted_step_value_increments_syntax_error" executed="True" success="True" time="0.002" asserts="1" />
                          <test-case name="StoryTeller.Testing.Engine.Sets.PropertyMatchTester.reads_actual_off_the_target_object" executed="True" success="True" time="0.001" asserts="1" />
                        </results>
                      </test-suite>
                      <test-suite name="SetRowTester" success="True" time="0.019" asserts="0">
                        <results>
                          <test-case name="StoryTeller.Testing.Engine.Sets.SetRowTester.matches_is_false_for_two_properties" executed="True" success="True" time="0.002" asserts="1" />
                          <test-case name="StoryTeller.Testing.Engine.Sets.SetRowTester.matches_is_false_when_a_property_is_missing_in_the_expected" executed="True" success="True" time="0.001" asserts="1" />
                          <test-case name="StoryTeller.Testing.Engine.Sets.SetRowTester.matches_is_false_when_the_matcher_has_overriden_the_comparison_mechanism" executed="True" success="True" time="0.003" asserts="1" />
                          <test-case name="StoryTeller.Testing.Engine.Sets.SetRowTester.matches_is_true_when_the_matcher_has_overriden_comparison_mechanism" executed="True" success="True" time="0.002" asserts="1" />
                          <test-case name="StoryTeller.Testing.Engine.Sets.SetRowTester.matches_is_true_with_two_properties" executed="True" success="True" time="0.002" asserts="1" />
                          <test-case name="StoryTeller.Testing.Engine.Sets.SetRowTester.never_matches_if_there_are_missing_values" executed="True" success="True" time="0.002" asserts="1" />
                        </results>
                      </test-suite>
                      <test-suite name="SetVerificationTesting" success="True" time="0.269" asserts="0">
                        <results>
                          <test-case name="StoryTeller.Testing.Engine.Sets.SetVerificationTesting.run_a_completely_matching_test_1" executed="True" success="True" time="0.037" asserts="1" />
                          <test-case name="StoryTeller.Testing.Engine.Sets.SetVerificationTesting.run_a_completely_matching_test_2" executed="True" success="True" time="0.033" asserts="1" />
                          <test-case name="StoryTeller.Testing.Engine.Sets.SetVerificationTesting.run_a_test_with_a_fixture_defined_with_a_grammar_that_has_before_steps" executed="True" success="True" time="0.035" asserts="1" />
                          <test-case name="StoryTeller.Testing.Engine.Sets.SetVerificationTesting.run_a_test_with_all_matches_but_in_wrong_order" executed="True" success="True" time="0.038" asserts="1" />
                          <test-case name="StoryTeller.Testing.Engine.Sets.SetVerificationTesting.run_a_test_with_matches_and_missing_and_extras" executed="True" success="True" time="0.034" asserts="1" />
                          <test-case name="StoryTeller.Testing.Engine.Sets.SetVerificationTesting.run_a_test_with_one_extra_row" executed="True" success="True" time="0.034" asserts="1" />
                          <test-case name="StoryTeller.Testing.Engine.Sets.SetVerificationTesting.run_a_test_with_one_missing_expected_row" executed="True" success="True" time="0.036" asserts="1" />
                          <test-case name="StoryTeller.Testing.Engine.Sets.SetVerificationTesting.smoke_test_writing_preview" executed="True" success="True" time="0.008" asserts="3" />
                          <test-case name="StoryTeller.Testing.Engine.Sets.SetVerificationTesting.smoke_test_writing_results" executed="True" success="True" time="0.006" asserts="3" />
                          <test-case name="StoryTeller.Testing.Engine.Sets.SetVerificationTesting.the_context_should_not_show_up_in_example" executed="True" success="True" time="0.003" asserts="1" />
                          <test-case name="StoryTeller.Testing.Engine.Sets.SetVerificationTesting.when_writing_the_grammar_structure" executed="True" success="True" time="0.004" asserts="3" />
                        </results>
                      </test-suite>
                      <test-suite name="StringComparerTester" success="True" time="0.105" asserts="0">
                        <results>
                          <test-case name="StoryTeller.Testing.Engine.Sets.StringComparerTester.get_cells_gets_one_cell_with_string_and_step_name_looking_for_expected" executed="True" success="True" time="0.001" asserts="1" />
                          <test-case name="StoryTeller.Testing.Engine.Sets.StringComparerTester.returns_itself_as_the_only_property" executed="True" success="True" time="0.001" asserts="2" />
                          <test-case name="StoryTeller.Testing.Engine.Sets.StringComparerTester.run_integrated_fail_with_extra_data" executed="True" success="True" time="0.034" asserts="1" />
                          <test-case name="StoryTeller.Testing.Engine.Sets.StringComparerTester.run_integrated_fail_with_missing_data" executed="True" success="True" time="0.033" asserts="1" />
                          <test-case name="StoryTeller.Testing.Engine.Sets.StringComparerTester.run_integrated_success" executed="True" success="True" time="0.033" asserts="1" />
                          <test-case name="StoryTeller.Testing.Engine.Sets.StringComparerTester.when_creating_the_actual_row" executed="True" success="True" time="0.000" asserts="1" />
                          <test-case name="StoryTeller.Testing.Engine.Sets.StringComparerTester.when_creating_the_expected_row" executed="True" success="True" time="0.002" asserts="1" />
                        </results>
                      </test-suite>
                      <test-suite name="when_doing_set_verification_with_missing_rows" success="True" time="0.010" asserts="0">
                        <results>
                          <test-case name="StoryTeller.Testing.Engine.Sets.when_doing_set_verification_with_missing_rows.should_be_in_the_order_of_the_expected_set" executed="True" success="True" time="0.005" asserts="5" />
                          <test-case name="StoryTeller.Testing.Engine.Sets.when_doing_set_verification_with_missing_rows.should_have_rows_for_all_the_expected_rows" executed="True" success="True" time="0.001" asserts="1" />
                          <test-case name="StoryTeller.Testing.Engine.Sets.when_doing_set_verification_with_missing_rows.the_missing_rows_should_be_tagged_as_missing" executed="True" success="True" time="0.002" asserts="1" />
                        </results>
                      </test-suite>
                      <test-suite name="when_matching_exactly" success="True" time="0.005" asserts="0">
                        <results>
                          <test-case name="StoryTeller.Testing.Engine.Sets.when_matching_exactly.each_row_in_the_result_should_be_a_match" executed="True" success="True" time="0.002" asserts="3" />
                          <test-case name="StoryTeller.Testing.Engine.Sets.when_matching_exactly.the_count_should_be_exactly_the_same_number_as_expected" executed="True" success="True" time="0.001" asserts="1" />
                          <test-case name="StoryTeller.Testing.Engine.Sets.when_matching_exactly.the_order_of_the_rows_should_be_that_as_the_expected_rows" executed="True" success="True" time="0.002" asserts="3" />
                        </results>
                      </test-suite>
                      <test-suite name="when_the_contents_match_but_out_of_order" success="True" time="0.006" asserts="0">
                        <results>
                          <test-case name="StoryTeller.Testing.Engine.Sets.when_the_contents_match_but_out_of_order.each_row_in_the_result_should_be_a_match" executed="True" success="True" time="0.002" asserts="3" />
                          <test-case name="StoryTeller.Testing.Engine.Sets.when_the_contents_match_but_out_of_order.the_count_should_be_exactly_the_same_number_as_expected" executed="True" success="True" time="0.002" asserts="1" />
                          <test-case name="StoryTeller.Testing.Engine.Sets.when_the_contents_match_but_out_of_order.the_order_of_the_rows_should_be_that_as_the_expected_rows" executed="True" success="True" time="0.002" asserts="3" />
                        </results>
                      </test-suite>
                      <test-suite name="when_the_set_matches_but_the_order_is_wrong" success="True" time="0.010" asserts="0">
                        <results>
                          <test-case name="StoryTeller.Testing.Engine.Sets.when_the_set_matches_but_the_order_is_wrong.one_row_for_each_match_and_each_out_of_order_row" executed="True" success="True" time="0.003" asserts="1" />
                          <test-case name="StoryTeller.Testing.Engine.Sets.when_the_set_matches_but_the_order_is_wrong.should_appear_in_the_actual_order" executed="True" success="True" time="0.004" asserts="3" />
                          <test-case name="StoryTeller.Testing.Engine.Sets.when_the_set_matches_but_the_order_is_wrong.the_out_of_order_rows_should_be_marked" executed="True" success="True" time="0.001" asserts="1" />
                        </results>
                      </test-suite>
                      <test-suite name="when_verifying_a_set_of_data_and_the_function_blows_up_before_it_can_be_called" success="True" time="0.029" asserts="0">
                        <results>
                          <test-case name="StoryTeller.Testing.Engine.Sets.when_verifying_a_set_of_data_and_the_function_blows_up_before_it_can_be_called.all_the_rows_are_wrong_because_they_are_missing" executed="True" success="True" time="0.010" asserts="1" />
                          <test-case name="StoryTeller.Testing.Engine.Sets.when_verifying_a_set_of_data_and_the_function_blows_up_before_it_can_be_called.all_the_steps_should_be_missing" executed="True" success="True" time="0.004" asserts="1" />
                          <test-case name="StoryTeller.Testing.Engine.Sets.when_verifying_a_set_of_data_and_the_function_blows_up_before_it_can_be_called.the_counts_should_show_an_exception" executed="True" success="True" time="0.005" asserts="1" />
                          <test-case name="StoryTeller.Testing.Engine.Sets.when_verifying_a_set_of_data_and_the_function_blows_up_before_it_can_be_called.the_exception_should_be_recorded_at_the_step_level" executed="True" success="True" time="0.006" asserts="1" />
                        </results>
                      </test-suite>
                      <test-suite name="with_extra_and_missing_rows" success="True" time="0.011" asserts="0">
                        <results>
                          <test-case name="StoryTeller.Testing.Engine.Sets.with_extra_and_missing_rows.should_be_a_row_for_each_match_missing_and_extra" executed="True" success="True" time="0.003" asserts="1" />
                          <test-case name="StoryTeller.Testing.Engine.Sets.with_extra_and_missing_rows.should_have_one_extra" executed="True" success="True" time="0.003" asserts="1" />
                          <test-case name="StoryTeller.Testing.Engine.Sets.with_extra_and_missing_rows.should_have_one_missing" executed="True" success="True" time="0.004" asserts="1" />
                        </results>
                      </test-suite>
                      <test-suite name="with_extra_rows" success="True" time="0.003" asserts="0">
                        <results>
                          <test-case name="StoryTeller.Testing.Engine.Sets.with_extra_rows.extra_rows_should_be_in_the_results" executed="True" success="True" time="0.003" asserts="1" />
                        </results>
                      </test-suite>
                    </results>
                  </test-suite>
                  <test-suite name="SimpleGrammarTester" success="True" time="0.003" asserts="0">
                    <results>
                      <test-case name="StoryTeller.Testing.Engine.SimpleGrammarTester.description_does_not_blow_up" executed="True" success="True" time="0.000" asserts="1" />
                      <test-case name="StoryTeller.Testing.Engine.SimpleGrammarTester.executing_should_call_the_inner_grammar_action" executed="True" success="True" time="0.001" asserts="1" />
                      <test-case name="StoryTeller.Testing.Engine.SimpleGrammarTester.the_text_should_be_what_was_supplied_in_the_constructor" executed="True" success="True" time="0.000" asserts="1" />
                    </results>
                  </test-suite>
                  <test-suite name="SimpleTestRunningTester" success="True" time="0.069" asserts="0">
                    <results>
                      <test-case name="StoryTeller.Testing.Engine.SimpleTestRunningTester.got_the_counts" executed="True" success="True" time="0.035" asserts="1" />
                      <test-case name="StoryTeller.Testing.Engine.SimpleTestRunningTester.Smoke_test" executed="True" success="True" time="0.032" asserts="0" />
                    </results>
                  </test-suite>
                  <test-suite name="SingleLineGrammarTester" success="True" time="0.009" asserts="0">
                    <results>
                      <test-case name="StoryTeller.Testing.Engine.SingleLineGrammarTester.creating_a_single_line_grammar_without_a_suitable_method_will_throw_exception" executed="True" success="True" time="0.004" asserts="0" />
                      <test-case name="StoryTeller.Testing.Engine.SingleLineGrammarTester.execute_before_then_the_inner_grammar_then_the_after" executed="True" success="True" time="0.001" asserts="1" />
                      <test-case name="StoryTeller.Testing.Engine.SingleLineGrammarTester.gets_the_inner_cells" executed="True" success="True" time="0.001" asserts="1" />
                    </results>
                  </test-suite>
                  <test-suite name="starting_the_application_only_happens_on_the_first_Test_if_necessary" success="True" time="0.016" asserts="0">
                    <results>
                      <test-case name="StoryTeller.Testing.Engine.starting_the_application_only_happens_on_the_first_Test_if_necessary.setup_environment_should_only_be_called_once" executed="True" success="True" time="0.016" asserts="2" />
                    </results>
                  </test-suite>
                  <test-suite name="StepResultsTester" success="True" time="0.001" asserts="0">
                    <results>
                      <test-case name="StoryTeller.Testing.Engine.StepResultsTester.store_and_retrieve_a_result" executed="True" success="True" time="0.001" asserts="1" />
                    </results>
                  </test-suite>
                  <test-suite name="TableGrammarTester" success="True" time="0.079" asserts="0">
                    <results>
                      <test-case name="StoryTeller.Testing.Engine.TableGrammarTester.create_the_Table" executed="True" success="True" time="0.063" asserts="3" />
                      <test-case name="StoryTeller.Testing.Engine.TableGrammarTester.executing_the_table_grammar_will_execute_the_inner_grammar_for_each_child_row" executed="True" success="True" time="0.016" asserts="0" />
                    </results>
                  </test-suite>
                  <test-suite name="TableGrammarTestRunningTester" success="True" time="0.153" asserts="0">
                    <results>
                      <test-case name="StoryTeller.Testing.Engine.TableGrammarTestRunningTester.run_the_test_and_get_the_counts" executed="True" success="True" time="0.037" asserts="1" />
                      <test-case name="StoryTeller.Testing.Engine.TableGrammarTestRunningTester.run_the_test_and_get_the_counts_with_the_grammar_expressed_in_dsl" executed="True" success="True" time="0.040" asserts="1" />
                      <test-case name="StoryTeller.Testing.Engine.TableGrammarTestRunningTester.smoke_test_the_preview" executed="True" success="True" time="0.036" asserts="1" />
                      <test-case name="StoryTeller.Testing.Engine.TableGrammarTestRunningTester.smoke_test_the_results" executed="True" success="True" time="0.038" asserts="1" />
                    </results>
                  </test-suite>
                  <test-suite name="TestContextTester" success="True" time="0.172" asserts="0">
                    <results>
                      <test-case name="StoryTeller.Testing.Engine.TestContextTester.call_fixture_setup_when_loading_a_fixture" executed="True" success="True" time="0.029" asserts="0" />
                      <test-case name="StoryTeller.Testing.Engine.TestContextTester.calls_listener_end_section" executed="True" success="True" time="0.042" asserts="0" />
                      <test-case name="StoryTeller.Testing.Engine.TestContextTester.calls_listener_start_section" executed="True" success="True" time="0.005" asserts="0" />
                      <test-case name="StoryTeller.Testing.Engine.TestContextTester.catch_all_exception_on_grammar_adds_exception_count_and_exception_text" executed="True" success="True" time="0.011" asserts="2" />
                      <test-case name="StoryTeller.Testing.Engine.TestContextTester.catch_the_storyteller_exception_on_grammar_adds_exception_count_and_exception_message_only" executed="True" success="True" time="0.003" asserts="2" />
                      <test-case name="StoryTeller.Testing.Engine.TestContextTester.context_should_tell_a_fixture_that_it_is_finished_at_the_end" executed="True" success="True" time="0.006" asserts="0" />
                      <test-case name="StoryTeller.Testing.Engine.TestContextTester.ending_a_section_should_tell_the_previous_fixture_to_finish" executed="True" success="True" time="0.002" asserts="0" />
                      <test-case name="StoryTeller.Testing.Engine.TestContextTester.executing_calls_listener_before_and_after" executed="True" success="True" time="0.004" asserts="0" />
                      <test-case name="StoryTeller.Testing.Engine.TestContextTester.get_all_startup_action_types" executed="True" success="True" time="0.004" asserts="5" />
                      <test-case name="StoryTeller.Testing.Engine.TestContextTester.get_startup_type_for_a_name" executed="True" success="True" time="0.003" asserts="2" />
                      <test-case name="StoryTeller.Testing.Engine.TestContextTester.get_string_for_DbNull" executed="True" success="True" time="0.001" asserts="1" />
                      <test-case name="StoryTeller.Testing.Engine.TestContextTester.get_string_for_empty_string" executed="True" success="True" time="0.001" asserts="1" />
                      <test-case name="StoryTeller.Testing.Engine.TestContextTester.get_string_for_null" executed="True" success="True" time="0.002" asserts="1" />
                      <test-case name="StoryTeller.Testing.Engine.TestContextTester.increment_exceptions" executed="True" success="True" time="0.001" asserts="1" />
                      <test-case name="StoryTeller.Testing.Engine.TestContextTester.increment_rights" executed="True" success="True" time="0.001" asserts="1" />
                      <test-case name="StoryTeller.Testing.Engine.TestContextTester.increment_syntax_errors" executed="True" success="True" time="0.001" asserts="1" />
                      <test-case name="StoryTeller.Testing.Engine.TestContextTester.increment_wrongs" executed="True" success="True" time="0.001" asserts="1" />
                      <test-case name="StoryTeller.Testing.Engine.TestContextTester.load_and_revert_fixtures" executed="True" success="True" time="0.002" asserts="6" />
                      <test-case name="StoryTeller.Testing.Engine.TestContextTester.load_fixture_directly_and_find_object_off_of_it" executed="True" success="True" time="0.002" asserts="2" />
                      <test-case name="StoryTeller.Testing.Engine.TestContextTester.log_exception_from_section_setup" executed="True" success="True" time="0.004" asserts="2" />
                      <test-case name="StoryTeller.Testing.Engine.TestContextTester.revert_fixture_should_throw_an_exception_if_log_action_is_null" executed="True" success="True" time="0.002" asserts="0" />
                      <test-case name="StoryTeller.Testing.Engine.TestContextTester.reverting_a_fixture_with_an_exception_in_teardown_increments_exceptions_and_captures_the_exception" executed="True" success="True" time="0.003" asserts="2" />
                      <test-case name="StoryTeller.Testing.Engine.TestContextTester.run_a_step" executed="True" success="True" time="0.004" asserts="0" />
                      <test-case name="StoryTeller.Testing.Engine.TestContextTester.running_a_step_logs_the_start_and_end_of_the_grammar" executed="True" success="True" time="0.005" asserts="0" />
                      <test-case name="StoryTeller.Testing.Engine.TestContextTester.stop_test_if_the_test_observer_trips_off_the_cannot_continue_condition" executed="True" success="True" time="0.004" asserts="3" />
                      <test-case name="StoryTeller.Testing.Engine.TestContextTester.store_and_retrieve" executed="True" success="True" time="0.004" asserts="1" />
                      <test-case name="StoryTeller.Testing.Engine.TestContextTester.store_and_retrieve_backs_up_by_the_system" executed="True" success="True" time="0.002" asserts="2" />
                      <test-case name="StoryTeller.Testing.Engine.TestContextTester.the_test_is_available_in_the_test_context" executed="True" success="True" time="0.002" asserts="1" />
                      <test-case name="StoryTeller.Testing.Engine.TestContextTester.throw_argument_not_null_exception_when_the_log_action_is_null" executed="True" success="True" time="0.002" asserts="0" />
                    </results>
                  </test-suite>
                  <test-suite name="TestRunnerTester" success="True" time="0.048" asserts="0">
                    <results>
                      <test-case name="StoryTeller.Testing.Engine.TestRunnerTester.run_a_test_when_setup_blows_up_do_not_rethrow_exception_and_log_the_exception_to_the_test" executed="True" success="True" time="0.014" asserts="1" />
                      <test-case name="StoryTeller.Testing.Engine.TestRunnerTester.run_a_test_when_teardown_blows_up_do_not_rethrow_exception_and_log_the_exception_to_the_test" executed="True" success="True" time="0.030" asserts="1" />
                    </results>
                  </test-suite>
                  <test-suite name="the_cell_should_be_is_result" success="True" time="0.001" asserts="0">
                    <results>
                      <test-case name="StoryTeller.Testing.Engine.the_cell_should_be_is_result.is_result_is_true" executed="True" success="True" time="0.001" asserts="1" />
                    </results>
                  </test-suite>
                  <test-suite name="TypeExtensionsTester" success="True" time="0.003" asserts="0">
                    <results>
                      <test-case name="StoryTeller.Testing.Engine.TypeExtensionsTester.get_alias_for_a_fixture_class_with_an_attribute" executed="True" success="True" time="0.000" asserts="1" />
                      <test-case name="StoryTeller.Testing.Engine.TypeExtensionsTester.get_alias_for_a_fixture_class_with_no_attribute" executed="True" success="True" time="0.001" asserts="1" />
                    </results>
                  </test-suite>
                  <test-suite name="when_building_a_library_with_a_non_inclusive_filter" success="True" time="0.095" asserts="0">
                    <results>
                      <test-case name="StoryTeller.Testing.Engine.when_building_a_library_with_a_non_inclusive_filter.fixture_dto_has_all_the_properties" executed="True" success="True" time="0.046" asserts="2" />
                      <test-case name="StoryTeller.Testing.Engine.when_building_a_library_with_a_non_inclusive_filter.should_contain_fixtures_that_match_the_filter" executed="True" success="True" time="0.015" asserts="3" />
                      <test-case name="StoryTeller.Testing.Engine.when_building_a_library_with_a_non_inclusive_filter.should_exclude_fixtures_present_in_the_container_that_do_not_match_the_filter" executed="True" success="True" time="0.014" asserts="1" />
                      <test-case name="StoryTeller.Testing.Engine.when_building_a_library_with_a_non_inclusive_filter.still_has_dtos_for_each_possible_fixture" executed="True" success="True" time="0.018" asserts="0" />
                    </results>
                  </test-suite>
                  <test-suite name="when_building_and_executing_a_TableLineGrammar" success="True" time="0.023" asserts="0">
                    <results>
                      <test-case name="StoryTeller.Testing.Engine.when_building_and_executing_a_TableLineGrammar.should_have_called_the_after_method_on_the_target_after_setting_values" executed="True" success="True" time="0.009" asserts="3" />
                      <test-case name="StoryTeller.Testing.Engine.when_building_and_executing_a_TableLineGrammar.should_have_called_the_before_method_on_the_target_before_setting_any_other_values" executed="True" success="True" time="0.001" asserts="3" />
                      <test-case name="StoryTeller.Testing.Engine.when_building_and_executing_a_TableLineGrammar.should_have_cells_for_the_inputs_and_outputs" executed="True" success="True" time="0.004" asserts="13" />
                      <test-case name="StoryTeller.Testing.Engine.when_building_and_executing_a_TableLineGrammar.should_have_recorded_actual_values_on_the_step" executed="True" success="True" time="0.001" asserts="4" />
                      <test-case name="StoryTeller.Testing.Engine.when_building_and_executing_a_TableLineGrammar.should_have_recorded_one_right_and_one_wrong" executed="True" success="True" time="0.001" asserts="3" />
                      <test-case name="StoryTeller.Testing.Engine.when_building_and_executing_a_TableLineGrammar.should_have_set_the_setter_values_on_the_target_object" executed="True" success="True" time="0.002" asserts="4" />
                      <test-case name="StoryTeller.Testing.Engine.when_building_and_executing_a_TableLineGrammar.should_respect_the_default_value" executed="True" success="True" time="0.002" asserts="3" />
                    </results>
                  </test-suite>
                  <test-suite name="when_checking_a_property_and_the_expected_is_missing" success="True" time="0.011" asserts="0">
                    <results>
                      <test-case name="StoryTeller.Testing.Engine.when_checking_a_property_and_the_expected_is_missing.exception_text_should_include_a_note_about_age_being_missing" executed="True" success="True" time="0.004" asserts="0" />
                      <test-case name="StoryTeller.Testing.Engine.when_checking_a_property_and_the_expected_is_missing.should_have_a_syntax_error" executed="True" success="True" time="0.006" asserts="1" />
                      <test-case name="StoryTeller.Testing.Engine.when_checking_a_property_and_the_expected_is_missing.the_property_should_be_in_error" executed="True" success="True" time="0.001" asserts="1" />
                    </results>
                  </test-suite>
                  <test-suite name="when_checking_a_property_that_throws_an_exception" success="True" time="0.007" asserts="0">
                    <results>
                      <test-case name="StoryTeller.Testing.Engine.when_checking_a_property_that_throws_an_exception.captures_the_exception_text" executed="True" success="True" time="0.003" asserts="0" />
                      <test-case name="StoryTeller.Testing.Engine.when_checking_a_property_that_throws_an_exception.counts_should_have_incremented_an_exception" executed="True" success="True" time="0.002" asserts="1" />
                      <test-case name="StoryTeller.Testing.Engine.when_checking_a_property_that_throws_an_exception.the_property_is_in_error" executed="True" success="True" time="0.002" asserts="1" />
                    </results>
                  </test-suite>
                  <test-suite name="when_checking_a_single_property_for_a_matching_value" success="True" time="0.004" asserts="0">
                    <results>
                      <test-case name="StoryTeller.Testing.Engine.when_checking_a_single_property_for_a_matching_value.should_record_the_actual_value" executed="True" success="True" time="0.001" asserts="1" />
                      <test-case name="StoryTeller.Testing.Engine.when_checking_a_single_property_for_a_matching_value.the_property_in_the_step_should_not_be_in_exception" executed="True" success="True" time="0.001" asserts="1" />
                      <test-case name="StoryTeller.Testing.Engine.when_checking_a_single_property_for_a_matching_value.the_rights_should_be_incremented" executed="True" success="True" time="0.001" asserts="1" />
                    </results>
                  </test-suite>
                  <test-suite name="when_checking_a_single_property_for_an_incorrect_value" success="True" time="0.005" asserts="0">
                    <results>
                      <test-case name="StoryTeller.Testing.Engine.when_checking_a_single_property_for_an_incorrect_value.should_record_the_actual_value" executed="True" success="True" time="0.001" asserts="1" />
                      <test-case name="StoryTeller.Testing.Engine.when_checking_a_single_property_for_an_incorrect_value.the_property_in_the_step_should_not_be_in_exception" executed="True" success="True" time="0.001" asserts="1" />
                      <test-case name="StoryTeller.Testing.Engine.when_checking_a_single_property_for_an_incorrect_value.the_wrongs_should_be_incremented" executed="True" success="True" time="0.001" asserts="2" />
                    </results>
                  </test-suite>
                  <test-suite name="when_creating_a_grammar_marked_as_a_table_grammar" success="True" time="0.005" asserts="0">
                    <results>
                      <test-case name="StoryTeller.Testing.Engine.when_creating_a_grammar_marked_as_a_table_grammar.inner_grammar_should_be_created_to_match_the_method" executed="True" success="True" time="0.000" asserts="5" />
                      <test-case name="StoryTeller.Testing.Engine.when_creating_a_grammar_marked_as_a_table_grammar.should_be_a_table_grammar" executed="True" success="True" time="0.000" asserts="2" />
                      <test-case name="StoryTeller.Testing.Engine.when_creating_a_grammar_marked_as_a_table_grammar.should_use_the_label_from_the_attribute" executed="True" success="True" time="0.001" asserts="3" />
                      <test-case name="StoryTeller.Testing.Engine.when_creating_a_grammar_marked_as_a_table_grammar.step_name_should_be_Rows_by_default" executed="True" success="True" time="0.002" asserts="3" />
                    </results>
                  </test-suite>
                  <test-suite name="when_disposing_a_test_runner" success="True" time="0.005" asserts="0">
                    <results>
                      <test-case name="StoryTeller.Testing.Engine.when_disposing_a_test_runner.should_teardown_the_environment" executed="True" success="True" time="0.005" asserts="4" />
                    </results>
                  </test-suite>
                  <test-suite name="when_embedded_section_accepts_visitor" success="True" time="0.023" asserts="0">
                    <results>
                      <test-case name="StoryTeller.Testing.Engine.when_embedded_section_accepts_visitor.should_call_the_embedded_section_method" executed="True" success="True" time="0.023" asserts="0" />
                    </results>
                  </test-suite>
                  <test-suite name="when_executing_a_test" success="True" time="0.081" asserts="0">
                    <results>
                      <test-case name="StoryTeller.Testing.Engine.when_executing_a_test.should_call_setup_on_both_startup_actions" executed="True" success="True" time="0.016" asserts="0" />
                      <test-case name="StoryTeller.Testing.Engine.when_executing_a_test.should_call_teardown_on_both_startup_actions" executed="True" success="True" time="0.008" asserts="0" />
                      <test-case name="StoryTeller.Testing.Engine.when_executing_a_test.should_do_the_steps_in_the_proper_order" executed="True" success="True" time="0.008" asserts="10" />
                      <test-case name="StoryTeller.Testing.Engine.when_executing_a_test.should_have_executed_the_fixture" executed="True" success="True" time="0.005" asserts="0" />
                      <test-case name="StoryTeller.Testing.Engine.when_executing_a_test.should_not_teardown_the_environment" executed="True" success="True" time="0.006" asserts="0" />
                      <test-case name="StoryTeller.Testing.Engine.when_executing_a_test.should_register_services" executed="True" success="True" time="0.006" asserts="0" />
                      <test-case name="StoryTeller.Testing.Engine.when_executing_a_test.should_setup_the_execution" executed="True" success="True" time="0.007" asserts="0" />
                      <test-case name="StoryTeller.Testing.Engine.when_executing_a_test.should_start_the_application_because_it_has_not_already_been_started" executed="True" success="True" time="0.015" asserts="0" />
                      <test-case name="StoryTeller.Testing.Engine.when_executing_a_test.should_teardown_after_the_test" executed="True" success="True" time="0.006" asserts="0" />
                    </results>
                  </test-suite>
                  <test-suite name="when_executing_a_test_after_the_application_has_been_started" success="True" time="0.008" asserts="0">
                    <results>
                      <test-case name="StoryTeller.Testing.Engine.when_executing_a_test_after_the_application_has_been_started.should_do_the_steps_in_the_proper_order_and_not_repeat_SetupEnvironment" executed="True" success="True" time="0.008" asserts="6" />
                    </results>
                  </test-suite>
                  <test-suite name="when_executing_the_composite_grammar" success="True" time="0.063" asserts="0">
                    <results>
                      <test-case name="StoryTeller.Testing.Engine.when_executing_the_composite_grammar.calls_a_do_grammar" executed="True" success="True" time="0.040" asserts="1" />
                      <test-case name="StoryTeller.Testing.Engine.when_executing_the_composite_grammar.calls_the_after_method" executed="True" success="True" time="0.006" asserts="0" />
                      <test-case name="StoryTeller.Testing.Engine.when_executing_the_composite_grammar.calls_the_before_method" executed="True" success="True" time="0.003" asserts="0" />
                      <test-case name="StoryTeller.Testing.Engine.when_executing_the_composite_grammar.captures_exception_if_anything_goes_wrong" executed="True" success="True" time="0.008" asserts="0" />
                      <test-case name="StoryTeller.Testing.Engine.when_executing_the_composite_grammar.execute_all_the_grammars" executed="True" success="True" time="0.003" asserts="0" />
                    </results>
                  </test-suite>
                  <test-suite name="when_getting_argument_for_a_missing_value" success="True" time="0.004" asserts="0">
                    <results>
                      <test-case name="StoryTeller.Testing.Engine.when_getting_argument_for_a_missing_value.should_have_recorded_a_syntax_error" executed="True" success="True" time="0.003" asserts="1" />
                      <test-case name="StoryTeller.Testing.Engine.when_getting_argument_for_a_missing_value.should_have_recorded_exception_text" executed="True" success="True" time="0.001" asserts="1" />
                    </results>
                  </test-suite>
                  <test-suite name="when_getting_the_cells_for_a_compound_grammar" success="True" time="0.005" asserts="0">
                    <results>
                      <test-case name="StoryTeller.Testing.Engine.when_getting_the_cells_for_a_compound_grammar.should_read_cells_for_all_child_grammars" executed="True" success="True" time="0.005" asserts="1" />
                    </results>
                  </test-suite>
                  <test-suite name="when_getting_the_structure_of_a_composite_grammar" success="True" time="0.014" asserts="0">
                    <results>
                      <test-case name="StoryTeller.Testing.Engine.when_getting_the_structure_of_a_composite_grammar.should_copy_the_description_of_the_child_grammars" executed="True" success="True" time="0.007" asserts="3" />
                      <test-case name="StoryTeller.Testing.Engine.when_getting_the_structure_of_a_composite_grammar.should_copy_the_embed_style_from_composite_grammar_to_paragraph" executed="True" success="True" time="0.002" asserts="3" />
                      <test-case name="StoryTeller.Testing.Engine.when_getting_the_structure_of_a_composite_grammar.should_transfer_the_grammar_structures_for_each_of_the_child_grammars" executed="True" success="True" time="0.002" asserts="3" />
                      <test-case name="StoryTeller.Testing.Engine.when_getting_the_structure_of_a_composite_grammar.should_transfer_the_label" executed="True" success="True" time="0.002" asserts="3" />
                    </results>
                  </test-suite>
                  <test-suite name="when_reading_a_fixture_that_has_errors_while_scanning_for_grammars" success="True" time="0.003" asserts="0">
                    <results>
                      <test-case name="StoryTeller.Testing.Engine.when_reading_a_fixture_that_has_errors_while_scanning_for_grammars.has_a_grammar_message" executed="True" success="True" time="0.002" asserts="1" />
                      <test-case name="StoryTeller.Testing.Engine.when_reading_a_fixture_that_has_errors_while_scanning_for_grammars.has_the_grammar_error_text_from_the_exception" executed="True" success="True" time="0.001" asserts="1" />
                    </results>
                  </test-suite>
                  <test-suite name="when_reading_an_argument_successfully_for_an_input_cell" success="True" time="0.007" asserts="0">
                    <results>
                      <test-case name="StoryTeller.Testing.Engine.when_reading_an_argument_successfully_for_an_input_cell.argument_should_have_been_parsed_as_an_integer" executed="True" success="True" time="0.002" asserts="1" />
                      <test-case name="StoryTeller.Testing.Engine.when_reading_an_argument_successfully_for_an_input_cell.cell_automatically_creates_selection_values_for_an_enumeration_type" executed="True" success="True" time="0.002" asserts="10" />
                      <test-case name="StoryTeller.Testing.Engine.when_reading_an_argument_successfully_for_an_input_cell.the_counts_should_all_be_zero" executed="True" success="True" time="0.002" asserts="4" />
                    </results>
                  </test-suite>
                  <test-suite name="when_reading_grammars_for_the_Hidden_attribute" success="True" time="0.001" asserts="0">
                    <results>
                      <test-case name="StoryTeller.Testing.Engine.when_reading_grammars_for_the_Hidden_attribute.grammars_decorated_with_hidden_should_be_hidden" executed="True" success="True" time="0.000" asserts="2" />
                      <test-case name="StoryTeller.Testing.Engine.when_reading_grammars_for_the_Hidden_attribute.grammars_not_decorated_with_hidden_should_not_be_hidden" executed="True" success="True" time="0.000" asserts="2" />
                    </results>
                  </test-suite>
                  <test-suite name="when_reading_grammars_from_a_fixture" success="True" time="0.003" asserts="0">
                    <results>
                      <test-case name="StoryTeller.Testing.Engine.when_reading_grammars_from_a_fixture.do_not_create_grammar_for_setup" executed="True" success="True" time="0.001" asserts="1" />
                      <test-case name="StoryTeller.Testing.Engine.when_reading_grammars_from_a_fixture.do_not_create_grammar_for_teardown" executed="True" success="True" time="0.000" asserts="1" />
                      <test-case name="StoryTeller.Testing.Engine.when_reading_grammars_from_a_fixture.should_only_have_the_single_explicitly_defined_Grammar" executed="True" success="True" time="0.001" asserts="1" />
                    </results>
                  </test-suite>
                  <test-suite name="when_reading_startup_actions_into_the_library" success="True" time="0.121" asserts="0">
                    <results>
                      <test-case name="StoryTeller.Testing.Engine.when_reading_startup_actions_into_the_library.library_startup_action_names_should_include_the_names_of_the_registered_startup_actions" executed="True" success="True" time="0.121" asserts="5" />
                    </results>
                  </test-suite>
                  <test-suite name="when_recycling_the_test_runner_environment" success="True" time="0.008" asserts="0">
                    <results>
                      <test-case name="StoryTeller.Testing.Engine.when_recycling_the_test_runner_environment.should_do_the_steps_in_the_proper_order_and_not_repeat_SetupEnvironment" executed="True" success="True" time="0.008" asserts="8" />
                    </results>
                  </test-suite>
                  <test-suite name="when_running_a_test_that_times_out" success="True" time="2.095" asserts="0">
                    <results>
                      <test-case name="StoryTeller.Testing.Engine.when_running_a_test_that_times_out.should_have_the_timeout_message" executed="True" success="True" time="1.029" asserts="1" />
                      <test-case name="StoryTeller.Testing.Engine.when_running_a_test_that_times_out.should_increment_exceptions" executed="True" success="True" time="1.065" asserts="1" />
                    </results>
                  </test-suite>
                  <test-suite name="when_setting_the_argument_with_a_formatting_problem" success="True" time="0.004" asserts="0">
                    <results>
                      <test-case name="StoryTeller.Testing.Engine.when_setting_the_argument_with_a_formatting_problem.should_have_recorded_a_syntax_error" executed="True" success="True" time="0.002" asserts="1" />
                      <test-case name="StoryTeller.Testing.Engine.when_setting_the_argument_with_a_formatting_problem.should_have_recorded_exception_text" executed="True" success="True" time="0.002" asserts="1" />
                    </results>
                  </test-suite>
                  <test-suite name="when_the_before_action_fails_in_embedded_section_execute" success="True" time="0.007" asserts="0">
                    <results>
                      <test-case name="StoryTeller.Testing.Engine.when_the_before_action_fails_in_embedded_section_execute.incremented_the_counts_for_the_exception" executed="True" success="True" time="0.003" asserts="1" />
                      <test-case name="StoryTeller.Testing.Engine.when_the_before_action_fails_in_embedded_section_execute.should_have_logged_the_exception" executed="True" success="True" time="0.002" asserts="2" />
                      <test-case name="StoryTeller.Testing.Engine.when_the_before_action_fails_in_embedded_section_execute.still_runs_the_inner_embed_even_with_the_failure" executed="True" success="True" time="0.002" asserts="1" />
                    </results>
                  </test-suite>
                  <test-suite name="when_visiting_fixtures" success="True" time="0.004" asserts="0">
                    <results>
                      <test-case name="StoryTeller.Testing.Engine.when_visiting_fixtures.capture_trace_and_debug_messages_to_the_Test_object" executed="True" success="True" time="0.003" asserts="4" />
                    </results>
                  </test-suite>
                  <test-suite name="when_writing_a_checkpropertygrammar" success="True" time="0.003" asserts="0">
                    <results>
                      <test-case name="StoryTeller.Testing.Engine.when_writing_a_checkpropertygrammar.create_a_grammar_structure" executed="True" success="True" time="0.002" asserts="3" />
                      <test-case name="StoryTeller.Testing.Engine.when_writing_a_checkpropertygrammar.create_a_grammar_structure_for_a_nullable_date" executed="True" success="True" time="0.001" asserts="3" />
                    </results>
                  </test-suite>
                </results>
              </test-suite>
              <test-suite name="ErrorsTester" success="True" time="0.008" asserts="0">
                <results>
                  <test-case name="StoryTeller.Testing.ErrorsTester.capture_error_on_the_second_frame" executed="True" success="True" time="0.001" asserts="2" />
                  <test-case name="StoryTeller.Testing.ErrorsTester.capture_error_on_third_frame" executed="True" success="True" time="0.000" asserts="3" />
                  <test-case name="StoryTeller.Testing.ErrorsTester.capture_exception_text" executed="True" success="True" time="0.000" asserts="1" />
                  <test-case name="StoryTeller.Testing.ErrorsTester.capture_exception_with_frame" executed="True" success="True" time="0.003" asserts="2" />
                  <test-case name="StoryTeller.Testing.ErrorsTester.capturing_an_exception_means_that_has_errors_should_be_true" executed="True" success="True" time="0.000" asserts="2" />
                  <test-case name="StoryTeller.Testing.ErrorsTester.clear_will_clear_out_the_frame_errors" executed="True" success="True" time="0.001" asserts="1" />
                  <test-case name="StoryTeller.Testing.ErrorsTester.mark_as_exception" executed="True" success="True" time="0.001" asserts="3" />
                  <test-case name="StoryTeller.Testing.ErrorsTester.mark_as_failure" executed="True" success="True" time="0.000" asserts="2" />
                  <test-case name="StoryTeller.Testing.ErrorsTester.marking_a_missing_value_should_set_HasErrors_to_true" executed="True" success="True" time="0.000" asserts="2" />
                  <test-case name="StoryTeller.Testing.ErrorsTester.MarkMissingStep" executed="True" success="True" time="0.001" asserts="2" />
                  <test-case name="StoryTeller.Testing.ErrorsTester.reset_clears_exception" executed="True" success="True" time="0.000" asserts="1" />
                  <test-case name="StoryTeller.Testing.ErrorsTester.reset_clears_exception_text_and_has_errors" executed="True" success="True" time="0.001" asserts="4" />
                  <test-case name="StoryTeller.Testing.ErrorsTester.reset_clears_failure_keys" executed="True" success="True" time="0.000" asserts="1" />
                </results>
              </test-suite>
              <test-suite name="EventPublisherTester" success="True" time="0.222" asserts="0">
                <results>
                  <test-case name="StoryTeller.Testing.EventPublisherTester.does_not_blow_up_on_null_messages" executed="True" success="True" time="0.051" asserts="0" />
                  <test-case name="StoryTeller.Testing.EventPublisherTester.relays_to_the_event_aggregator" executed="True" success="True" time="0.028" asserts="0" />
                </results>
              </test-suite>
              <test-suite name="Execution" success="True" time="32.375" asserts="0">
                <results>
                  <test-suite name="DirectoryRunnerTester" success="True" time="0.198" asserts="0">
                    <results>
                      <test-case name="StoryTeller.Testing.Execution.DirectoryRunnerTester.load_files_from_directory" executed="True" success="True" time="0.198" asserts="0" />
                    </results>
                  </test-suite>
                  <test-suite name="FixtureAssemblyTester" success="True" time="0.103" asserts="0">
                    <results>
                      <test-case name="StoryTeller.Testing.Execution.FixtureAssemblyTester.can_serialize_the_fixture_assembly_class" executed="True" success="True" time="0.001" asserts="0" />
                      <test-case name="StoryTeller.Testing.Execution.FixtureAssemblyTester.pulls_the_current_filter_from_the_project" executed="True" success="True" time="0.008" asserts="5" />
                    </results>
                  </test-suite>
                  <test-suite name="FixtureObserverTester" success="True" time="0.140" asserts="0">
                    <results>
                      <test-case name="StoryTeller.Testing.Execution.FixtureObserverTester.forward_message_to_event_aggregator" executed="True" success="True" time="0.134" asserts="0" />
                      <test-case name="StoryTeller.Testing.Execution.FixtureObserverTester.record_message_should_send_event" executed="True" success="True" time="0.003" asserts="0" />
                    </results>
                  </test-suite>
                  <test-suite name="ProjectTestRunnerIntegratedTester" success="True" time="4.373" asserts="0">
                    <results>
                      <test-case name="StoryTeller.Testing.Execution.ProjectTestRunnerIntegratedTester.run_a_single_property" executed="True" success="True" time="4.372" asserts="0" />
                    </results>
                  </test-suite>
                  <test-suite name="TestEngineIntegrationTester" success="True" time="27.359" asserts="0">
                    <results>
                      <test-case name="StoryTeller.Testing.Execution.TestEngineIntegrationTester.broadcasts_a_FixtureLibraryLoaded_message_in_recycle" executed="True" success="True" time="14.111" asserts="3" />
                      <test-case name="StoryTeller.Testing.Execution.TestEngineIntegrationTester.reloading_a_project_does_not_blow_up" executed="True" success="True" time="3.090" asserts="3" />
                      <test-case name="StoryTeller.Testing.Execution.TestEngineIntegrationTester.run_exception_test" executed="True" success="True" time="2.982" asserts="3" />
                      <test-case name="StoryTeller.Testing.Execution.TestEngineIntegrationTester.run_failed_test" executed="True" success="True" time="3.009" asserts="3" />
                      <test-case name="StoryTeller.Testing.Execution.TestEngineIntegrationTester.run_successful_test" executed="True" success="True" time="2.967" asserts="3" />
                      <test-case name="StoryTeller.Testing.Execution.TestEngineIntegrationTester.write_out_the_description_to_a_grammar_structure" executed="True" success="True" time="1.197" asserts="2" />
                    </results>
                  </test-suite>
                  <test-suite name="when_building_the_test_execution_request" success="True" time="0.031" asserts="0">
                    <results>
                      <test-case name="StoryTeller.Testing.Execution.when_building_the_test_execution_request.includes_the_test" executed="True" success="True" time="0.024" asserts="2" />
                      <test-case name="StoryTeller.Testing.Execution.when_building_the_test_execution_request.propogates_the_startup_actions_from_the_workspace_of_the_test_to_the_request" executed="True" success="True" time="0.001" asserts="6" />
                      <test-case name="StoryTeller.Testing.Execution.when_building_the_test_execution_request.sets_the_stop_conditions_1" executed="True" success="True" time="0.002" asserts="4" />
                      <test-case name="StoryTeller.Testing.Execution.when_building_the_test_execution_request.sets_the_stop_conditions_2" executed="True" success="True" time="0.001" asserts="4" />
                    </results>
                  </test-suite>
                  <test-suite name="when_running_a_test_that_is_aborted" success="True" time="0.008" asserts="0">
                    <results>
                      <test-case name="StoryTeller.Testing.Execution.when_running_a_test_that_is_aborted.should_not_apply_a_test_result_to_the_test_because_it_was_cancelled" executed="True" success="True" time="0.008" asserts="2" />
                    </results>
                  </test-suite>
                  <test-suite name="when_running_all_the_tests" success="True" time="0.127" asserts="0">
                    <results>
                      <test-case name="StoryTeller.Testing.Execution.when_running_all_the_tests.finish_test" executed="True" success="True" time="0.109" asserts="0" />
                      <test-case name="StoryTeller.Testing.Execution.when_running_all_the_tests.run_the_tests" executed="True" success="True" time="0.018" asserts="0" />
                    </results>
                  </test-suite>
                  <test-suite name="when_running_the_test_and_the_domain_has_not_been_started" success="True" time="0.014" asserts="0">
                    <results>
                      <test-case name="StoryTeller.Testing.Execution.when_running_the_test_and_the_domain_has_not_been_started.should_execute_the_test_with_the_values_from_the_test_stop_conditions" executed="True" success="True" time="0.005" asserts="0" />
                      <test-case name="StoryTeller.Testing.Execution.when_running_the_test_and_the_domain_has_not_been_started.should_first_interrogate_the_runner_domain_to_see_if_it_is_running" executed="True" success="True" time="0.005" asserts="0" />
                      <test-case name="StoryTeller.Testing.Execution.when_running_the_test_and_the_domain_has_not_been_started.should_put_the_test_results_onto_the_test" executed="True" success="True" time="0.002" asserts="1" />
                      <test-case name="StoryTeller.Testing.Execution.when_running_the_test_and_the_domain_has_not_been_started.should_then_start_the_test_app_domain" executed="True" success="True" time="0.002" asserts="0" />
                    </results>
                  </test-suite>
                  <test-suite name="when_the_system_type_is_specified" success="True" time="0.003" asserts="0">
                    <results>
                      <test-case name="StoryTeller.Testing.Execution.when_the_system_type_is_specified.the_assembly_should_be_the_assembly_containing_the_system_specified" executed="True" success="True" time="0.001" asserts="1" />
                      <test-case name="StoryTeller.Testing.Execution.when_the_system_type_is_specified.the_system_type_should_be_the_type_specified" executed="True" success="True" time="0.001" asserts="2" />
                    </results>
                  </test-suite>
                  <test-suite name="when_the_system_type_name_is_null_or_empty" success="True" time="0.008" asserts="0">
                    <results>
                      <test-case name="StoryTeller.Testing.Execution.when_the_system_type_name_is_null_or_empty.the_assembly_should_be_the_configured_fixture_assembly" executed="True" success="True" time="0.002" asserts="1" />
                      <test-case name="StoryTeller.Testing.Execution.when_the_system_type_name_is_null_or_empty.the_system_should_be_nullo_system" executed="True" success="True" time="0.000" asserts="2" />
                    </results>
                  </test-suite>
                </results>
              </test-suite>
              <test-suite name="HierarchyTester" success="True" time="0.014" asserts="0">
                <results>
                  <test-case name="StoryTeller.Testing.HierarchyTester.add_test_by_one_deep_path" executed="True" success="True" time="0.001" asserts="3" />
                  <test-case name="StoryTeller.Testing.HierarchyTester.add_test_by_path_with_no_slashes" executed="True" success="True" time="0.002" asserts="3" />
                  <test-case name="StoryTeller.Testing.HierarchyTester.add_test_by_two_deep_path_twice" executed="True" success="True" time="0.000" asserts="4" />
                  <test-case name="StoryTeller.Testing.HierarchyTester.find_all_workspaces_from_a_project" executed="True" success="True" time="0.003" asserts="6" />
                  <test-case name="StoryTeller.Testing.HierarchyTester.get_full_results_history_smoke_test" executed="True" success="True" time="0.007" asserts="12" />
                  <test-case name="StoryTeller.Testing.HierarchyTester.get_path_is_just_an_empty_string" executed="True" success="True" time="0.001" asserts="1" />
                </results>
              </test-suite>
              <test-suite name="Html" success="True" time="0.063" asserts="0">
                <results>
                  <test-suite name="CellTagTester" success="True" time="0.010" asserts="0">
                    <results>
                      <test-case name="StoryTeller.Testing.Html.CellTagTester.write_preview" executed="True" success="True" time="0.003" asserts="2" />
                      <test-case name="StoryTeller.Testing.Html.CellTagTester.write_preview_when_the_cell_value_is_blank" executed="True" success="True" time="0.001" asserts="1" />
                      <test-case name="StoryTeller.Testing.Html.CellTagTester.write_preview_when_the_cell_value_is_missing_in_the_step" executed="True" success="True" time="0.001" asserts="1" />
                      <test-case name="StoryTeller.Testing.Html.CellTagTester.write_preview_when_the_cell_value_is_null_in_the_step" executed="True" success="True" time="0.001" asserts="1" />
                      <test-case name="StoryTeller.Testing.Html.CellTagTester.write_results_when_the_cell_is_just_an_input" executed="True" success="True" time="0.002" asserts="2" />
                    </results>
                  </test-suite>
                  <test-suite name="HtmlClassesSmokeTester" success="True" time="0.003" asserts="0">
                    <results>
                      <test-case name="StoryTeller.Testing.Html.HtmlClassesSmokeTester.can_retrieve_style" executed="True" success="True" time="0.003" asserts="1" />
                    </results>
                  </test-suite>
                  <test-suite name="StoryTellerTableTagTester" success="True" time="0.000" asserts="0">
                    <results>
                      <test-case name="StoryTeller.Testing.Html.StoryTellerTableTagTester.render_a_table_that_has_optional_columns_with_no_values" executed="False">
                        <reason>
                          <message><![CDATA[until 3/20]]></message>
                        </reason>
                      </test-case>
                    </results>
                  </test-suite>
                  <test-suite name="when_writing_a_cell_tag_for_a_correct_result" success="True" time="0.008" asserts="0">
                    <results>
                      <test-case name="StoryTeller.Testing.Html.when_writing_a_cell_tag_for_a_correct_result.cell_has_the_success_class" executed="True" success="True" time="0.004" asserts="1" />
                      <test-case name="StoryTeller.Testing.Html.when_writing_a_cell_tag_for_a_correct_result.is_not_exception_or_fail" executed="True" success="True" time="0.001" asserts="2" />
                      <test-case name="StoryTeller.Testing.Html.when_writing_a_cell_tag_for_a_correct_result.should_have_the_parsed_display_of_the_actual" executed="True" success="True" time="0.001" asserts="1" />
                      <test-case name="StoryTeller.Testing.Html.when_writing_a_cell_tag_for_a_correct_result.should_not_have_an_exception_node" executed="True" success="True" time="0.001" asserts="1" />
                    </results>
                  </test-suite>
                  <test-suite name="when_writing_a_sentence_tag_for_a_step_with_an_exception_in_the_results" success="True" time="0.004" asserts="0">
                    <results>
                      <test-case name="StoryTeller.Testing.Html.when_writing_a_sentence_tag_for_a_step_with_an_exception_in_the_results.should_be_an_exception_tag_for_the_exception_just_under_the_sentence_tag" executed="True" success="True" time="0.002" asserts="4" />
                      <test-case name="StoryTeller.Testing.Html.when_writing_a_sentence_tag_for_a_step_with_an_exception_in_the_results.the_sentence_tag_should_have_the_exception_class" executed="True" success="True" time="0.001" asserts="2" />
                    </results>
                  </test-suite>
                  <test-suite name="when_writing_the_preview_for_a_sentence" success="True" time="0.003" asserts="0">
                    <results>
                      <test-case name="StoryTeller.Testing.Html.when_writing_the_preview_for_a_sentence.tag_has_the_inputs_and_labels" executed="True" success="True" time="0.003" asserts="7" />
                    </results>
                  </test-suite>
                  <test-suite name="when_writing_the_results_for_a_failure" success="True" time="0.006" asserts="0">
                    <results>
                      <test-case name="StoryTeller.Testing.Html.when_writing_the_results_for_a_failure.cell_has_the_fail_class" executed="True" success="True" time="0.002" asserts="1" />
                      <test-case name="StoryTeller.Testing.Html.when_writing_the_results_for_a_failure.is_not_exception_or_pass" executed="True" success="True" time="0.001" asserts="2" />
                      <test-case name="StoryTeller.Testing.Html.when_writing_the_results_for_a_failure.should_have_the_parsed_display_of_the_actual" executed="True" success="True" time="0.001" asserts="1" />
                      <test-case name="StoryTeller.Testing.Html.when_writing_the_results_for_a_failure.should_not_have_an_exception_node" executed="True" success="True" time="0.001" asserts="1" />
                    </results>
                  </test-suite>
                  <test-suite name="when_writing_the_results_for_a_result_cell_that_had_an_exception" success="True" time="0.007" asserts="0">
                    <results>
                      <test-case name="StoryTeller.Testing.Html.when_writing_the_results_for_a_result_cell_that_had_an_exception.cell_has_the_exception_class" executed="True" success="True" time="0.002" asserts="1" />
                      <test-case name="StoryTeller.Testing.Html.when_writing_the_results_for_a_result_cell_that_had_an_exception.is_not_fail_or_pass" executed="True" success="True" time="0.002" asserts="2" />
                      <test-case name="StoryTeller.Testing.Html.when_writing_the_results_for_a_result_cell_that_had_an_exception.the_text_should_just_be_the_expected_text" executed="True" success="True" time="0.002" asserts="1" />
                    </results>
                  </test-suite>
                  <test-suite name="when_writing_the_results_of_a_failed_fact" success="True" time="0.003" asserts="0">
                    <results>
                      <test-case name="StoryTeller.Testing.Html.when_writing_the_results_of_a_failed_fact.the_top_level_tag_should_have_the_failure_class_to_denote_that_the_fact_was_not_true" executed="True" success="True" time="0.002" asserts="3" />
                    </results>
                  </test-suite>
                  <test-suite name="when_writing_the_results_of_a_successful_fact" success="True" time="0.003" asserts="0">
                    <results>
                      <test-case name="StoryTeller.Testing.Html.when_writing_the_results_of_a_successful_fact.the_top_level_tag_should_have_the_failure_class_to_denote_that_the_fact_was_not_true" executed="True" success="True" time="0.003" asserts="3" />
                    </results>
                  </test-suite>
                  <test-suite name="when_writing_the_results_with_no_exceptions" success="True" time="0.006" asserts="0">
                    <results>
                      <test-case name="StoryTeller.Testing.Html.when_writing_the_results_with_no_exceptions.should_not_be_an_exception_tag" executed="True" success="True" time="0.001" asserts="1" />
                      <test-case name="StoryTeller.Testing.Html.when_writing_the_results_with_no_exceptions.tag_has_the_inputs_and_labels" executed="True" success="True" time="0.001" asserts="7" />
                      <test-case name="StoryTeller.Testing.Html.when_writing_the_results_with_no_exceptions.the_sentence_should_not_be_marked_as_an_exception" executed="True" success="True" time="0.001" asserts="1" />
                    </results>
                  </test-suite>
                  <test-suite name="write_the_cell_tag_for_a_result_that_is_missing_an_actual_value" success="True" time="0.002" asserts="0">
                    <results>
                      <test-case name="StoryTeller.Testing.Html.write_the_cell_tag_for_a_result_that_is_missing_an_actual_value.should_have_the_parsed_display_of_the_actual" executed="True" success="True" time="0.002" asserts="1" />
                    </results>
                  </test-suite>
                </results>
              </test-suite>
              <test-suite name="Integration" success="True" time="18.680" asserts="0">
                <results>
                  <test-suite name="GrammarIntegrationTests" success="True" time="9.411" asserts="0">
                    <results>
                      <test-case name="StoryTeller.Testing.Integration.GrammarIntegrationTests.Cannot_find_fixture" executed="True" success="True" time="0.010" asserts="2" />
                      <test-case name="StoryTeller.Testing.Integration.GrammarIntegrationTests.cannot_find_grammar" executed="True" success="True" time="0.006" asserts="2" />
                      <test-case name="StoryTeller.Testing.Integration.GrammarIntegrationTests.check_properties" executed="True" success="True" time="0.012" asserts="2" />
                      <test-case name="StoryTeller.Testing.Integration.GrammarIntegrationTests.Composite_with_errors" executed="True" success="True" time="4.016" asserts="2" />
                      <test-case name="StoryTeller.Testing.Integration.GrammarIntegrationTests.data_table_comparison_with_overriden_matcher" executed="True" success="True" time="0.008" asserts="2" />
                      <test-case name="StoryTeller.Testing.Integration.GrammarIntegrationTests.decision_tables" executed="True" success="True" time="0.006" asserts="2" />
                      <test-case name="StoryTeller.Testing.Integration.GrammarIntegrationTests.embeds" executed="True" success="True" time="0.011" asserts="2" />
                      <test-case name="StoryTeller.Testing.Integration.GrammarIntegrationTests.Facts" executed="True" success="True" time="0.009" asserts="2" />
                      <test-case name="StoryTeller.Testing.Integration.GrammarIntegrationTests.Ordered_set" executed="True" success="True" time="0.018" asserts="2" />
                      <test-case name="StoryTeller.Testing.Integration.GrammarIntegrationTests.Ordered_string_set_failure" executed="True" success="True" time="0.007" asserts="2" />
                      <test-case name="StoryTeller.Testing.Integration.GrammarIntegrationTests.Ordered_string_set_success" executed="True" success="True" time="0.008" asserts="2" />
                      <test-case name="StoryTeller.Testing.Integration.GrammarIntegrationTests.sad_path_data_table_comparison" executed="True" success="True" time="0.006" asserts="2" />
                      <test-case name="StoryTeller.Testing.Integration.GrammarIntegrationTests.Sentences" executed="True" success="True" time="0.041" asserts="2" />
                      <test-case name="StoryTeller.Testing.Integration.GrammarIntegrationTests.service_grammars" executed="True" success="True" time="0.009" asserts="2" />
                      <test-case name="StoryTeller.Testing.Integration.GrammarIntegrationTests.Set_with_Error" executed="True" success="True" time="0.007" asserts="2" />
                      <test-case name="StoryTeller.Testing.Integration.GrammarIntegrationTests.Simple_Composite" executed="True" success="True" time="5.009" asserts="2" />
                      <test-case name="StoryTeller.Testing.Integration.GrammarIntegrationTests.successful_data_table_comparison" executed="True" success="True" time="0.015" asserts="2" />
                      <test-case name="StoryTeller.Testing.Integration.GrammarIntegrationTests.Table_with_Errors" executed="True" success="True" time="0.014" asserts="2" />
                      <test-case name="StoryTeller.Testing.Integration.GrammarIntegrationTests.Tables" executed="True" success="True" time="0.008" asserts="2" />
                      <test-case name="StoryTeller.Testing.Integration.GrammarIntegrationTests.Unordered_Set" executed="True" success="True" time="0.005" asserts="2" />
                    </results>
                  </test-suite>
                  <test-suite name="JSonGrammarIntegrationTests" success="True" time="9.226" asserts="0">
                    <results>
                      <test-case name="StoryTeller.Testing.Integration.JSonGrammarIntegrationTests.Cannot_find_fixture" executed="True" success="True" time="0.052" asserts="2" />
                      <test-case name="StoryTeller.Testing.Integration.JSonGrammarIntegrationTests.cannot_find_grammar" executed="True" success="True" time="0.015" asserts="2" />
                      <test-case name="StoryTeller.Testing.Integration.JSonGrammarIntegrationTests.Composite_with_errors" executed="True" success="True" time="4.019" asserts="2" />
                      <test-case name="StoryTeller.Testing.Integration.JSonGrammarIntegrationTests.decision_tables" executed="True" success="True" time="0.005" asserts="2" />
                      <test-case name="StoryTeller.Testing.Integration.JSonGrammarIntegrationTests.embeds" executed="True" success="True" time="0.006" asserts="2" />
                      <test-case name="StoryTeller.Testing.Integration.JSonGrammarIntegrationTests.Facts" executed="True" success="True" time="0.005" asserts="2" />
                      <test-case name="StoryTeller.Testing.Integration.JSonGrammarIntegrationTests.Ordered_set" executed="True" success="True" time="0.015" asserts="2" />
                      <test-case name="StoryTeller.Testing.Integration.JSonGrammarIntegrationTests.Ordered_string_set_failure" executed="True" success="True" time="0.011" asserts="2" />
                      <test-case name="StoryTeller.Testing.Integration.JSonGrammarIntegrationTests.Ordered_string_set_success" executed="True" success="True" time="0.007" asserts="2" />
                      <test-case name="StoryTeller.Testing.Integration.JSonGrammarIntegrationTests.Sentences" executed="True" success="True" time="0.005" asserts="2" />
                      <test-case name="StoryTeller.Testing.Integration.JSonGrammarIntegrationTests.Set_with_Error" executed="True" success="True" time="0.005" asserts="2" />
                      <test-case name="StoryTeller.Testing.Integration.JSonGrammarIntegrationTests.Simple_Composite" executed="True" success="True" time="5.014" asserts="2" />
                      <test-case name="StoryTeller.Testing.Integration.JSonGrammarIntegrationTests.Table_with_Errors" executed="True" success="True" time="0.021" asserts="2" />
                      <test-case name="StoryTeller.Testing.Integration.JSonGrammarIntegrationTests.Tables" executed="True" success="True" time="0.008" asserts="2" />
                      <test-case name="StoryTeller.Testing.Integration.JSonGrammarIntegrationTests.Unordered_Set" executed="True" success="True" time="0.007" asserts="2" />
                    </results>
                  </test-suite>
                  <test-suite name="when_a_project_loads_a_hierarchy" success="True" time="0.039" asserts="0">
                    <results>
                      <test-case name="StoryTeller.Testing.Integration.when_a_project_loads_a_hierarchy.all_the_other_suites_below_workspace_should_just_be_suites" executed="True" success="True" time="0.005" asserts="2" />
                      <test-case name="StoryTeller.Testing.Integration.when_a_project_loads_a_hierarchy.child_suite_has_its_child_suites" executed="True" success="True" time="0.005" asserts="1" />
                      <test-case name="StoryTeller.Testing.Integration.when_a_project_loads_a_hierarchy.child_suite_has_its_tests" executed="True" success="True" time="0.003" asserts="1" />
                      <test-case name="StoryTeller.Testing.Integration.when_a_project_loads_a_hierarchy.has_the_empty_suite" executed="True" success="True" time="0.004" asserts="1" />
                      <test-case name="StoryTeller.Testing.Integration.when_a_project_loads_a_hierarchy.loads_the_suites_at_the_top_level" executed="True" success="True" time="0.005" asserts="1" />
                      <test-case name="StoryTeller.Testing.Integration.when_a_project_loads_a_hierarchy.loads_the_tests_in_the_root_level" executed="True" success="True" time="0.003" asserts="1" />
                      <test-case name="StoryTeller.Testing.Integration.when_a_project_loads_a_hierarchy.the_name_of_the_hierarchy_matches_the_project" executed="True" success="True" time="0.003" asserts="1" />
                      <test-case name="StoryTeller.Testing.Integration.when_a_project_loads_a_hierarchy.the_tests_at_the_top_level_have_the_parent_set_to_the_hierarchy" executed="True" success="True" time="0.003" asserts="2" />
                      <test-case name="StoryTeller.Testing.Integration.when_a_project_loads_a_hierarchy.the_top_level_suites_should_all_be_workspace_suites" executed="True" success="True" time="0.004" asserts="12" />
                    </results>
                  </test-suite>
                </results>
              </test-suite>
              <test-suite name="JavaScript" success="True" time="0.000" asserts="0">
                <results>
                  <test-suite name="JavaScriptTestDefinitions" success="True" time="0.000" asserts="0">
                    <results />
                  </test-suite>
                </results>
              </test-suite>
              <test-suite name="Model" success="True" time="0.318" asserts="0">
                <results>
                  <test-suite name="DoGrammarStructureTester" success="True" time="0.001" asserts="0">
                    <results>
                      <test-case name="StoryTeller.Testing.Model.DoGrammarStructureTester.write_the_result_with_error_should_write_the_error" executed="False">
                        <reason>
                          <message><![CDATA[until 3/20]]></message>
                        </reason>
                      </test-case>
                      <test-case name="StoryTeller.Testing.Model.DoGrammarStructureTester.write_the_result_with_no_error_should_do_nothing" executed="False">
                        <reason>
                          <message><![CDATA[until 3/20]]></message>
                        </reason>
                      </test-case>
                    </results>
                  </test-suite>
                  <test-suite name="FixtureGraph_implementation_of_FixtureNode" success="True" time="0.010" asserts="0">
                    <results>
                      <test-case name="StoryTeller.Testing.Model.FixtureGraph_implementation_of_FixtureNode.combines_the_list_of_all_errors" executed="True" success="True" time="0.005" asserts="1" />
                      <test-case name="StoryTeller.Testing.Model.FixtureGraph_implementation_of_FixtureNode.creates_example_test" executed="True" success="True" time="0.003" asserts="3" />
                      <test-case name="StoryTeller.Testing.Model.FixtureGraph_implementation_of_FixtureNode.Title" executed="True" success="True" time="0.000" asserts="1" />
                    </results>
                  </test-suite>
                  <test-suite name="FixtureLibraryFindTester" success="True" time="0.013" asserts="0">
                    <results>
                      <test-case name="StoryTeller.Testing.Model.FixtureLibraryFindTester.find_fixturegraph_by_path" executed="True" success="True" time="0.005" asserts="3" />
                      <test-case name="StoryTeller.Testing.Model.FixtureLibraryFindTester.find_grammar_by_path" executed="True" success="True" time="0.004" asserts="3" />
                      <test-case name="StoryTeller.Testing.Model.FixtureLibraryFindTester.find_the_library_with_an_empty_path" executed="True" success="True" time="0.003" asserts="1" />
                    </results>
                  </test-suite>
                  <test-suite name="FixtureLibraryTester" success="True" time="0.006" asserts="0">
                    <results>
                      <test-case name="StoryTeller.Testing.Model.FixtureLibraryTester.create_example_test" executed="True" success="True" time="0.001" asserts="7" />
                      <test-case name="StoryTeller.Testing.Model.FixtureLibraryTester.description" executed="True" success="True" time="0.000" asserts="1" />
                      <test-case name="StoryTeller.Testing.Model.FixtureLibraryTester.PossibleFixtures_uses_the_constraint_model_of_each_fixture_graph" executed="True" success="True" time="0.003" asserts="5" />
                      <test-case name="StoryTeller.Testing.Model.FixtureLibraryTester.Title" executed="True" success="True" time="0.000" asserts="1" />
                    </results>
                  </test-suite>
                  <test-suite name="GrammarStructure_FixtureNode_Implementation_tester" success="True" time="0.006" asserts="0">
                    <results>
                      <test-case name="StoryTeller.Testing.Model.GrammarStructure_FixtureNode_Implementation_tester.create_example_test" executed="True" success="True" time="0.004" asserts="7" />
                      <test-case name="StoryTeller.Testing.Model.GrammarStructure_FixtureNode_Implementation_tester.get_path_with_parent" executed="True" success="True" time="0.001" asserts="1" />
                      <test-case name="StoryTeller.Testing.Model.GrammarStructure_FixtureNode_Implementation_tester.get_path_without_parent" executed="True" success="True" time="0.001" asserts="1" />
                      <test-case name="StoryTeller.Testing.Model.GrammarStructure_FixtureNode_Implementation_tester.Label" executed="True" success="True" time="0.000" asserts="1" />
                    </results>
                  </test-suite>
                  <test-suite name="sentence_validating_a_step" success="True" time="0.010" asserts="0">
                    <results>
                      <test-case name="StoryTeller.Testing.Model.sentence_validating_a_step.all_attributes_exist_and_no_grammar_errors" executed="True" success="True" time="0.004" asserts="1" />
                      <test-case name="StoryTeller.Testing.Model.sentence_validating_a_step.extra_attributes_but_no_missing_or_grammar_errors_is_a_warning" executed="True" success="True" time="0.001" asserts="1" />
                      <test-case name="StoryTeller.Testing.Model.sentence_validating_a_step.extra_attributes_plus_one_missing_is_an_error" executed="True" success="True" time="0.000" asserts="1" />
                      <test-case name="StoryTeller.Testing.Model.sentence_validating_a_step.grammar_errors_and_a_missing_input_should_be_an_error" executed="True" success="True" time="0.001" asserts="1" />
                      <test-case name="StoryTeller.Testing.Model.sentence_validating_a_step.grammar_errors_but_all_input_should_show_up_as_warning" executed="True" success="True" time="0.001" asserts="1" />
                    </results>
                  </test-suite>
                  <test-suite name="TestParserTester" success="True" time="0.069" asserts="0">
                    <results>
                      <test-case name="StoryTeller.Testing.Model.TestParserTester.does_not_write_a_comment_if_the_section_is_latched" executed="True" success="True" time="0.033" asserts="2" />
                      <test-case name="StoryTeller.Testing.Model.TestParserTester.does_start_to_write_comments_again_after_the_offending_section_is_unlatched" executed="True" success="True" time="0.002" asserts="2" />
                      <test-case name="StoryTeller.Testing.Model.TestParserTester.end_the_section_relays_when_not_latched" executed="True" success="True" time="0.003" asserts="6" />
                      <test-case name="StoryTeller.Testing.Model.TestParserTester.relay_a_bad_grammar" executed="True" success="True" time="0.002" asserts="2" />
                      <test-case name="StoryTeller.Testing.Model.TestParserTester.relay_a_paragraph" executed="True" success="True" time="0.010" asserts="2" />
                      <test-case name="StoryTeller.Testing.Model.TestParserTester.relay_embedded_section_start_and_finish" executed="True" success="True" time="0.005" asserts="2" />
                      <test-case name="StoryTeller.Testing.Model.TestParserTester.relay_to_the_stream_when_the_new_section_can_be_found" executed="True" success="True" time="0.002" asserts="4" />
                      <test-case name="StoryTeller.Testing.Model.TestParserTester.run_a_sentence" executed="True" success="True" time="0.001" asserts="2" />
                      <test-case name="StoryTeller.Testing.Model.TestParserTester.run_a_set_verification" executed="True" success="True" time="0.003" asserts="2" />
                      <test-case name="StoryTeller.Testing.Model.TestParserTester.run_a_table" executed="True" success="True" time="0.002" asserts="2" />
                      <test-case name="StoryTeller.Testing.Model.TestParserTester.tell_the_stream_when_there_is_an_invalid_section" executed="True" success="True" time="0.002" asserts="2" />
                      <test-case name="StoryTeller.Testing.Model.TestParserTester.writing_a_comment_relays_to_the_stream_if_not_latches" executed="True" success="True" time="0.001" asserts="2" />
                    </results>
                  </test-suite>
                  <test-suite name="when_a_sentence_writes_out_an_editor" success="True" time="0.023" asserts="0">
                    <results>
                      <test-case name="StoryTeller.Testing.Model.when_a_sentence_writes_out_an_editor.label_adds_text_for_a_sentence" executed="True" success="True" time="0.022" asserts="0" />
                    </results>
                  </test-suite>
                  <test-suite name="when_accepting_grammar_visitor" success="True" time="0.002" asserts="0">
                    <results>
                      <test-case name="StoryTeller.Testing.Model.when_accepting_grammar_visitor.call_the_correct_method" executed="True" success="True" time="0.002" asserts="0" />
                    </results>
                  </test-suite>
                  <test-suite name="when_accepting_the_visitor" success="True" time="0.003" asserts="0">
                    <results>
                      <test-case name="StoryTeller.Testing.Model.when_accepting_the_visitor.call_teh_sentence_method" executed="True" success="True" time="0.002" asserts="0" />
                    </results>
                  </test-suite>
                  <test-suite name="when_adding_a_grammar_structure_to_a_fixturegraph" success="True" time="0.004" asserts="0">
                    <results>
                      <test-case name="StoryTeller.Testing.Model.when_adding_a_grammar_structure_to_a_fixturegraph.puts_the_graph_into_the_parent_property_of_the_grammar" executed="True" success="True" time="0.001" asserts="1" />
                      <test-case name="StoryTeller.Testing.Model.when_adding_a_grammar_structure_to_a_fixturegraph.puts_the_name_of_the_grammar_onto_the_grammar_when_it_is_added_to_the_fixture_graph" executed="True" success="True" time="0.000" asserts="1" />
                    </results>
                  </test-suite>
                  <test-suite name="when_building_the_top_level_graph" success="True" time="0.016" asserts="0">
                    <results>
                      <test-case name="StoryTeller.Testing.Model.when_building_the_top_level_graph.each_embed_sectino_should_have_the_title_from_the_fixture" executed="True" success="True" time="0.003" asserts="3" />
                      <test-case name="StoryTeller.Testing.Model.when_building_the_top_level_graph.each_embed_section_should_have_the_proper_fixture" executed="True" success="True" time="0.000" asserts="3" />
                      <test-case name="StoryTeller.Testing.Model.when_building_the_top_level_graph.embed_section_should_have_the_leaf_name_that_is_the_fixture_alias" executed="True" success="True" time="0.000" asserts="3" />
                      <test-case name="StoryTeller.Testing.Model.when_building_the_top_level_graph.every_child_embedded_section_should_be_titled_and_indented" executed="True" success="True" time="0.003" asserts="11" />
                      <test-case name="StoryTeller.Testing.Model.when_building_the_top_level_graph.grammar_text" executed="True" success="True" time="0.001" asserts="3" />
                      <test-case name="StoryTeller.Testing.Model.when_building_the_top_level_graph.should_have_an_embed_section_for_each_non_private_fixture" executed="True" success="True" time="0.000" asserts="3" />
                      <test-case name="StoryTeller.Testing.Model.when_building_the_top_level_graph.the_selection_mode_has_to_be_one_or_more" executed="True" success="True" time="0.000" asserts="3" />
                    </results>
                  </test-suite>
                  <test-suite name="when_creating_an_example" success="True" time="0.005" asserts="0">
                    <results>
                      <test-case name="StoryTeller.Testing.Model.when_creating_an_example.should_have_an_attribute_for_each_column" executed="True" success="True" time="0.003" asserts="3" />
                      <test-case name="StoryTeller.Testing.Model.when_creating_an_example.should_have_the_child_step" executed="True" success="True" time="0.000" asserts="1" />
                    </results>
                  </test-suite>
                  <test-suite name="when_creating_an_example_for_a_fact" success="True" time="0.002" asserts="0">
                    <results>
                      <test-case name="StoryTeller.Testing.Model.when_creating_an_example_for_a_fact.the_example_step_should_not_have_any_attributes" executed="True" success="True" time="0.001" asserts="2" />
                    </results>
                  </test-suite>
                  <test-suite name="when_creating_an_example_for_a_paragraph" success="True" time="0.003" asserts="0">
                    <results>
                      <test-case name="StoryTeller.Testing.Model.when_creating_an_example_for_a_paragraph.should_have_attributes_for_all_the_child_steps" executed="True" success="True" time="0.002" asserts="4" />
                    </results>
                  </test-suite>
                  <test-suite name="when_creating_an_example_section_from_a_fixturegraph" success="True" time="0.012" asserts="0">
                    <results>
                      <test-case name="StoryTeller.Testing.Model.when_creating_an_example_section_from_a_fixturegraph.the_section_has_examples_for_all_the_grammars_in_the_fixture" executed="True" success="True" time="0.007" asserts="1" />
                      <test-case name="StoryTeller.Testing.Model.when_creating_an_example_section_from_a_fixturegraph.the_section_name_should_be_the_fixture_name" executed="True" success="True" time="0.003" asserts="1" />
                    </results>
                  </test-suite>
                  <test-suite name="when_creating_example" success="True" time="0.004" asserts="0">
                    <results>
                      <test-case name="StoryTeller.Testing.Model.when_creating_example.the_step_grammar_key_should_match_the_parent_key" executed="True" success="True" time="0.004" asserts="3" />
                    </results>
                  </test-suite>
                  <test-suite name="when_creating_the_model_for_a_simple_grammar_line" success="True" time="0.006" asserts="0">
                    <results>
                      <test-case name="StoryTeller.Testing.Model.when_creating_the_model_for_a_simple_grammar_line.should_have_the_correctly_ordered_list_of_sentence_parts_for_the_line_grammar" executed="True" success="True" time="0.004" asserts="15" />
                    </results>
                  </test-suite>
                  <test-suite name="when_creating_the_model_for_a_table_grammar" success="True" time="0.009" asserts="0">
                    <results>
                      <test-case name="StoryTeller.Testing.Model.when_creating_the_model_for_a_table_grammar.should_have_the_label_from_the_grammar" executed="True" success="True" time="0.003" asserts="3" />
                      <test-case name="StoryTeller.Testing.Model.when_creating_the_model_for_a_table_grammar.the_table_should_have_the_cells_from_the_parent_grammar" executed="True" success="True" time="0.002" asserts="4" />
                      <test-case name="StoryTeller.Testing.Model.when_creating_the_model_for_a_table_grammar.the_table_should_have_the_child_step_relationship" executed="True" success="True" time="0.002" asserts="3" />
                    </results>
                  </test-suite>
                  <test-suite name="when_creating_the_model_for_a_verification_grammar" success="True" time="0.010" asserts="0">
                    <results>
                      <test-case name="StoryTeller.Testing.Model.when_creating_the_model_for_a_verification_grammar.should_derive_the_cells_from_the_verification_grammar" executed="True" success="True" time="0.004" asserts="5" />
                      <test-case name="StoryTeller.Testing.Model.when_creating_the_model_for_a_verification_grammar.should_have_the_child_step_name_from_the_grammar" executed="True" success="True" time="0.002" asserts="3" />
                      <test-case name="StoryTeller.Testing.Model.when_creating_the_model_for_a_verification_grammar.should_have_the_label_from_the_verification_grammar" executed="True" success="True" time="0.002" asserts="3" />
                    </results>
                  </test-suite>
                  <test-suite name="when_determining_the_inputs_for_display" success="True" time="0.012" asserts="0">
                    <results>
                      <test-case name="StoryTeller.Testing.Model.when_determining_the_inputs_for_display.get_hidden_display_1" executed="True" success="True" time="0.003" asserts="1" />
                      <test-case name="StoryTeller.Testing.Model.when_determining_the_inputs_for_display.get_hidden_display_2" executed="True" success="True" time="0.000" asserts="1" />
                      <test-case name="StoryTeller.Testing.Model.when_determining_the_inputs_for_display.get_inputs_for_display_when_no_optional_atts_are_used" executed="True" success="True" time="0.002" asserts="1" />
                      <test-case name="StoryTeller.Testing.Model.when_determining_the_inputs_for_display.get_inputs_for_display_with_some_of_the_optional_atts_used" executed="True" success="True" time="0.001" asserts="1" />
                      <test-case name="StoryTeller.Testing.Model.when_determining_the_inputs_for_display.mandatory_cells_should_always_be_shown_even_if_a_value_is_missing_in_step" executed="True" success="True" time="0.001" asserts="1" />
                    </results>
                  </test-suite>
                  <test-suite name="when_filtering_a_fixture_library" success="True" time="0.028" asserts="0">
                    <results>
                      <test-case name="StoryTeller.Testing.Model.when_filtering_a_fixture_library.filtered_library_is_a_different_library_with_only_the_fixtures_that_matched_the_criteria" executed="True" success="True" time="0.028" asserts="6" />
                    </results>
                  </test-suite>
                  <test-suite name="when_paragraph_accepts_a_grammar_visitor" success="True" time="0.003" asserts="0">
                    <results>
                      <test-case name="StoryTeller.Testing.Model.when_paragraph_accepts_a_grammar_visitor.should_call_the_paragraph_member" executed="True" success="True" time="0.003" asserts="0" />
                    </results>
                  </test-suite>
                  <test-suite name="when_parsing_the_model_for_a_fixture_with_two_line_grammars" success="True" time="0.009" asserts="0">
                    <results>
                      <test-case name="StoryTeller.Testing.Model.when_parsing_the_model_for_a_fixture_with_two_line_grammars.should_create_a_sentence_for_the_go_method" executed="True" success="True" time="0.003" asserts="2" />
                      <test-case name="StoryTeller.Testing.Model.when_parsing_the_model_for_a_fixture_with_two_line_grammars.should_create_a_sentence_for_the_WhoAmI_method" executed="True" success="True" time="0.002" asserts="2" />
                      <test-case name="StoryTeller.Testing.Model.when_parsing_the_model_for_a_fixture_with_two_line_grammars.should_find_two_grammars_in_the_fixture" executed="True" success="True" time="0.003" asserts="1" />
                    </results>
                  </test-suite>
                  <test-suite name="when_setting_the_default_value_for_a_key" success="True" time="0.003" asserts="0">
                    <results>
                      <test-case name="StoryTeller.Testing.Model.when_setting_the_default_value_for_a_key.the_attribute_for_each_step_in_the_leaf_should_be_the_default_value_of_that_cell" executed="True" success="True" time="0.003" asserts="4" />
                    </results>
                  </test-suite>
                  <test-suite name="when_testing_the_is_mandatory_auto_select_grammar" success="True" time="0.014" asserts="0">
                    <results>
                      <test-case name="StoryTeller.Testing.Model.when_testing_the_is_mandatory_auto_select_grammar.negative_case" executed="True" success="True" time="0.008" asserts="1" />
                      <test-case name="StoryTeller.Testing.Model.when_testing_the_is_mandatory_auto_select_grammar.positive_case" executed="True" success="True" time="0.004" asserts="1" />
                    </results>
                  </test-suite>
                  <test-suite name="when_using_the_constraints_model_to_determine_the_possible_grammars" success="True" time="0.005" asserts="0">
                    <results>
                      <test-case name="StoryTeller.Testing.Model.when_using_the_constraints_model_to_determine_the_possible_grammars.the_possible_grammars_should_not_include_the_hidden_grammars" executed="True" success="True" time="0.002" asserts="5" />
                      <test-case name="StoryTeller.Testing.Model.when_using_the_constraints_model_to_determine_the_possible_grammars.the_possible_grammars_should_not_include_the_hidden_grammars_using_the_top_level_method" executed="True" success="True" time="0.001" asserts="5" />
                    </results>
                  </test-suite>
                  <test-suite name="when_writing_an_example" success="True" time="0.004" asserts="0">
                    <results>
                      <test-case name="StoryTeller.Testing.Model.when_writing_an_example.should_have_all_the_attributes_for_the_cells_in_the_sentence" executed="True" success="True" time="0.001" asserts="4" />
                      <test-case name="StoryTeller.Testing.Model.when_writing_an_example.the_description_should_be_the_description_of_the_sentence" executed="True" success="True" time="0.000" asserts="1" />
                      <test-case name="StoryTeller.Testing.Model.when_writing_an_example.the_step_name_should_be_the_grammar_key_of_the_sentence" executed="True" success="True" time="0.001" asserts="1" />
                    </results>
                  </test-suite>
                </results>
              </test-suite>
              <test-suite name="monkey_around" success="True" time="0.007" asserts="0">
                <results>
                  <test-case name="StoryTeller.Testing.monkey_around.look_at_illegal_characters" executed="True" success="True" time="0.005" asserts="0" />
                </results>
              </test-suite>
              <test-suite name="Persistence" success="True" time="0.039" asserts="0">
                <results>
                  <test-suite name="JsonNodeTester" success="True" time="0.018" asserts="0">
                    <results>
                      <test-case name="StoryTeller.Testing.Persistence.JsonNodeTester.for_each_attribute" executed="True" success="True" time="0.002" asserts="4" />
                      <test-case name="StoryTeller.Testing.Persistence.JsonNodeTester.for_each_child" executed="True" success="True" time="0.001" asserts="6" />
                      <test-case name="StoryTeller.Testing.Persistence.JsonNodeTester.get_the_name" executed="True" success="True" time="0.001" asserts="1" />
                      <test-case name="StoryTeller.Testing.Persistence.JsonNodeTester.is_comment" executed="True" success="True" time="0.000" asserts="2" />
                      <test-case name="StoryTeller.Testing.Persistence.JsonNodeTester.read_and_write_attributes" executed="True" success="True" time="0.000" asserts="2" />
                      <test-case name="StoryTeller.Testing.Persistence.JsonNodeTester.read_and_write_inner_text" executed="True" success="True" time="0.000" asserts="1" />
                      <test-case name="StoryTeller.Testing.Persistence.JsonNodeTester.reading_a_non_existent_attribute_returns_empty_string_to_mimic_XmlNode" executed="True" success="True" time="0.000" asserts="1" />
                      <test-case name="StoryTeller.Testing.Persistence.JsonNodeTester.write_a_second_test" executed="True" success="True" time="0.002" asserts="0" />
                      <test-case name="StoryTeller.Testing.Persistence.JsonNodeTester.write_a_test" executed="True" success="True" time="0.005" asserts="0" />
                    </results>
                  </test-suite>
                  <test-suite name="XmlTestWriterTester" success="True" time="0.019" asserts="0">
                    <results>
                      <test-case name="StoryTeller.Testing.Persistence.XmlTestWriterTester.should_write_out_the_lifecycle" executed="True" success="True" time="0.017" asserts="1" />
                    </results>
                  </test-suite>
                </results>
              </test-suite>
              <test-suite name="Step_Validation_tester" success="True" time="0.005" asserts="0">
                <results>
                  <test-case name="StoryTeller.Testing.Step_Validation_tester.all_valid_step" executed="True" success="True" time="0.000" asserts="1" />
                  <test-case name="StoryTeller.Testing.Step_Validation_tester.do_not_log_a_missing_attribute_if_the_cell_has_a_default_value" executed="True" success="True" time="0.001" asserts="1" />
                  <test-case name="StoryTeller.Testing.Step_Validation_tester.find_a_missing_and_extra_attribute" executed="True" success="True" time="0.002" asserts="5" />
                  <test-case name="StoryTeller.Testing.Step_Validation_tester.find_a_missing_attribute" executed="True" success="True" time="0.000" asserts="4" />
                  <test-case name="StoryTeller.Testing.Step_Validation_tester.find_an_extra_attribute" executed="True" success="True" time="0.001" asserts="4" />
                </results>
              </test-suite>
              <test-suite name="StepTester" success="True" time="0.031" asserts="0">
                <results>
                  <test-case name="StoryTeller.Testing.StepTester.accept_a_visitor" executed="True" success="True" time="0.008" asserts="0" />
                  <test-case name="StoryTeller.Testing.StepTester.has_checks_the_cache" executed="True" success="True" time="0.000" asserts="2" />
                  <test-case name="StoryTeller.Testing.StepTester.shallow_clone" executed="True" success="True" time="0.001" asserts="5" />
                  <test-case name="StoryTeller.Testing.StepTester.step_childstepsfor_is_wired_up" executed="True" success="True" time="0.001" asserts="0" />
                  <test-case name="StoryTeller.Testing.StepTester.step_count_of_a_step_with_child_leaves" executed="True" success="True" time="0.018" asserts="1" />
                  <test-case name="StoryTeller.Testing.StepTester.step_count_of_a_step_with_child_leaves_and_grand_children" executed="True" success="True" time="0.001" asserts="1" />
                  <test-case name="StoryTeller.Testing.StepTester.step_count_of_a_step_with_no_child_leaves" executed="True" success="True" time="0.001" asserts="1" />
                </results>
              </test-suite>
              <test-suite name="SuiteTester" success="True" time="0.013" asserts="0">
                <results>
                  <test-case name="StoryTeller.Testing.SuiteTester.adding_a_suite_makes_the_parent_to_child_relationship" executed="True" success="True" time="0.002" asserts="2" />
                  <test-case name="StoryTeller.Testing.SuiteTester.adding_a_test_to_a_suite_sets_the_suite_as_the_tests_parent" executed="True" success="True" time="0.001" asserts="2" />
                  <test-case name="StoryTeller.Testing.SuiteTester.contains_works_n_deep" executed="True" success="True" time="0.001" asserts="8" />
                  <test-case name="StoryTeller.Testing.SuiteTester.find_test_recursive" executed="True" success="True" time="0.002" asserts="1" />
                  <test-case name="StoryTeller.Testing.SuiteTester.get_all_tests_n_deep" executed="True" success="True" time="0.001" asserts="3" />
                  <test-case name="StoryTeller.Testing.SuiteTester.get_path_if_has_suite_parent" executed="True" success="True" time="0.000" asserts="1" />
                  <test-case name="StoryTeller.Testing.SuiteTester.get_path_if_no_parent" executed="True" success="True" time="0.000" asserts="1" />
                  <test-case name="StoryTeller.Testing.SuiteTester.get_path_with_hierarchy_at_top" executed="True" success="True" time="0.001" asserts="3" />
                </results>
              </test-suite>
              <test-suite name="TestConverterTester" success="True" time="0.071" asserts="0">
                <results>
                  <test-case name="StoryTeller.Testing.TestConverterTester.apply_changes_integrated_tester" executed="True" success="True" time="0.065" asserts="1" />
                  <test-case name="StoryTeller.Testing.TestConverterTester.apply_json_changes_integrated_tester" executed="True" success="True" time="0.003" asserts="4" />
                  <test-case name="StoryTeller.Testing.TestConverterTester.Clone" executed="True" success="True" time="0.001" asserts="2" />
                </results>
              </test-suite>
              <test-suite name="TestTester" success="True" time="0.027" asserts="0">
                <results>
                  <test-case name="StoryTeller.Testing.TestTester.absorb_changes" executed="True" success="True" time="0.002" asserts="4" />
                  <test-case name="StoryTeller.Testing.TestTester.add_comment" executed="True" success="True" time="0.001" asserts="3" />
                  <test-case name="StoryTeller.Testing.TestTester.clone_a_test" executed="True" success="True" time="0.001" asserts="3" />
                  <test-case name="StoryTeller.Testing.TestTester.get_path_under_a_hierarchy" executed="True" success="True" time="0.001" asserts="4" />
                  <test-case name="StoryTeller.Testing.TestTester.get_path_with_parent" executed="True" success="True" time="0.000" asserts="1" />
                  <test-case name="StoryTeller.Testing.TestTester.get_path_without_a_parent" executed="True" success="True" time="0.000" asserts="1" />
                  <test-case name="StoryTeller.Testing.TestTester.get_status_for_a_successful_test" executed="True" success="True" time="0.001" asserts="1" />
                  <test-case name="StoryTeller.Testing.TestTester.get_status_on_a_failed_test" executed="True" success="True" time="0.001" asserts="1" />
                  <test-case name="StoryTeller.Testing.TestTester.get_status_without_a_result" executed="True" success="True" time="0.001" asserts="1" />
                  <test-case name="StoryTeller.Testing.TestTester.is_empty_with_no_sections" executed="True" success="True" time="0.001" asserts="1" />
                  <test-case name="StoryTeller.Testing.TestTester.is_empty_with_some_sections" executed="True" success="True" time="0.001" asserts="1" />
                  <test-case name="StoryTeller.Testing.TestTester.is_in_workspace" executed="True" success="True" time="0.001" asserts="9" />
                  <test-case name="StoryTeller.Testing.TestTester.lifecycle_is_acceptance_by_default" executed="True" success="True" time="0.000" asserts="1" />
                  <test-case name="StoryTeller.Testing.TestTester.reset_clears_out_the_last_result" executed="True" success="True" time="0.000" asserts="1" />
                  <test-case name="StoryTeller.Testing.TestTester.reset_sets_the_execution_time_to_zero" executed="True" success="True" time="0.000" asserts="1" />
                  <test-case name="StoryTeller.Testing.TestTester.return_a_blank_workspace_if_test_has_no_parent" executed="True" success="True" time="0.001" asserts="5" />
                  <test-case name="StoryTeller.Testing.TestTester.return_the_workspace_filter_from_parent_suite" executed="True" success="True" time="0.001" asserts="1" />
                  <test-case name="StoryTeller.Testing.TestTester.return_the_workspace_filter_from_the_ultimate_parent_suite" executed="True" success="True" time="0.001" asserts="1" />
                  <test-case name="StoryTeller.Testing.TestTester.toggle_the_lifecycle_from_acceptance" executed="True" success="True" time="0.000" asserts="1" />
                  <test-case name="StoryTeller.Testing.TestTester.toggle_the_lifecycle_from_initial_state" executed="True" success="True" time="0.000" asserts="1" />
                  <test-case name="StoryTeller.Testing.TestTester.toggle_the_lifecycle_from_regression" executed="True" success="True" time="0.000" asserts="1" />
                  <test-case name="StoryTeller.Testing.TestTester.use_filename_derived_from_test_name_if_the_filename_is_not_supplied" executed="True" success="True" time="0.000" asserts="1" />
                  <test-case name="StoryTeller.Testing.TestTester.use_saved_filename_if_it_exists" executed="True" success="True" time="0.000" asserts="1" />
                </results>
              </test-suite>
              <test-suite name="Usages" success="True" time="3.546" asserts="0">
                <results>
                  <test-suite name="UsageGraphIntegratedTester" success="True" time="3.546" asserts="0">
                    <results>
                      <test-case name="StoryTeller.Testing.Usages.UsageGraphIntegratedTester.find_fixture_usage_for_a_workspace" executed="True" success="True" time="1.207" asserts="5" />
                      <test-case name="StoryTeller.Testing.Usages.UsageGraphIntegratedTester.find_fixture_usage_for_a_workspace_including_embedded_sections" executed="True" success="True" time="1.133" asserts="5" />
                      <test-case name="StoryTeller.Testing.Usages.UsageGraphIntegratedTester.find_fixture_usage_for_a_workspace_including_paragraphs" executed="True" success="True" time="1.204" asserts="4" />
                    </results>
                  </test-suite>
                </results>
              </test-suite>
              <test-suite name="UserInterface" success="True" time="25.323" asserts="0">
                <results>
                  <test-suite name="can_get_the_test_status_from_the_container" success="True" time="0.175" asserts="0">
                    <results>
                      <test-case name="StoryTeller.Testing.UserInterface.can_get_the_test_status_from_the_container.smoke_test_if_can_get_the_test_status" executed="True" success="True" time="0.175" asserts="1" />
                    </results>
                  </test-suite>
                  <test-suite name="Commands" success="True" time="0.277" asserts="0">
                    <results>
                      <test-suite name="ActionMenuItemTester" success="True" time="0.016" asserts="0">
                        <results>
                          <test-case name="StoryTeller.Testing.UserInterface.Commands.ActionMenuItemTester.the_icon_is_from_the_action" executed="True" success="True" time="0.003" asserts="3" />
                          <test-case name="StoryTeller.Testing.UserInterface.Commands.ActionMenuItemTester.the_menu_is_enabled_or_disabled_by_the_enabled_flag" executed="True" success="True" time="0.012" asserts="2" />
                          <test-case name="StoryTeller.Testing.UserInterface.Commands.ActionMenuItemTester.the_text_is_from_the_command" executed="True" success="True" time="0.001" asserts="1" />
                        </results>
                      </test-suite>
                      <test-suite name="AddWorkspaceCommandTester" success="True" time="0.031" asserts="0">
                        <results>
                          <test-case name="StoryTeller.Testing.UserInterface.Commands.AddWorkspaceCommandTester.when_executed_open_dialog" executed="True" success="True" time="0.027" asserts="0" />
                        </results>
                      </test-suite>
                      <test-suite name="MarkAcceptanceCommandTester" success="True" time="0.065" asserts="0">
                        <results>
                          <test-case name="StoryTeller.Testing.UserInterface.Commands.MarkAcceptanceCommandTester.should_have_saved_the_changed_tests" executed="True" success="True" time="0.057" asserts="0" />
                          <test-case name="StoryTeller.Testing.UserInterface.Commands.MarkAcceptanceCommandTester.should_have_toggled_the_lifecyle_of_all_regression_tests_to_acceptance" executed="True" success="True" time="0.002" asserts="8" />
                          <test-case name="StoryTeller.Testing.UserInterface.Commands.MarkAcceptanceCommandTester.should_reset_the_filter" executed="True" success="True" time="0.004" asserts="0" />
                        </results>
                      </test-suite>
                      <test-suite name="MarkRegressionCommandTester" success="True" time="0.020" asserts="0">
                        <results>
                          <test-case name="StoryTeller.Testing.UserInterface.Commands.MarkRegressionCommandTester.should_have_saved_the_changed_tests" executed="True" success="True" time="0.010" asserts="0" />
                          <test-case name="StoryTeller.Testing.UserInterface.Commands.MarkRegressionCommandTester.should_have_toggled_the_lifecyle_of_all_regression_tests_to_acceptance" executed="True" success="True" time="0.006" asserts="8" />
                          <test-case name="StoryTeller.Testing.UserInterface.Commands.MarkRegressionCommandTester.should_reset_the_filter" executed="True" success="True" time="0.003" asserts="0" />
                        </results>
                      </test-suite>
                      <test-suite name="RunSuiteCommandTester" success="True" time="0.015" asserts="0">
                        <results>
                          <test-case name="StoryTeller.Testing.UserInterface.Commands.RunSuiteCommandTester.executing_the_command_queues_all_the_tests" executed="True" success="True" time="0.013" asserts="0" />
                          <test-case name="StoryTeller.Testing.UserInterface.Commands.RunSuiteCommandTester.should_filter_the_tests_against_the_current_filter" executed="True" success="True" time="0.001" asserts="0" />
                        </results>
                      </test-suite>
                      <test-suite name="RunTestCommandTester" success="True" time="0.017" asserts="0">
                        <results>
                          <test-case name="StoryTeller.Testing.UserInterface.Commands.RunTestCommandTester.command_is_disabled_if_the_test_is_currently_executing" executed="True" success="True" time="0.011" asserts="1" />
                          <test-case name="StoryTeller.Testing.UserInterface.Commands.RunTestCommandTester.command_is_disabled_if_the_test_is_currently_in_the_queue" executed="True" success="True" time="0.002" asserts="1" />
                          <test-case name="StoryTeller.Testing.UserInterface.Commands.RunTestCommandTester.command_is_enabled_if_the_test_is_not_in_the_queue" executed="True" success="True" time="0.002" asserts="1" />
                          <test-case name="StoryTeller.Testing.UserInterface.Commands.RunTestCommandTester.executing_the_command_simply_queues_the_test" executed="True" success="True" time="0.002" asserts="0" />
                        </results>
                      </test-suite>
                      <test-suite name="when_creating_a_new_suite" success="True" time="0.008" asserts="0">
                        <results>
                          <test-case name="StoryTeller.Testing.UserInterface.Commands.when_creating_a_new_suite.should_create_and_add_the_new_suite_to_the_parent_suite" executed="True" success="True" time="0.005" asserts="4" />
                          <test-case name="StoryTeller.Testing.UserInterface.Commands.when_creating_a_new_suite.should_send_an_add_suite_message" executed="True" success="True" time="0.003" asserts="0" />
                        </results>
                      </test-suite>
                      <test-suite name="when_creating_a_new_test" success="True" time="0.023" asserts="0">
                        <results>
                          <test-case name="StoryTeller.Testing.UserInterface.Commands.when_creating_a_new_test.should_add_the_test_to_the_suite" executed="True" success="True" time="0.005" asserts="1" />
                          <test-case name="StoryTeller.Testing.UserInterface.Commands.when_creating_a_new_test.should_raise_a_save_test_message" executed="True" success="True" time="0.003" asserts="0" />
                          <test-case name="StoryTeller.Testing.UserInterface.Commands.when_creating_a_new_test.should_raise_test_added_message" executed="True" success="True" time="0.003" asserts="0" />
                          <test-case name="StoryTeller.Testing.UserInterface.Commands.when_creating_a_new_test.should_request_the_new_test_be_opened" executed="True" success="True" time="0.003" asserts="0" />
                          <test-case name="StoryTeller.Testing.UserInterface.Commands.when_creating_a_new_test.the_test_should_have_the_name_passed_in_from_the_user" executed="True" success="True" time="0.001" asserts="1" />
                        </results>
                      </test-suite>
                      <test-suite name="when_creating_a_new_test_by_cloning" success="True" time="0.016" asserts="0">
                        <results>
                          <test-case name="StoryTeller.Testing.UserInterface.Commands.when_creating_a_new_test_by_cloning.should_add_the_test_to_the_suite" executed="True" success="True" time="0.005" asserts="1" />
                          <test-case name="StoryTeller.Testing.UserInterface.Commands.when_creating_a_new_test_by_cloning.should_clone_the_original_test" executed="True" success="True" time="0.002" asserts="4" />
                          <test-case name="StoryTeller.Testing.UserInterface.Commands.when_creating_a_new_test_by_cloning.should_raise_a_save_test_message" executed="True" success="True" time="0.002" asserts="0" />
                          <test-case name="StoryTeller.Testing.UserInterface.Commands.when_creating_a_new_test_by_cloning.should_raise_test_added_message" executed="True" success="True" time="0.001" asserts="0" />
                          <test-case name="StoryTeller.Testing.UserInterface.Commands.when_creating_a_new_test_by_cloning.should_request_the_new_test_be_opened" executed="True" success="True" time="0.001" asserts="0" />
                          <test-case name="StoryTeller.Testing.UserInterface.Commands.when_creating_a_new_test_by_cloning.the_test_should_have_the_name_passed_in_from_the_user" executed="True" success="True" time="0.002" asserts="1" />
                        </results>
                      </test-suite>
                      <test-suite name="when_creating_a_new_workspace" success="True" time="0.004" asserts="0">
                        <results>
                          <test-case name="StoryTeller.Testing.UserInterface.Commands.when_creating_a_new_workspace.should_broadcast_a_suite_added_message" executed="True" success="True" time="0.003" asserts="0" />
                          <test-case name="StoryTeller.Testing.UserInterface.Commands.when_creating_a_new_workspace.should_have_added_a_new_workspace_suite_to_the_hierarchy" executed="True" success="True" time="0.001" asserts="3" />
                        </results>
                      </test-suite>
                      <test-suite name="when_deleting_a_test_and_the_user_accepts_the_delete" success="True" time="0.032" asserts="0">
                        <results>
                          <test-case name="StoryTeller.Testing.UserInterface.Commands.when_deleting_a_test_and_the_user_accepts_the_delete.should_ask_the_user_if_they_wish_to_delete_the_test" executed="True" success="True" time="0.029" asserts="0" />
                          <test-case name="StoryTeller.Testing.UserInterface.Commands.when_deleting_a_test_and_the_user_accepts_the_delete.should_delete_the_test" executed="True" success="True" time="0.002" asserts="0" />
                        </results>
                      </test-suite>
                      <test-suite name="when_deleting_a_test_and_the_user_cancels_the_delete" success="True" time="0.007" asserts="0">
                        <results>
                          <test-case name="StoryTeller.Testing.UserInterface.Commands.when_deleting_a_test_and_the_user_cancels_the_delete.should_ask_the_user_if_they_wish_to_delete_the_test" executed="True" success="True" time="0.003" asserts="0" />
                          <test-case name="StoryTeller.Testing.UserInterface.Commands.when_deleting_a_test_and_the_user_cancels_the_delete.should_not_delete_the_test" executed="True" success="True" time="0.004" asserts="0" />
                        </results>
                      </test-suite>
                      <test-suite name="when_executing_clone_test" success="True" time="0.003" asserts="0">
                        <results>
                          <test-case name="StoryTeller.Testing.UserInterface.Commands.when_executing_clone_test.executing_launches_the_dialog_with_itself" executed="True" success="True" time="0.003" asserts="0" />
                        </results>
                      </test-suite>
                      <test-suite name="when_executing_the_AddSuite_command" success="True" time="0.002" asserts="0">
                        <results>
                          <test-case name="StoryTeller.Testing.UserInterface.Commands.when_executing_the_AddSuite_command.should_launch_a_dialog_with_itself" executed="True" success="True" time="0.002" asserts="0" />
                        </results>
                      </test-suite>
                      <test-suite name="when_executing_the_command" success="True" time="0.002" asserts="0">
                        <results>
                          <test-case name="StoryTeller.Testing.UserInterface.Commands.when_executing_the_command.should_launch_a_dialog_with_itself" executed="True" success="True" time="0.002" asserts="0" />
                        </results>
                      </test-suite>
                    </results>
                  </test-suite>
                  <test-suite name="Controls" success="True" time="0.017" asserts="0">
                    <results>
                      <test-suite name="when_responding_to_the_project_loaded_event" success="True" time="0.016" asserts="0">
                        <results>
                          <test-case name="StoryTeller.Testing.UserInterface.Controls.when_responding_to_the_project_loaded_event.refresh_the_stop_conditions_value_for_timeout_in_seconds" executed="True" success="True" time="0.007" asserts="1" />
                          <test-case name="StoryTeller.Testing.UserInterface.Controls.when_responding_to_the_project_loaded_event.update_the_view_itself" executed="True" success="True" time="0.003" asserts="1" />
                        </results>
                      </test-suite>
                    </results>
                  </test-suite>
                  <test-suite name="Dialogs" success="True" time="0.843" asserts="0">
                    <results>
                      <test-suite name="AddSuiteTester" success="True" time="0.334" asserts="0">
                        <results>
                          <test-case name="StoryTeller.Testing.UserInterface.Dialogs.AddSuiteTester.change_the_name_then_clear_it_out_disables_the_create_button" executed="True" success="True" time="0.303" asserts="1" />
                          <test-case name="StoryTeller.Testing.UserInterface.Dialogs.AddSuiteTester.clicking_on_create_when_it_is_enabled_calls_to_the_command_to_create_the_test" executed="True" success="True" time="0.017" asserts="0" />
                          <test-case name="StoryTeller.Testing.UserInterface.Dialogs.AddSuiteTester.putting_text_into_the_name_enables_the_create_button" executed="True" success="True" time="0.008" asserts="1" />
                          <test-case name="StoryTeller.Testing.UserInterface.Dialogs.AddSuiteTester.the_create_button_is_initially_disabled" executed="True" success="True" time="0.006" asserts="1" />
                        </results>
                      </test-suite>
                      <test-suite name="AddTestTester" success="True" time="0.096" asserts="0">
                        <results>
                          <test-case name="StoryTeller.Testing.UserInterface.Dialogs.AddTestTester.change_the_name_then_clear_it_out_disables_the_create_button" executed="True" success="True" time="0.072" asserts="1" />
                          <test-case name="StoryTeller.Testing.UserInterface.Dialogs.AddTestTester.clicking_on_create_when_it_is_enabled_calls_to_the_command_to_create_the_test" executed="True" success="True" time="0.012" asserts="0" />
                          <test-case name="StoryTeller.Testing.UserInterface.Dialogs.AddTestTester.putting_text_into_the_name_enables_the_create_button" executed="True" success="True" time="0.005" asserts="1" />
                          <test-case name="StoryTeller.Testing.UserInterface.Dialogs.AddTestTester.the_create_button_is_initially_disabled" executed="True" success="True" time="0.005" asserts="1" />
                        </results>
                      </test-suite>
                      <test-suite name="DialogLauncherTester" success="True" time="0.407" asserts="0">
                        <results>
                          <test-case name="StoryTeller.Testing.UserInterface.Dialogs.DialogLauncherTester.the_command_should_be_sent_to_the_view_through_the_constructor_of_the_view" executed="True" success="True" time="0.344" asserts="3" />
                          <test-case name="StoryTeller.Testing.UserInterface.Dialogs.DialogLauncherTester.the_dialog_should_have_a_stub_dialog_view_as_the_content" executed="True" success="True" time="0.061" asserts="2" />
                        </results>
                      </test-suite>
                    </results>
                  </test-suite>
                  <test-suite name="Editing" success="True" time="0.673" asserts="0">
                    <results>
                      <test-suite name="EmbedsTester" success="True" time="0.049" asserts="0">
                        <results>
                          <test-case name="StoryTeller.Testing.UserInterface.Editing.EmbedsTester.Embeds_write_files_smoke_test" executed="True" success="True" time="0.044" asserts="0" />
                          <test-case name="StoryTeller.Testing.UserInterface.Editing.EmbedsTester.get_javascript_files" executed="True" success="True" time="0.001" asserts="1" />
                          <test-case name="StoryTeller.Testing.UserInterface.Editing.EmbedsTester.smoke_test_javascript_file" executed="True" success="True" time="0.002" asserts="2" />
                          <test-case name="StoryTeller.Testing.UserInterface.Editing.EmbedsTester.test_editor_css_returns_data_smoke_test" executed="True" success="True" time="0.001" asserts="1" />
                        </results>
                      </test-suite>
                      <test-suite name="HTML" success="True" time="0.595" asserts="0">
                        <results>
                          <test-suite name="CommentTagTester" success="True" time="0.000" asserts="0">
                            <results />
                          </test-suite>
                          <test-suite name="FixtureTagTester" success="True" time="0.034" asserts="0">
                            <results>
                              <test-case name="StoryTeller.Testing.UserInterface.Editing.HTML.FixtureTagTester.do_not_write_remove_link_for_the_mandatory_autoselect_grammar" executed="True" success="True" time="0.030" asserts="1" />
                              <test-case name="StoryTeller.Testing.UserInterface.Editing.HTML.FixtureTagTester.the_first_child_should_be_a_comment_tag" executed="True" success="True" time="0.001" asserts="4" />
                              <test-case name="StoryTeller.Testing.UserInterface.Editing.HTML.FixtureTagTester.write_a_div_with_the_id" executed="True" success="True" time="0.002" asserts="2" />
                            </results>
                          </test-suite>
                          <test-suite name="GrammarSelectorTester" success="True" time="0.105" asserts="0">
                            <results>
                              <test-case name="StoryTeller.Testing.UserInterface.Editing.HTML.GrammarSelectorTester.close_should_appear_in_the_html_for_a_multiple_selection_fixture" executed="True" success="True" time="0.091" asserts="1" />
                              <test-case name="StoryTeller.Testing.UserInterface.Editing.HTML.GrammarSelectorTester.close_should_not_appear_in_the_html_for_a_single_selection_fixture" executed="True" success="True" time="0.002" asserts="1" />
                              <test-case name="StoryTeller.Testing.UserInterface.Editing.HTML.GrammarSelectorTester.required_should_appear_in_the_html_for_a_single_selection_fixture" executed="True" success="True" time="0.001" asserts="1" />
                              <test-case name="StoryTeller.Testing.UserInterface.Editing.HTML.GrammarSelectorTester.required_should_not_appear_in_the_html_for_a_multiple_selection_fixture" executed="True" success="True" time="0.000" asserts="1" />
                            </results>
                          </test-suite>
                          <test-suite name="GrammarTagTester" success="True" time="0.008" asserts="0">
                            <results>
                              <test-case name="StoryTeller.Testing.UserInterface.Editing.HTML.GrammarTagTester.adding_a_close_link_adds_to_itself_if_there_is_no_header_tag" executed="True" success="True" time="0.001" asserts="2" />
                              <test-case name="StoryTeller.Testing.UserInterface.Editing.HTML.GrammarTagTester.adding_a_close_link_adds_to_the_header_tag_if_it_exists" executed="True" success="True" time="0.002" asserts="2" />
                              <test-case name="StoryTeller.Testing.UserInterface.Editing.HTML.GrammarTagTester.has_the_meta_data_tag_for_key" executed="True" success="True" time="0.001" asserts="1" />
                              <test-case name="StoryTeller.Testing.UserInterface.Editing.HTML.GrammarTagTester.has_the_step_class" executed="True" success="True" time="0.001" asserts="1" />
                              <test-case name="StoryTeller.Testing.UserInterface.Editing.HTML.GrammarTagTester.read_the_name_and_description" executed="True" success="True" time="0.001" asserts="2" />
                            </results>
                          </test-suite>
                          <test-suite name="HolderTagTester" success="True" time="0.005" asserts="0">
                            <results>
                              <test-case name="StoryTeller.Testing.UserInterface.Editing.HTML.HolderTagTester.should_not_show_the_add_grammar_text_for_mandatory_auto_selection" executed="True" success="True" time="0.001" asserts="1" />
                              <test-case name="StoryTeller.Testing.UserInterface.Editing.HTML.HolderTagTester.should_not_show_the_add_grammar_text_for_single_selection" executed="True" success="True" time="0.000" asserts="1" />
                              <test-case name="StoryTeller.Testing.UserInterface.Editing.HTML.HolderTagTester.should_show_the_add_grammar_text_for_non_single_selection" executed="True" success="True" time="0.000" asserts="1" />
                            </results>
                          </test-suite>
                          <test-suite name="RemoveLinkTagTester" success="True" time="0.014" asserts="0">
                            <results>
                              <test-case name="StoryTeller.Testing.UserInterface.Editing.HTML.RemoveLinkTagTester.should_have_the_delete_step_class" executed="True" success="True" time="0.001" asserts="1" />
                              <test-case name="StoryTeller.Testing.UserInterface.Editing.HTML.RemoveLinkTagTester.text_for_multiple_selection_mode_should_be_delete" executed="True" success="True" time="0.004" asserts="1" />
                              <test-case name="StoryTeller.Testing.UserInterface.Editing.HTML.RemoveLinkTagTester.text_for_single_selection_fixture_should_be_change" executed="True" success="True" time="0.006" asserts="1" />
                            </results>
                          </test-suite>
                          <test-suite name="SentenceWriterTester" success="True" time="0.002" asserts="0">
                            <results>
                              <test-case name="StoryTeller.Testing.UserInterface.Editing.HTML.SentenceWriterTester.write_text" executed="True" success="True" time="0.001" asserts="2" />
                            </results>
                          </test-suite>
                          <test-suite name="TableTemplateTagTester" success="True" time="0.013" asserts="0">
                            <results>
                              <test-case name="StoryTeller.Testing.UserInterface.Editing.HTML.TableTemplateTagTester.cell_header_tag_writes_mandatory_correctly" executed="True" success="True" time="0.012" asserts="5" />
                            </results>
                          </test-suite>
                          <test-suite name="TestEditorTagTester" success="True" time="0.029" asserts="0">
                            <results>
                              <test-case name="StoryTeller.Testing.UserInterface.Editing.HTML.TestEditorTagTester.write_out_the_html" executed="True" success="True" time="0.027" asserts="0" />
                            </results>
                          </test-suite>
                          <test-suite name="TextboxBuilderTester" success="True" time="0.006" asserts="0">
                            <results>
                              <test-case name="StoryTeller.Testing.UserInterface.Editing.HTML.TextboxBuilderTester.when_writing_the_validation_attributes_for_an_integer_cell" executed="True" success="True" time="0.001" asserts="2" />
                              <test-case name="StoryTeller.Testing.UserInterface.Editing.HTML.TextboxBuilderTester.when_writing_the_validation_attributes_for_an_long_cell" executed="True" success="True" time="0.001" asserts="2" />
                              <test-case name="StoryTeller.Testing.UserInterface.Editing.HTML.TextboxBuilderTester.when_writing_the_validation_for_a_double_cell" executed="True" success="True" time="0.001" asserts="2" />
                              <test-case name="StoryTeller.Testing.UserInterface.Editing.HTML.TextboxBuilderTester.when_writing_the_validation_for_a_float_cell" executed="True" success="True" time="0.001" asserts="2" />
                            </results>
                          </test-suite>
                          <test-suite name="when_adding_a_structure_to_the_fixture_tag" success="True" time="0.004" asserts="0">
                            <results>
                              <test-case name="StoryTeller.Testing.UserInterface.Editing.HTML.when_adding_a_structure_to_the_fixture_tag.should_add_the_child" executed="True" success="True" time="0.002" asserts="0" />
                              <test-case name="StoryTeller.Testing.UserInterface.Editing.HTML.when_adding_a_structure_to_the_fixture_tag.should_create_a_new_grammar_tag_for_that_grammar" executed="True" success="True" time="0.001" asserts="2" />
                              <test-case name="StoryTeller.Testing.UserInterface.Editing.HTML.when_adding_a_structure_to_the_fixture_tag.should_write_the_tags_on_the_grammar_as_classes_on_the_grammar_tag" executed="True" success="True" time="0.001" asserts="3" />
                            </results>
                          </test-suite>
                          <test-suite name="when_adding_an_embedded_section_to_the_fixture_tag" success="True" time="0.243" asserts="0">
                            <results>
                              <test-case name="StoryTeller.Testing.UserInterface.Editing.HTML.when_adding_an_embedded_section_to_the_fixture_tag.add_selector_if_it_is_not_mandatory_auto_select" executed="True" success="True" time="0.050" asserts="3" />
                              <test-case name="StoryTeller.Testing.UserInterface.Editing.HTML.when_adding_an_embedded_section_to_the_fixture_tag.do_not_add_selector_if_it_is_a_mandatory_auto_select_fixture" executed="True" success="True" time="0.029" asserts="1" />
                              <test-case name="StoryTeller.Testing.UserInterface.Editing.HTML.when_adding_an_embedded_section_to_the_fixture_tag.do_not_write_title_if_the_section_is_inline" executed="True" success="True" time="0.027" asserts="1" />
                              <test-case name="StoryTeller.Testing.UserInterface.Editing.HTML.when_adding_an_embedded_section_to_the_fixture_tag.should_write_the_embedded_and_section_classes" executed="True" success="True" time="0.021" asserts="2" />
                              <test-case name="StoryTeller.Testing.UserInterface.Editing.HTML.when_adding_an_embedded_section_to_the_fixture_tag.should_write_the_fixture_name_of_the_embedded_section" executed="True" success="True" time="0.021" asserts="3" />
                              <test-case name="StoryTeller.Testing.UserInterface.Editing.HTML.when_adding_an_embedded_section_to_the_fixture_tag.should_write_the_leaf_name" executed="True" success="True" time="0.026" asserts="2" />
                              <test-case name="StoryTeller.Testing.UserInterface.Editing.HTML.when_adding_an_embedded_section_to_the_fixture_tag.should_write_the_selection_mode_to_the_grammar_tag" executed="True" success="True" time="0.023" asserts="3" />
                              <test-case name="StoryTeller.Testing.UserInterface.Editing.HTML.when_adding_an_embedded_section_to_the_fixture_tag.write_auto_select_key" executed="True" success="True" time="0.020" asserts="3" />
                              <test-case name="StoryTeller.Testing.UserInterface.Editing.HTML.when_adding_an_embedded_section_to_the_fixture_tag.write_title_if_the_section_is_titled" executed="True" success="True" time="0.021" asserts="3" />
                            </results>
                          </test-suite>
                          <test-suite name="when_writing_a_full_sentence" success="True" time="0.008" asserts="0">
                            <results>
                              <test-case name="StoryTeller.Testing.UserInterface.Editing.HTML.when_writing_a_full_sentence.should_have_all_the_children" executed="True" success="True" time="0.005" asserts="4" />
                              <test-case name="StoryTeller.Testing.UserInterface.Editing.HTML.when_writing_a_full_sentence.the_sentence_tag_has_the_sentence_class" executed="True" success="True" time="0.003" asserts="1" />
                            </results>
                          </test-suite>
                          <test-suite name="when_writing_a_paragraph" success="True" time="0.024" asserts="0">
                            <results>
                              <test-case name="StoryTeller.Testing.UserInterface.Editing.HTML.when_writing_a_paragraph.should_write_a_child_tag_for_each_grammar_underneath_a_paragraph" executed="True" success="True" time="0.010" asserts="1" />
                              <test-case name="StoryTeller.Testing.UserInterface.Editing.HTML.when_writing_a_paragraph.the_children_underneath_paragraph_should_not_have_remove_link" executed="True" success="True" time="0.004" asserts="3" />
                              <test-case name="StoryTeller.Testing.UserInterface.Editing.HTML.when_writing_a_paragraph.the_paragraph_should_start_with_a_header_tag_with_a_remove_link" executed="True" success="True" time="0.004" asserts="3" />
                              <test-case name="StoryTeller.Testing.UserInterface.Editing.HTML.when_writing_a_paragraph.the_paragraph_tag_should_have_the_paragraph_class" executed="True" success="True" time="0.005" asserts="1" />
                            </results>
                          </test-suite>
                          <test-suite name="when_writing_a_select" success="True" time="0.009" asserts="0">
                            <results>
                              <test-case name="StoryTeller.Testing.UserInterface.Editing.HTML.when_writing_a_select.has_all_the_options" executed="True" success="True" time="0.003" asserts="5" />
                              <test-case name="StoryTeller.Testing.UserInterface.Editing.HTML.when_writing_a_select.should_have_class_for_the_cell_name" executed="True" success="True" time="0.001" asserts="1" />
                              <test-case name="StoryTeller.Testing.UserInterface.Editing.HTML.when_writing_a_select.should_have_metadata_for_the_cell_name" executed="True" success="True" time="0.001" asserts="1" />
                              <test-case name="StoryTeller.Testing.UserInterface.Editing.HTML.when_writing_a_select.should_have_the_class_cell" executed="True" success="True" time="0.000" asserts="1" />
                              <test-case name="StoryTeller.Testing.UserInterface.Editing.HTML.when_writing_a_select.should_have_the_required_tag" executed="True" success="True" time="0.002" asserts="1" />
                              <test-case name="StoryTeller.Testing.UserInterface.Editing.HTML.when_writing_a_select.should_write_a_select" executed="True" success="True" time="0.001" asserts="2" />
                            </results>
                          </test-suite>
                          <test-suite name="when_writing_a_sentence_grammar" success="True" time="0.011" asserts="0">
                            <results>
                              <test-case name="StoryTeller.Testing.UserInterface.Editing.HTML.when_writing_a_sentence_grammar.the_sentence_has_all_of_its_parts" executed="True" success="True" time="0.006" asserts="5" />
                              <test-case name="StoryTeller.Testing.UserInterface.Editing.HTML.when_writing_a_sentence_grammar.the_sentence_should_have_a_close_link" executed="True" success="True" time="0.005" asserts="2" />
                            </results>
                          </test-suite>
                          <test-suite name="when_writing_a_single_fixture" success="True" time="0.013" asserts="0">
                            <results>
                              <test-case name="StoryTeller.Testing.UserInterface.Editing.HTML.when_writing_a_single_fixture.has_named_grammars" executed="True" success="True" time="0.008" asserts="3" />
                              <test-case name="StoryTeller.Testing.UserInterface.Editing.HTML.when_writing_a_single_fixture.has_the_grammars" executed="True" success="True" time="0.005" asserts="1" />
                            </results>
                          </test-suite>
                          <test-suite name="when_writing_a_textbox" success="True" time="0.006" asserts="0">
                            <results>
                              <test-case name="StoryTeller.Testing.UserInterface.Editing.HTML.when_writing_a_textbox.has_the_cell_class" executed="True" success="True" time="0.002" asserts="1" />
                              <test-case name="StoryTeller.Testing.UserInterface.Editing.HTML.when_writing_a_textbox.has_the_cell_name_as_a_class" executed="True" success="True" time="0.000" asserts="1" />
                              <test-case name="StoryTeller.Testing.UserInterface.Editing.HTML.when_writing_a_textbox.has_the_cell_name_as_a_metadata_key" executed="True" success="True" time="0.000" asserts="1" />
                              <test-case name="StoryTeller.Testing.UserInterface.Editing.HTML.when_writing_a_textbox.should_be_required" executed="True" success="True" time="0.000" asserts="1" />
                              <test-case name="StoryTeller.Testing.UserInterface.Editing.HTML.when_writing_a_textbox.writes_a_textbox" executed="True" success="True" time="0.000" asserts="2" />
                            </results>
                          </test-suite>
                          <test-suite name="when_writing_an_embedded_section" success="True" time="0.021" asserts="0">
                            <results>
                              <test-case name="StoryTeller.Testing.UserInterface.Editing.HTML.when_writing_an_embedded_section.the_embedded_section_should_have_a_holder_div" executed="True" success="True" time="0.004" asserts="1" />
                              <test-case name="StoryTeller.Testing.UserInterface.Editing.HTML.when_writing_an_embedded_section.the_embedded_section_should_have_metadata_for_the_leaf_name_and_fixture_name" executed="True" success="True" time="0.003" asserts="4" />
                              <test-case name="StoryTeller.Testing.UserInterface.Editing.HTML.when_writing_an_embedded_section.the_embedded_section_should_have_the_embedded_section_class" executed="True" success="True" time="0.002" asserts="1" />
                              <test-case name="StoryTeller.Testing.UserInterface.Editing.HTML.when_writing_an_embedded_section.the_embedded_section_should_have_the_section_class" executed="True" success="True" time="0.005" asserts="1" />
                              <test-case name="StoryTeller.Testing.UserInterface.Editing.HTML.when_writing_an_embedded_section.the_embedded_section_should_have_the_selection_mode_set_in_the_metadata" executed="True" success="True" time="0.003" asserts="1" />
                              <test-case name="StoryTeller.Testing.UserInterface.Editing.HTML.when_writing_an_embedded_section.the_embedded_section_should_start_with_a_header_tag_and_remove_link" executed="True" success="True" time="0.002" asserts="2" />
                            </results>
                          </test-suite>
                          <test-suite name="when_writing_fixtures" success="True" time="0.016" asserts="0">
                            <results>
                              <test-case name="StoryTeller.Testing.UserInterface.Editing.HTML.when_writing_fixtures.has_all_of_the_fixtures" executed="True" success="True" time="0.015" asserts="4" />
                            </results>
                          </test-suite>
                          <test-suite name="write_it_out" success="True" time="0.005" asserts="0">
                            <results>
                              <test-case name="StoryTeller.Testing.UserInterface.Editing.HTML.write_it_out.TESTNAME" executed="True" success="True" time="0.005" asserts="0" />
                            </results>
                          </test-suite>
                        </results>
                      </test-suite>
                      <test-suite name="VersionHistoryTester" success="True" time="0.006" asserts="0">
                        <results>
                          <test-case name="StoryTeller.Testing.UserInterface.Editing.VersionHistoryTester.go_back_then_record_a_new_version_clears_forward" executed="True" success="True" time="0.003" asserts="2" />
                          <test-case name="StoryTeller.Testing.UserInterface.Editing.VersionHistoryTester.record_four_versions_and_go_backward_and_forward" executed="True" success="True" time="0.001" asserts="6" />
                          <test-case name="StoryTeller.Testing.UserInterface.Editing.VersionHistoryTester.record_the_first_version" executed="True" success="True" time="0.001" asserts="3" />
                          <test-case name="StoryTeller.Testing.UserInterface.Editing.VersionHistoryTester.record_two_versions_and_check_state" executed="True" success="True" time="0.000" asserts="3" />
                          <test-case name="StoryTeller.Testing.UserInterface.Editing.VersionHistoryTester.record_two_versions_and_go_back" executed="True" success="True" time="0.000" asserts="2" />
                        </results>
                      </test-suite>
                    </results>
                  </test-suite>
                  <test-suite name="Eventing" success="True" time="0.137" asserts="0">
                    <results>
                      <test-suite name="EventAggregatorTester" success="True" time="0.082" asserts="0">
                        <results>
                          <test-case name="StoryTeller.Testing.UserInterface.Eventing.EventAggregatorTester.handlers_in_constructor_function_should_be_registered_as_listeners" executed="True" success="True" time="0.004" asserts="1" />
                          <test-case name="StoryTeller.Testing.UserInterface.Eventing.EventAggregatorTester.register_a_filtered_listener" executed="True" success="True" time="0.029" asserts="0" />
                          <test-case name="StoryTeller.Testing.UserInterface.Eventing.EventAggregatorTester.send_message_to_all_listeners_as_an_action" executed="True" success="True" time="0.043" asserts="0" />
                          <test-case name="StoryTeller.Testing.UserInterface.Eventing.EventAggregatorTester.send_message_to_all_listeners_for_a_message_type" executed="True" success="True" time="0.002" asserts="4" />
                          <test-case name="StoryTeller.Testing.UserInterface.Eventing.EventAggregatorTester.un_register_the_filtered_listener" executed="True" success="True" time="0.003" asserts="0" />
                        </results>
                      </test-suite>
                      <test-suite name="UserInterfaceObserverTester" success="True" time="0.053" asserts="0">
                        <results>
                          <test-case name="StoryTeller.Testing.UserInterface.Eventing.UserInterfaceObserverTester.can_continue" executed="True" success="True" time="0.005" asserts="16" />
                          <test-case name="StoryTeller.Testing.UserInterface.Eventing.UserInterfaceObserverTester.finishing_section_publishes_message" executed="True" success="True" time="0.021" asserts="0" />
                          <test-case name="StoryTeller.Testing.UserInterface.Eventing.UserInterfaceObserverTester.finishing_step_publishes_message" executed="True" success="True" time="0.002" asserts="0" />
                          <test-case name="StoryTeller.Testing.UserInterface.Eventing.UserInterfaceObserverTester.finishing_the_test_should_publish" executed="True" success="True" time="0.004" asserts="0" />
                          <test-case name="StoryTeller.Testing.UserInterface.Eventing.UserInterfaceObserverTester.get_status_after_starting_and_ending_a_test" executed="True" success="True" time="0.004" asserts="1" />
                          <test-case name="StoryTeller.Testing.UserInterface.Eventing.UserInterfaceObserverTester.get_status_from_the_current_progression_after_a_new_test_is_started" executed="True" success="True" time="0.002" asserts="1" />
                          <test-case name="StoryTeller.Testing.UserInterface.Eventing.UserInterfaceObserverTester.get_the_status_when_nothing_is_running_and_a_prior_test_result" executed="True" success="True" time="0.002" asserts="3" />
                          <test-case name="StoryTeller.Testing.UserInterface.Eventing.UserInterfaceObserverTester.starting_from_no_state_get_the_test_status" executed="True" success="True" time="0.001" asserts="2" />
                          <test-case name="StoryTeller.Testing.UserInterface.Eventing.UserInterfaceObserverTester.starting_section_publishes_message" executed="True" success="True" time="0.003" asserts="0" />
                          <test-case name="StoryTeller.Testing.UserInterface.Eventing.UserInterfaceObserverTester.starting_step_publishes_message" executed="True" success="True" time="0.002" asserts="0" />
                          <test-case name="StoryTeller.Testing.UserInterface.Eventing.UserInterfaceObserverTester.starting_the_test_should_publish" executed="True" success="True" time="0.003" asserts="0" />
                        </results>
                      </test-suite>
                    </results>
                  </test-suite>
                  <test-suite name="Examples" success="True" time="0.079" asserts="0">
                    <results>
                      <test-suite name="FixtureNodeSubjectIntegratedTester" success="True" time="0.020" asserts="0">
                        <results>
                          <test-case name="StoryTeller.Testing.UserInterface.Examples.FixtureNodeSubjectIntegratedTester.matches_by_fixture_node" executed="True" success="True" time="0.019" asserts="3" />
                        </results>
                      </test-suite>
                      <test-suite name="when_activating_the_fixture_node_presenter" success="True" time="0.000" asserts="0">
                        <results />
                      </test-suite>
                      <test-suite name="when_creating_the_screen" success="True" time="0.056" asserts="0">
                        <results>
                          <test-case name="StoryTeller.Testing.UserInterface.Examples.when_creating_the_screen.the_presenter_has_the_fixture_as_the_subject" executed="True" success="True" time="0.056" asserts="3" />
                        </results>
                      </test-suite>
                    </results>
                  </test-suite>
                  <test-suite name="Exploring" success="True" time="1.938" asserts="0">
                    <results>
                      <test-suite name="ExplorerViewTester" success="True" time="0.068" asserts="0">
                        <results>
                          <test-case name="StoryTeller.Testing.UserInterface.Exploring.ExplorerViewTester.put_the_fixture_node_in_the_fixture_tree_smoke_test" executed="True" success="True" time="0.054" asserts="1" />
                          <test-case name="StoryTeller.Testing.UserInterface.Exploring.ExplorerViewTester.put_the_test_node_in_the_tree_smoke_test" executed="True" success="True" time="0.001" asserts="1" />
                          <test-case name="StoryTeller.Testing.UserInterface.Exploring.ExplorerViewTester.uses_screenObjectLocator_to_build_up_a_context_menu" executed="True" success="True" time="0.011" asserts="13" />
                        </results>
                      </test-suite>
                      <test-suite name="FixtureExplorerTester" success="True" time="0.018" asserts="0">
                        <results>
                          <test-case name="StoryTeller.Testing.UserInterface.Exploring.FixtureExplorerTester.build_a_treenode" executed="True" success="True" time="0.016" asserts="11" />
                        </results>
                      </test-suite>
                      <test-suite name="GrammarErrorsSubjectTester" success="True" time="0.023" asserts="0">
                        <results>
                          <test-case name="StoryTeller.Testing.UserInterface.Exploring.GrammarErrorsSubjectTester.create_screen_should_build_the_GrammarErrorsView" executed="True" success="True" time="0.021" asserts="1" />
                          <test-case name="StoryTeller.Testing.UserInterface.Exploring.GrammarErrorsSubjectTester.only_matches_a_grammar_errors_view" executed="True" success="True" time="0.001" asserts="1" />
                        </results>
                      </test-suite>
                      <test-suite name="handling_a_new_suite" success="True" time="0.033" asserts="0">
                        <results>
                          <test-case name="StoryTeller.Testing.UserInterface.Exploring.handling_a_new_suite.the_new_suite_node_should_be_show_under_its_parent" executed="True" success="True" time="0.033" asserts="12" />
                        </results>
                      </test-suite>
                      <test-suite name="handling_suites_with_no_tests" success="True" time="0.007" asserts="0">
                        <results>
                          <test-case name="StoryTeller.Testing.UserInterface.Exploring.handling_suites_with_no_tests.the_child_nodes_are_constructed_with_the_empty_suite" executed="True" success="True" time="0.007" asserts="12" />
                        </results>
                      </test-suite>
                      <test-suite name="IconServiceTester" success="True" time="0.046" asserts="0">
                        <results>
                          <test-case name="StoryTeller.Testing.UserInterface.Exploring.IconServiceTester.when_the_test_has_no_result_and_is_not_queued_or_executing" executed="True" success="True" time="0.030" asserts="1" />
                          <test-case name="StoryTeller.Testing.UserInterface.Exploring.IconServiceTester.when_the_test_is_executing_and_has_a_previous_failed_run" executed="True" success="True" time="0.004" asserts="1" />
                          <test-case name="StoryTeller.Testing.UserInterface.Exploring.IconServiceTester.when_the_test_is_executing_and_has_a_previous_successful_run" executed="True" success="True" time="0.001" asserts="1" />
                          <test-case name="StoryTeller.Testing.UserInterface.Exploring.IconServiceTester.when_the_test_is_executing_and_has_not_previous_result" executed="True" success="True" time="0.001" asserts="1" />
                          <test-case name="StoryTeller.Testing.UserInterface.Exploring.IconServiceTester.when_the_test_is_not_queued_and_has_failed_results" executed="True" success="True" time="0.001" asserts="1" />
                          <test-case name="StoryTeller.Testing.UserInterface.Exploring.IconServiceTester.when_the_test_is_not_queued_or_executing_and_has_successful_result" executed="True" success="True" time="0.001" asserts="1" />
                          <test-case name="StoryTeller.Testing.UserInterface.Exploring.IconServiceTester.when_the_test_is_queued_with_a_previous_result" executed="True" success="True" time="0.001" asserts="1" />
                          <test-case name="StoryTeller.Testing.UserInterface.Exploring.IconServiceTester.when_the_test_is_queued_with_no_previous_result" executed="True" success="True" time="0.001" asserts="1" />
                        </results>
                      </test-suite>
                      <test-suite name="SuitePresenterTester" success="True" time="0.024" asserts="0">
                        <results>
                          <test-case name="StoryTeller.Testing.UserInterface.Exploring.SuitePresenterTester.the_title_is_the_suite_string" executed="True" success="True" time="0.024" asserts="1" />
                        </results>
                      </test-suite>
                      <test-suite name="TestExplorer_handling_a_new_hierarchy" success="True" time="0.092" asserts="0">
                        <results>
                          <test-case name="StoryTeller.Testing.UserInterface.Exploring.TestExplorer_handling_a_new_hierarchy.should_store_the_suite_node_for_hierarchy" executed="True" success="True" time="0.030" asserts="1" />
                          <test-case name="StoryTeller.Testing.UserInterface.Exploring.TestExplorer_handling_a_new_hierarchy.the_child_nodes_are_constructed" executed="True" success="True" time="0.032" asserts="31" />
                          <test-case name="StoryTeller.Testing.UserInterface.Exploring.TestExplorer_handling_a_new_hierarchy.the_explorer_should_pass_the_view_a_new_tree_node_for_the_hierarchy" executed="True" success="True" time="0.028" asserts="2" />
                        </results>
                      </test-suite>
                      <test-suite name="TestLineDriverTester" success="True" time="0.025" asserts="0">
                        <results>
                          <test-case name="StoryTeller.Testing.UserInterface.Exploring.TestLineDriverTester.clicking_run_queues_the_test" executed="True" success="True" time="0.004" asserts="1" />
                          <test-case name="StoryTeller.Testing.UserInterface.Exploring.TestLineDriverTester.set_the_icon_of_the_icon_image_on_update" executed="True" success="True" time="0.002" asserts="1" />
                          <test-case name="StoryTeller.Testing.UserInterface.Exploring.TestLineDriverTester.the_path_should_be_the_test_path" executed="True" success="True" time="0.015" asserts="1" />
                          <test-case name="StoryTeller.Testing.UserInterface.Exploring.TestLineDriverTester.the_run_button_should_be_disabled_when_the_test_is_in_the_queue" executed="True" success="True" time="0.001" asserts="1" />
                          <test-case name="StoryTeller.Testing.UserInterface.Exploring.TestLineDriverTester.the_run_button_should_be_enabled_when_the_test_is_not_in_the_queue" executed="True" success="True" time="0.001" asserts="1" />
                          <test-case name="StoryTeller.Testing.UserInterface.Exploring.TestLineDriverTester.the_status_should_be_Queued_if_the_test_is_in_the_queue" executed="True" success="True" time="0.001" asserts="1" />
                          <test-case name="StoryTeller.Testing.UserInterface.Exploring.TestLineDriverTester.the_status_should_be_the_test_status_if_the_test_is_not_in_the_queue" executed="True" success="True" time="0.001" asserts="1" />
                        </results>
                      </test-suite>
                      <test-suite name="TreeBuilderTester" success="True" time="0.011" asserts="0">
                        <results>
                          <test-case name="StoryTeller.Testing.UserInterface.Exploring.TreeBuilderTester.add_a_suite_node_directly_to_the_hierarchy" executed="True" success="True" time="0.003" asserts="1" />
                          <test-case name="StoryTeller.Testing.UserInterface.Exploring.TreeBuilderTester.add_a_test_node_directly_to_the_hierarchy" executed="True" success="True" time="0.001" asserts="1" />
                          <test-case name="StoryTeller.Testing.UserInterface.Exploring.TreeBuilderTester.add_suite_then_add_test" executed="True" success="True" time="0.002" asserts="3" />
                          <test-case name="StoryTeller.Testing.UserInterface.Exploring.TreeBuilderTester.add_suite_then_add_test_then_finish_suite_then_add_test_directly_to_hierarchy" executed="True" success="True" time="0.004" asserts="1" />
                        </results>
                      </test-suite>
                      <test-suite name="TreeExplorer_observing_a_test_filter_bar" success="True" time="0.296" asserts="0">
                        <results>
                          <test-case name="StoryTeller.Testing.UserInterface.Exploring.TreeExplorer_observing_a_test_filter_bar.handles_the_clear_test_results_message" executed="True" success="True" time="0.071" asserts="38" />
                          <test-case name="StoryTeller.Testing.UserInterface.Exploring.TreeExplorer_observing_a_test_filter_bar.respond_to_new_filter_status" executed="True" success="True" time="0.035" asserts="9" />
                          <test-case name="StoryTeller.Testing.UserInterface.Exploring.TreeExplorer_observing_a_test_filter_bar.respond_to_new_lifecycle" executed="True" success="True" time="0.035" asserts="12" />
                          <test-case name="StoryTeller.Testing.UserInterface.Exploring.TreeExplorer_observing_a_test_filter_bar.run_all_tests_with_filter" executed="True" success="True" time="0.037" asserts="3" />
                          <test-case name="StoryTeller.Testing.UserInterface.Exploring.TreeExplorer_observing_a_test_filter_bar.use_the_current_filter_on_a_suite" executed="True" success="True" time="0.039" asserts="1" />
                          <test-case name="StoryTeller.Testing.UserInterface.Exploring.TreeExplorer_observing_a_test_filter_bar.when_handling_the_clear_results_message_reset_the_icon_of_each_node_to_unknown" executed="True" success="True" time="0.078" asserts="3" />
                        </results>
                      </test-suite>
                      <test-suite name="TreeExplorer_responding_to_TestListener_events" success="True" time="0.867" asserts="0">
                        <results>
                          <test-case name="StoryTeller.Testing.UserInterface.Exploring.TreeExplorer_responding_to_TestListener_events.cancel_a_test_that_has_no_prior_result" executed="True" success="True" time="0.057" asserts="1" />
                          <test-case name="StoryTeller.Testing.UserInterface.Exploring.TreeExplorer_responding_to_TestListener_events.cancel_a_test_that_previously_failed" executed="True" success="True" time="0.051" asserts="1" />
                          <test-case name="StoryTeller.Testing.UserInterface.Exploring.TreeExplorer_responding_to_TestListener_events.cancel_a_test_that_previously_succeeded" executed="True" success="True" time="0.051" asserts="1" />
                          <test-case name="StoryTeller.Testing.UserInterface.Exploring.TreeExplorer_responding_to_TestListener_events.cancelling_a_test_sends_the_icon_changed_message" executed="True" success="True" time="0.050" asserts="0" />
                          <test-case name="StoryTeller.Testing.UserInterface.Exploring.TreeExplorer_responding_to_TestListener_events.finish_a_test_with_failure" executed="True" success="True" time="0.051" asserts="1" />
                          <test-case name="StoryTeller.Testing.UserInterface.Exploring.TreeExplorer_responding_to_TestListener_events.finish_a_test_with_success" executed="True" success="True" time="0.047" asserts="1" />
                          <test-case name="StoryTeller.Testing.UserInterface.Exploring.TreeExplorer_responding_to_TestListener_events.finishing_a_test_sends_the_icon_changed_message" executed="True" success="True" time="0.048" asserts="0" />
                          <test-case name="StoryTeller.Testing.UserInterface.Exploring.TreeExplorer_responding_to_TestListener_events.queue_a_test_that_has_no_prior_result" executed="True" success="True" time="0.169" asserts="1" />
                          <test-case name="StoryTeller.Testing.UserInterface.Exploring.TreeExplorer_responding_to_TestListener_events.queueing_a_test_sends_the_icon_changed_message" executed="True" success="True" time="0.063" asserts="0" />
                          <test-case name="StoryTeller.Testing.UserInterface.Exploring.TreeExplorer_responding_to_TestListener_events.start_a_test_that_has_no_prior_result" executed="True" success="True" time="0.061" asserts="1" />
                          <test-case name="StoryTeller.Testing.UserInterface.Exploring.TreeExplorer_responding_to_TestListener_events.start_a_test_that_has_previously_failed" executed="True" success="True" time="0.072" asserts="1" />
                          <test-case name="StoryTeller.Testing.UserInterface.Exploring.TreeExplorer_responding_to_TestListener_events.start_a_test_that_has_previously_succeeded" executed="True" success="True" time="0.142" asserts="1" />
                        </results>
                      </test-suite>
                      <test-suite name="TreeNodeTester" success="True" time="0.016" asserts="0">
                        <results>
                          <test-case name="StoryTeller.Testing.UserInterface.Exploring.TreeNodeTester.can_get_the_image_stream_from_an_icon" executed="True" success="True" time="0.001" asserts="6" />
                          <test-case name="StoryTeller.Testing.UserInterface.Exploring.TreeNodeTester.find_immediate_treenode_parent_as_top" executed="True" success="True" time="0.002" asserts="1" />
                          <test-case name="StoryTeller.Testing.UserInterface.Exploring.TreeNodeTester.find_top_node_with_parent_equal_to_a_treeview" executed="True" success="True" time="0.001" asserts="1" />
                          <test-case name="StoryTeller.Testing.UserInterface.Exploring.TreeNodeTester.find_top_node_with_parent_equal_to_null" executed="True" success="True" time="0.001" asserts="1" />
                          <test-case name="StoryTeller.Testing.UserInterface.Exploring.TreeNodeTester.find_ultimate_anscestor_as_top" executed="True" success="True" time="0.007" asserts="1" />
                          <test-case name="StoryTeller.Testing.UserInterface.Exploring.TreeNodeTester.keeps_reference_to_the_item" executed="True" success="True" time="0.001" asserts="1" />
                          <test-case name="StoryTeller.Testing.UserInterface.Exploring.TreeNodeTester.set_the_icon_to_pending_by_default" executed="True" success="True" time="0.001" asserts="1" />
                          <test-case name="StoryTeller.Testing.UserInterface.Exploring.TreeNodeTester.set_the_text_to_the_name_of_a_test" executed="True" success="True" time="0.001" asserts="1" />
                        </results>
                      </test-suite>
                      <test-suite name="when_activating_the_suite_view" success="True" time="0.064" asserts="0">
                        <results>
                          <test-case name="StoryTeller.Testing.UserInterface.Exploring.when_activating_the_suite_view.added_drivers_for_each_test" executed="True" success="True" time="0.034" asserts="0" />
                          <test-case name="StoryTeller.Testing.UserInterface.Exploring.when_activating_the_suite_view.run_all_tests_should_enqueue_each_test" executed="True" success="True" time="0.007" asserts="0" />
                          <test-case name="StoryTeller.Testing.UserInterface.Exploring.when_activating_the_suite_view.should_clear_all_tests_first" executed="True" success="True" time="0.007" asserts="0" />
                          <test-case name="StoryTeller.Testing.UserInterface.Exploring.when_activating_the_suite_view.should_set_up_a_driver_that_is_not_queued" executed="True" success="True" time="0.008" asserts="0" />
                          <test-case name="StoryTeller.Testing.UserInterface.Exploring.when_activating_the_suite_view.should_set_up_a_queued_driver_with_queueing_true" executed="True" success="True" time="0.005" asserts="0" />
                        </results>
                      </test-suite>
                      <test-suite name="when_handling_the_FixtureLibraryLoaded_message_with_no_errors" success="True" time="0.019" asserts="0">
                        <results>
                          <test-case name="StoryTeller.Testing.UserInterface.Exploring.when_handling_the_FixtureLibraryLoaded_message_with_no_errors.the_fixtureLibrary_should_be_injected_into_the_container" executed="True" success="True" time="0.015" asserts="1" />
                          <test-case name="StoryTeller.Testing.UserInterface.Exploring.when_handling_the_FixtureLibraryLoaded_message_with_no_errors.the_fixtureNode_should_be_passed_to_the_view" executed="True" success="True" time="0.004" asserts="12" />
                        </results>
                      </test-suite>
                      <test-suite name="when_responding_to_a_test_renamed" success="True" time="0.094" asserts="0">
                        <results>
                          <test-case name="StoryTeller.Testing.UserInterface.Exploring.when_responding_to_a_test_renamed.should_reset_the_text_of_the_tree_node" executed="True" success="True" time="0.094" asserts="12" />
                        </results>
                      </test-suite>
                      <test-suite name="when_responding_to_delete_test_message" success="True" time="0.013" asserts="0">
                        <results>
                          <test-case name="StoryTeller.Testing.UserInterface.Exploring.when_responding_to_delete_test_message.should_have_removed_the_matching_test_node_from_the_tree" executed="True" success="True" time="0.012" asserts="12" />
                        </results>
                      </test-suite>
                      <test-suite name="when_responding_to_test_icon_changed" success="True" time="0.009" asserts="0">
                        <results>
                          <test-case name="StoryTeller.Testing.UserInterface.Exploring.when_responding_to_test_icon_changed.when_the_test_is_in_the_queue" executed="True" success="True" time="0.006" asserts="0" />
                          <test-case name="StoryTeller.Testing.UserInterface.Exploring.when_responding_to_test_icon_changed.when_the_test_is_NOT_in_the_queue" executed="True" success="True" time="0.003" asserts="0" />
                        </results>
                      </test-suite>
                      <test-suite name="when_responding_to_TestAdded_message" success="True" time="0.011" asserts="0">
                        <results>
                          <test-case name="StoryTeller.Testing.UserInterface.Exploring.when_responding_to_TestAdded_message.should_add_test_to_the_correct_suite_node" executed="True" success="True" time="0.011" asserts="14" />
                        </results>
                      </test-suite>
                      <test-suite name="when_responding_to_the_TestAdded_message_for_a_test_that_is_contained_in_the_targeted_suite" success="True" time="0.041" asserts="0">
                        <results>
                          <test-case name="StoryTeller.Testing.UserInterface.Exploring.when_responding_to_the_TestAdded_message_for_a_test_that_is_contained_in_the_targeted_suite.should_add_the_new_test" executed="True" success="True" time="0.041" asserts="0" />
                        </results>
                      </test-suite>
                      <test-suite name="when_responding_to_the_TestAdded_message_for_a_test_that_is_NOT_contained_in_the_targeted_suite" success="True" time="0.004" asserts="0">
                        <results>
                          <test-case name="StoryTeller.Testing.UserInterface.Exploring.when_responding_to_the_TestAdded_message_for_a_test_that_is_NOT_contained_in_the_targeted_suite.should_NOT_add_the_new_test" executed="True" success="True" time="0.004" asserts="0" />
                        </results>
                      </test-suite>
                      <test-suite name="when_running_a_tree_node" success="True" time="0.000" asserts="0">
                        <results />
                      </test-suite>
                      <test-suite name="when_running_a_tree_node_that_is_a_hierarchy" success="True" time="0.080" asserts="0">
                        <results>
                          <test-case name="StoryTeller.Testing.UserInterface.Exploring.when_running_a_tree_node_that_is_a_hierarchy.should_execute_the_action" executed="True" success="True" time="0.072" asserts="0" />
                          <test-case name="StoryTeller.Testing.UserInterface.Exploring.when_running_a_tree_node_that_is_a_hierarchy.should_use_screen_object_locator_to_find_the_action" executed="True" success="True" time="0.006" asserts="0" />
                        </results>
                      </test-suite>
                      <test-suite name="when_running_a_tree_node_that_is_a_suite" success="True" time="0.005" asserts="0">
                        <results>
                          <test-case name="StoryTeller.Testing.UserInterface.Exploring.when_running_a_tree_node_that_is_a_suite.should_execute_the_action" executed="True" success="True" time="0.002" asserts="0" />
                          <test-case name="StoryTeller.Testing.UserInterface.Exploring.when_running_a_tree_node_that_is_a_suite.should_use_screen_object_locator_to_find_the_action" executed="True" success="True" time="0.002" asserts="0" />
                        </results>
                      </test-suite>
                      <test-suite name="when_running_a_tree_node_that_is_a_test" success="True" time="0.008" asserts="0">
                        <results>
                          <test-case name="StoryTeller.Testing.UserInterface.Exploring.when_running_a_tree_node_that_is_a_test.should_execute_the_action" executed="True" success="True" time="0.004" asserts="0" />
                          <test-case name="StoryTeller.Testing.UserInterface.Exploring.when_running_a_tree_node_that_is_a_test.should_use_screen_object_locator_to_find_the_action" executed="True" success="True" time="0.002" asserts="0" />
                        </results>
                      </test-suite>
                      <test-suite name="when_test_explorer_responds_to_TestAdded_event" success="True" time="0.000" asserts="0">
                        <results />
                      </test-suite>
                      <test-suite name="when_updating_tree_nodes" success="True" time="0.036" asserts="0">
                        <results>
                          <test-case name="StoryTeller.Testing.UserInterface.Exploring.when_updating_tree_nodes.if_a_child_is_failed_then_top_should_be_failed" executed="True" success="True" time="0.004" asserts="1" />
                          <test-case name="StoryTeller.Testing.UserInterface.Exploring.when_updating_tree_nodes.if_any_child_is_pending_successful_the_top_should_override_to_that" executed="True" success="True" time="0.007" asserts="1" />
                          <test-case name="StoryTeller.Testing.UserInterface.Exploring.when_updating_tree_nodes.if_any_child_is_pending_then_the_top_is_pending" executed="True" success="True" time="0.008" asserts="1" />
                          <test-case name="StoryTeller.Testing.UserInterface.Exploring.when_updating_tree_nodes.if_child_is_successful_then_top_should_be_success" executed="True" success="True" time="0.002" asserts="1" />
                          <test-case name="StoryTeller.Testing.UserInterface.Exploring.when_updating_tree_nodes.running_error_always_wins" executed="True" success="True" time="0.007" asserts="1" />
                          <test-case name="StoryTeller.Testing.UserInterface.Exploring.when_updating_tree_nodes.should_initially_be_unknown" executed="True" success="True" time="0.002" asserts="1" />
                          <test-case name="StoryTeller.Testing.UserInterface.Exploring.when_updating_tree_nodes.update_icon_two_levels_up" executed="True" success="True" time="0.003" asserts="1" />
                        </results>
                      </test-suite>
                    </results>
                  </test-suite>
                  <test-suite name="Handlers" success="True" time="0.025" asserts="0">
                    <results>
                      <test-suite name="ShellPresenterTester" success="True" time="0.024" asserts="0">
                        <results>
                          <test-case name="StoryTeller.Testing.UserInterface.Handlers.ShellPresenterTester.respond_to_the_project_loaded_message_by_showing_the_test_tab" executed="True" success="True" time="0.024" asserts="0" />
                        </results>
                      </test-suite>
                    </results>
                  </test-suite>
                  <test-suite name="IntegrationTests" success="True" time="12.715" asserts="0">
                    <results>
                      <test-suite name="BootstrapperTester" success="True" time="6.713" asserts="0">
                        <results>
                          <test-case name="StoryTeller.Testing.UserInterface.IntegrationTests.BootstrapperTester.can_get_the_shell_parts" executed="True" success="True" time="0.390" asserts="2" />
                          <test-case name="StoryTeller.Testing.UserInterface.IntegrationTests.BootstrapperTester.can_request_the_errors_screen" executed="True" success="True" time="0.276" asserts="1" />
                          <test-case name="StoryTeller.Testing.UserInterface.IntegrationTests.BootstrapperTester.has_the_suite_and_test_nodes_for_the_math_project" executed="True" success="True" time="0.342" asserts="23" />
                          <test-case name="StoryTeller.Testing.UserInterface.IntegrationTests.BootstrapperTester.register_all_types_that_implement_an_IListener_interface_with_the_event_aggregator" executed="True" success="True" time="0.507" asserts="1" />
                          <test-case name="StoryTeller.Testing.UserInterface.IntegrationTests.BootstrapperTester.register_all_types_that_implement_iclosable_interface_with_the_event_aggregator" executed="True" success="True" time="0.519" asserts="1" />
                          <test-case name="StoryTeller.Testing.UserInterface.IntegrationTests.BootstrapperTester.register_all_types_that_implement_the_ITestListener_interface_with_the_event_aggregator" executed="True" success="True" time="1.374" asserts="1" />
                          <test-case name="StoryTeller.Testing.UserInterface.IntegrationTests.BootstrapperTester.should_have_the_test_explorer_and_fixture_explorer_registered_as_listeners" executed="True" success="True" time="1.450" asserts="4" />
                          <test-case name="StoryTeller.Testing.UserInterface.IntegrationTests.BootstrapperTester.smoke_test_the_dialog_auto_registration" executed="True" success="True" time="1.820" asserts="3" />
                        </results>
                      </test-suite>
                      <test-suite name="ExecutionEngineIntegratedTester" success="True" time="3.404" asserts="0">
                        <results>
                          <test-case name="StoryTeller.Testing.UserInterface.IntegrationTests.ExecutionEngineIntegratedTester.run_test_through_the_container" executed="True" success="True" time="3.404" asserts="8" />
                        </results>
                      </test-suite>
                      <test-suite name="ScreenObjectLocatorIntegratedTester" success="True" time="2.496" asserts="0">
                        <results>
                          <test-case name="StoryTeller.Testing.UserInterface.IntegrationTests.ScreenObjectLocatorIntegratedTester.can_create_screen_for_a_test" executed="True" success="True" time="2.316" asserts="5" />
                          <test-case name="StoryTeller.Testing.UserInterface.IntegrationTests.ScreenObjectLocatorIntegratedTester.can_create_screen_for_fixturelibrary" executed="True" success="True" time="0.028" asserts="6" />
                          <test-case name="StoryTeller.Testing.UserInterface.IntegrationTests.ScreenObjectLocatorIntegratedTester.can_create_screen_for_hierarchy" executed="False">
                            <reason>
                              <message><![CDATA[until 3/20]]></message>
                            </reason>
                          </test-case>
                          <test-case name="StoryTeller.Testing.UserInterface.IntegrationTests.ScreenObjectLocatorIntegratedTester.can_create_screen_for_suite" executed="True" success="True" time="0.084" asserts="5" />
                          <test-case name="StoryTeller.Testing.UserInterface.IntegrationTests.ScreenObjectLocatorIntegratedTester.can_get_a_screen_subject" executed="True" success="True" time="0.018" asserts="2" />
                          <test-case name="StoryTeller.Testing.UserInterface.IntegrationTests.ScreenObjectLocatorIntegratedTester.can_get_contextual_commands_for_a_TreeNode" executed="True" success="True" time="0.029" asserts="2" />
                        </results>
                      </test-suite>
                      <test-suite name="ShellRegistrationIntegrationTester" success="True" time="0.084" asserts="0">
                        <results>
                          <test-case name="StoryTeller.Testing.UserInterface.IntegrationTests.ShellRegistrationIntegrationTester.can_get_the_options_menu" executed="True" success="True" time="0.013" asserts="2" />
                          <test-case name="StoryTeller.Testing.UserInterface.IntegrationTests.ShellRegistrationIntegrationTester.get_the_explorer_view_with_both_tree_views" executed="True" success="True" time="0.018" asserts="4" />
                          <test-case name="StoryTeller.Testing.UserInterface.IntegrationTests.ShellRegistrationIntegrationTester.shell_is_registered" executed="True" success="True" time="0.023" asserts="1" />
                          <test-case name="StoryTeller.Testing.UserInterface.IntegrationTests.ShellRegistrationIntegrationTester.tab_control_is_registered" executed="True" success="True" time="0.012" asserts="1" />
                          <test-case name="StoryTeller.Testing.UserInterface.IntegrationTests.ShellRegistrationIntegrationTester.two_tree_views_should_be_registered" executed="True" success="True" time="0.014" asserts="1" />
                        </results>
                      </test-suite>
                    </results>
                  </test-suite>
                  <test-suite name="Projects" success="True" time="1.286" asserts="0">
                    <results>
                      <test-suite name="ProjectHistoryTester" success="True" time="0.055" asserts="0">
                        <results>
                          <test-case name="StoryTeller.Testing.UserInterface.Projects.ProjectHistoryTester.if_storing_a_project_that_is_already_in_the_history_bring_it_to_top" executed="True" success="True" time="0.001" asserts="1" />
                          <test-case name="StoryTeller.Testing.UserInterface.Projects.ProjectHistoryTester.last_project_returns_null_if_there_are_no_projects" executed="True" success="True" time="0.000" asserts="1" />
                          <test-case name="StoryTeller.Testing.UserInterface.Projects.ProjectHistoryTester.last_test" executed="True" success="True" time="0.001" asserts="1" />
                          <test-case name="StoryTeller.Testing.UserInterface.Projects.ProjectHistoryTester.mark_as_last_accessed_from_empty" executed="True" success="True" time="0.001" asserts="2" />
                          <test-case name="StoryTeller.Testing.UserInterface.Projects.ProjectHistoryTester.mark_as_last_accessed_when_the_project_is_already_the_most_recent_project" executed="True" success="True" time="0.001" asserts="0" />
                          <test-case name="StoryTeller.Testing.UserInterface.Projects.ProjectHistoryTester.mark_as_last_accessed_when_the_project_is_not_the_most_recent_project" executed="True" success="True" time="0.001" asserts="2" />
                          <test-case name="StoryTeller.Testing.UserInterface.Projects.ProjectHistoryTester.only_remembers_4_projects" executed="True" success="True" time="0.002" asserts="1" />
                          <test-case name="StoryTeller.Testing.UserInterface.Projects.ProjectHistoryTester.persist_and_load" executed="True" success="True" time="0.025" asserts="2" />
                          <test-case name="StoryTeller.Testing.UserInterface.Projects.ProjectHistoryTester.remembers_project_history_in_most_recent_order" executed="True" success="True" time="0.001" asserts="1" />
                        </results>
                      </test-suite>
                      <test-suite name="ProjectLoadFailureTester" success="True" time="0.215" asserts="0">
                        <results>
                          <test-case name="StoryTeller.Testing.UserInterface.Projects.ProjectLoadFailureTester.clicking_no_should_not_raise_a_remove_project_from_history_event" executed="True" success="True" time="0.202" asserts="0" />
                          <test-case name="StoryTeller.Testing.UserInterface.Projects.ProjectLoadFailureTester.clicking_yes_should_raise_a_remove_project_from_history_event_with_a_message_based_on_the_project_token" executed="True" success="True" time="0.011" asserts="0" />
                        </results>
                      </test-suite>
                      <test-suite name="retry_will_attempt_to_recycle_the_binaries" success="True" time="0.006" asserts="0">
                        <results>
                          <test-case name="StoryTeller.Testing.UserInterface.Projects.retry_will_attempt_to_recycle_the_binaries.should_send_the_recycle_binaries_request" executed="True" success="True" time="0.004" asserts="0" />
                        </results>
                      </test-suite>
                      <test-suite name="SettingsTester" success="True" time="0.051" asserts="0">
                        <results>
                          <test-case name="StoryTeller.Testing.UserInterface.Projects.SettingsTester.clicking_new_project_should_call_create_new_project_on_the_controller" executed="True" success="True" time="0.043" asserts="0" />
                          <test-case name="StoryTeller.Testing.UserInterface.Projects.SettingsTester.clicking_on_load_an_existing_project_should_call_load_existing_project_on_the_controller" executed="True" success="True" time="0.007" asserts="0" />
                        </results>
                      </test-suite>
                      <test-suite name="StoryTeller" success="True" time="0.023" asserts="0">
                        <results>
                          <test-suite name="Testing" success="True" time="0.023" asserts="0">
                            <results>
                              <test-suite name="UserInterface" success="True" time="0.022" asserts="0">
                                <results>
                                  <test-suite name="Projects" success="True" time="0.021" asserts="0">
                                    <results>
                                      <test-suite name="when_handling_the_project_load_failure_message" success="True" time="0.020" asserts="0">
                                        <results>
                                          <test-case name="StoryTeller.Testing.UserInterface.Projects.StoryTeller.Testing.UserInterface.Projects.when_handling_the_project_load_failure_message.should_launch_a_dialog_with_itself" executed="True" success="True" time="0.015" asserts="0" />
                                          <test-case name="StoryTeller.Testing.UserInterface.Projects.StoryTeller.Testing.UserInterface.Projects.when_handling_the_project_load_failure_message.should_store_the_message" executed="True" success="True" time="0.001" asserts="1" />
                                          <test-case name="StoryTeller.Testing.UserInterface.Projects.StoryTeller.Testing.UserInterface.Projects.when_handling_the_project_load_failure_message.should_store_the_project_token" executed="True" success="True" time="0.001" asserts="1" />
                                        </results>
                                      </test-suite>
                                    </results>
                                  </test-suite>
                                </results>
                              </test-suite>
                            </results>
                          </test-suite>
                        </results>
                      </test-suite>
                      <test-suite name="when_a_bound_project_screen_user_selects_cancel" success="True" time="0.108" asserts="0">
                        <results>
                          <test-case name="StoryTeller.Testing.UserInterface.Projects.when_a_bound_project_screen_user_selects_cancel.clicking_find_binary_folder_should_bind_the_result_to_the_model" executed="True" success="True" time="0.065" asserts="1" />
                          <test-case name="StoryTeller.Testing.UserInterface.Projects.when_a_bound_project_screen_user_selects_cancel.clicking_find_configuration_file_should_bind_the_result_to_the_model" executed="True" success="True" time="0.011" asserts="1" />
                          <test-case name="StoryTeller.Testing.UserInterface.Projects.when_a_bound_project_screen_user_selects_cancel.clicking_find_file_name_should_bind_the_result_to_the_model" executed="True" success="True" time="0.013" asserts="1" />
                          <test-case name="StoryTeller.Testing.UserInterface.Projects.when_a_bound_project_screen_user_selects_cancel.clicking_find_test_folder_should_bind_the_result_to_the_model" executed="True" success="True" time="0.015" asserts="1" />
                        </results>
                      </test-suite>
                      <test-suite name="when_a_bound_project_screen_user_selects_ok" success="True" time="0.052" asserts="0">
                        <results>
                          <test-case name="StoryTeller.Testing.UserInterface.Projects.when_a_bound_project_screen_user_selects_ok.clicking_find_binary_folder_should_bind_the_result_to_the_model" executed="True" success="True" time="0.020" asserts="1" />
                          <test-case name="StoryTeller.Testing.UserInterface.Projects.when_a_bound_project_screen_user_selects_ok.clicking_find_configuration_file_should_bind_the_result_to_the_model" executed="True" success="True" time="0.010" asserts="1" />
                          <test-case name="StoryTeller.Testing.UserInterface.Projects.when_a_bound_project_screen_user_selects_ok.clicking_find_file_name_should_bind_the_result_to_the_model" executed="True" success="True" time="0.010" asserts="1" />
                          <test-case name="StoryTeller.Testing.UserInterface.Projects.when_a_bound_project_screen_user_selects_ok.clicking_find_test_folder_should_bind_the_result_to_the_model" executed="True" success="True" time="0.010" asserts="1" />
                        </results>
                      </test-suite>
                      <test-suite name="when_activating_a_new_project_screen_for_the_first_time" success="True" time="0.110" asserts="0">
                        <results>
                          <test-case name="StoryTeller.Testing.UserInterface.Projects.when_activating_a_new_project_screen_for_the_first_time.should_bind_the_view_to_the_new_project" executed="True" success="True" time="0.109" asserts="0" />
                        </results>
                      </test-suite>
                      <test-suite name="when_calling_next_on_project_history" success="True" time="0.004" asserts="0">
                        <results>
                          <test-case name="StoryTeller.Testing.UserInterface.Projects.when_calling_next_on_project_history.calling_next_on_a_project_when_there_are_more_in_the_history_should_give_you_the_next_element" executed="True" success="True" time="0.003" asserts="1" />
                          <test-case name="StoryTeller.Testing.UserInterface.Projects.when_calling_next_on_project_history.calling_next_on_the_last_project_in_the_history_should_return_null" executed="True" success="True" time="0.000" asserts="1" />
                        </results>
                      </test-suite>
                      <test-suite name="when_cancelling_the_new_project" success="True" time="0.009" asserts="0">
                        <results>
                          <test-case name="StoryTeller.Testing.UserInterface.Projects.when_cancelling_the_new_project.can_close_should_always_be_true" executed="True" success="True" time="0.004" asserts="1" />
                          <test-case name="StoryTeller.Testing.UserInterface.Projects.when_cancelling_the_new_project.should_close_the_screen" executed="True" success="True" time="0.004" asserts="0" />
                        </results>
                      </test-suite>
                      <test-suite name="when_creating_a_new_project" success="True" time="0.062" asserts="0">
                        <results>
                          <test-case name="StoryTeller.Testing.UserInterface.Projects.when_creating_a_new_project.should_call_open_screen_on_the_conductor_with_new_project_subject" executed="True" success="True" time="0.061" asserts="0" />
                        </results>
                      </test-suite>
                      <test-suite name="when_deleting_a_test" success="True" time="0.051" asserts="0">
                        <results>
                          <test-case name="StoryTeller.Testing.UserInterface.Projects.when_deleting_a_test.should_invoke_the_inner_project_to_delete_the_test" executed="True" success="True" time="0.047" asserts="0" />
                          <test-case name="StoryTeller.Testing.UserInterface.Projects.when_deleting_a_test.should_remove_the_test_from_its_parent" executed="True" success="True" time="0.002" asserts="1" />
                        </results>
                      </test-suite>
                      <test-suite name="when_handling_the_recycle_message" success="True" time="0.006" asserts="0">
                        <results>
                          <test-case name="StoryTeller.Testing.UserInterface.Projects.when_handling_the_recycle_message.should_launch_a_dialog_with_itself" executed="True" success="True" time="0.004" asserts="0" />
                          <test-case name="StoryTeller.Testing.UserInterface.Projects.when_handling_the_recycle_message.should_store_the_message" executed="True" success="True" time="0.001" asserts="1" />
                        </results>
                      </test-suite>
                      <test-suite name="when_handling_the_request_test_rename_message" success="True" time="0.016" asserts="0">
                        <results>
                          <test-case name="StoryTeller.Testing.UserInterface.Projects.when_handling_the_request_test_rename_message.should_call_back_out_with_the_rename_test_message" executed="True" success="True" time="0.007" asserts="0" />
                          <test-case name="StoryTeller.Testing.UserInterface.Projects.when_handling_the_request_test_rename_message.should_refresh_the_screen_headers" executed="True" success="True" time="0.002" asserts="0" />
                          <test-case name="StoryTeller.Testing.UserInterface.Projects.when_handling_the_request_test_rename_message.should_rename_the_test_file" executed="True" success="True" time="0.005" asserts="0" />
                        </results>
                      </test-suite>
                      <test-suite name="when_loading_a_project" success="True" time="0.071" asserts="0">
                        <results>
                          <test-case name="StoryTeller.Testing.UserInterface.Projects.when_loading_a_project.cancels_all_test_runs_in_the_queue" executed="True" success="True" time="0.030" asserts="0" />
                          <test-case name="StoryTeller.Testing.UserInterface.Projects.when_loading_a_project.closes_all_open_screens" executed="True" success="True" time="0.004" asserts="0" />
                          <test-case name="StoryTeller.Testing.UserInterface.Projects.when_loading_a_project.loads_the_hierarchy_into_the_shell_presenter" executed="True" success="True" time="0.004" asserts="0" />
                          <test-case name="StoryTeller.Testing.UserInterface.Projects.when_loading_a_project.marks_the_project_history" executed="True" success="True" time="0.007" asserts="0" />
                          <test-case name="StoryTeller.Testing.UserInterface.Projects.when_loading_a_project.remembers_the_project_for_later" executed="True" success="True" time="0.003" asserts="1" />
                          <test-case name="StoryTeller.Testing.UserInterface.Projects.when_loading_a_project.should_apply_the_persisted_workspace_filters_to_the_project" executed="True" success="True" time="0.003" asserts="0" />
                          <test-case name="StoryTeller.Testing.UserInterface.Projects.when_loading_a_project.should_persist_the_new_history" executed="True" success="True" time="0.006" asserts="0" />
                          <test-case name="StoryTeller.Testing.UserInterface.Projects.when_loading_a_project.should_reload_the_project_list" executed="True" success="True" time="0.007" asserts="0" />
                        </results>
                      </test-suite>
                      <test-suite name="when_loading_a_project_and_the_load_fails" success="True" time="0.012" asserts="0">
                        <results>
                          <test-case name="StoryTeller.Testing.UserInterface.Projects.when_loading_a_project_and_the_load_fails.should_fire_a_project_load_failure_event" executed="True" success="True" time="0.012" asserts="0" />
                        </results>
                      </test-suite>
                      <test-suite name="when_loading_a_project_we_cant_find_on_the_filesystem" success="True" time="0.022" asserts="0">
                        <results>
                          <test-case name="StoryTeller.Testing.UserInterface.Projects.when_loading_a_project_we_cant_find_on_the_filesystem.should_indicate_project_load_was_not_successful" executed="True" success="True" time="0.004" asserts="1" />
                          <test-case name="StoryTeller.Testing.UserInterface.Projects.when_loading_a_project_we_cant_find_on_the_filesystem.should_not_load_a_hierarchy" executed="True" success="True" time="0.003" asserts="0" />
                          <test-case name="StoryTeller.Testing.UserInterface.Projects.when_loading_a_project_we_cant_find_on_the_filesystem.should_not_mark_the_project_in_the_history" executed="True" success="True" time="0.002" asserts="0" />
                          <test-case name="StoryTeller.Testing.UserInterface.Projects.when_loading_a_project_we_cant_find_on_the_filesystem.should_not_save_the_history" executed="True" success="True" time="0.005" asserts="0" />
                          <test-case name="StoryTeller.Testing.UserInterface.Projects.when_loading_a_project_we_cant_find_on_the_filesystem.should_raise_a_project_load_failure_event_with_the_project_token" executed="True" success="True" time="0.003" asserts="0" />
                        </results>
                      </test-suite>
                      <test-suite name="when_loading_an_existing_project_and_the_user_cancels" success="True" time="0.033" asserts="0">
                        <results>
                          <test-case name="StoryTeller.Testing.UserInterface.Projects.when_loading_an_existing_project_and_the_user_cancels.should_not_try_to_get_the_selection_out_of_the_file_dialog_picker" executed="True" success="True" time="0.024" asserts="0" />
                          <test-case name="StoryTeller.Testing.UserInterface.Projects.when_loading_an_existing_project_and_the_user_cancels.should_not_try_to_load_a_project" executed="True" success="True" time="0.003" asserts="0" />
                          <test-case name="StoryTeller.Testing.UserInterface.Projects.when_loading_an_existing_project_and_the_user_cancels.should_set_the_file_dialog_filter_to_xml" executed="True" success="True" time="0.002" asserts="0" />
                          <test-case name="StoryTeller.Testing.UserInterface.Projects.when_loading_an_existing_project_and_the_user_cancels.should_use_the_file_dialog_picker_to_find_the_project" executed="True" success="True" time="0.001" asserts="0" />
                        </results>
                      </test-suite>
                      <test-suite name="when_loading_an_existing_project_and_the_user_selects_a_file" success="True" time="0.043" asserts="0">
                        <results>
                          <test-case name="StoryTeller.Testing.UserInterface.Projects.when_loading_an_existing_project_and_the_user_selects_a_file.should_call_load_project_with_a_project_token" executed="True" success="True" time="0.030" asserts="0" />
                          <test-case name="StoryTeller.Testing.UserInterface.Projects.when_loading_an_existing_project_and_the_user_selects_a_file.should_set_the_file_dialog_filter_to_xml" executed="True" success="True" time="0.004" asserts="0" />
                          <test-case name="StoryTeller.Testing.UserInterface.Projects.when_loading_an_existing_project_and_the_user_selects_a_file.should_use_the_file_dialog_picker_to_find_the_project" executed="True" success="True" time="0.003" asserts="0" />
                          <test-case name="StoryTeller.Testing.UserInterface.Projects.when_loading_an_existing_project_and_the_user_selects_a_file.should_use_the_project_persistor_to_load_the_file_the_user_selects" executed="True" success="True" time="0.002" asserts="0" />
                        </results>
                      </test-suite>
                      <test-suite name="when_loading_an_existing_project_and_we_cannot_load_the_file_from_disk" success="True" time="0.009" asserts="0">
                        <results>
                          <test-case name="StoryTeller.Testing.UserInterface.Projects.when_loading_an_existing_project_and_we_cannot_load_the_file_from_disk.should_send_a_project_load_failure_message_with_the_event_aggregator" executed="True" success="True" time="0.008" asserts="0" />
                        </results>
                      </test-suite>
                      <test-suite name="when_loading_the_history" success="True" time="0.041" asserts="0">
                        <results>
                          <test-case name="StoryTeller.Testing.UserInterface.Projects.when_loading_the_history.gracefully_handles_a_malformed_project_history_file" executed="True" success="True" time="0.037" asserts="2" />
                          <test-case name="StoryTeller.Testing.UserInterface.Projects.when_loading_the_history.gracefully_return_a_blank_history_if_the_history_does_not_exist" executed="True" success="True" time="0.001" asserts="2" />
                          <test-case name="StoryTeller.Testing.UserInterface.Projects.when_loading_the_history.save_and_load_history" executed="True" success="True" time="0.002" asserts="1" />
                        </results>
                      </test-suite>
                      <test-suite name="when_reloading_tests" success="True" time="0.008" asserts="0">
                        <results>
                          <test-case name="StoryTeller.Testing.UserInterface.Projects.when_reloading_tests.should_close_all_open_screens" executed="True" success="True" time="0.005" asserts="0" />
                          <test-case name="StoryTeller.Testing.UserInterface.Projects.when_reloading_tests.should_send_the_hierarchy_message" executed="True" success="True" time="0.002" asserts="0" />
                        </results>
                      </test-suite>
                      <test-suite name="when_responding_to_a_new_suite" success="True" time="0.003" asserts="0">
                        <results>
                          <test-case name="StoryTeller.Testing.UserInterface.Projects.when_responding_to_a_new_suite.should_create_the_new_directory_for_the_suite" executed="True" success="True" time="0.003" asserts="0" />
                        </results>
                      </test-suite>
                      <test-suite name="when_responding_to_a_save_test_request" success="True" time="0.004" asserts="0">
                        <results>
                          <test-case name="StoryTeller.Testing.UserInterface.Projects.when_responding_to_a_save_test_request.should_call_save_on_project" executed="True" success="True" time="0.004" asserts="0" />
                        </results>
                      </test-suite>
                      <test-suite name="when_responding_to_loading_a_new_project" success="True" time="0.040" asserts="0">
                        <results>
                          <test-case name="StoryTeller.Testing.UserInterface.Projects.when_responding_to_loading_a_new_project.should_activate_the_new_project" executed="True" success="True" time="0.012" asserts="0" />
                          <test-case name="StoryTeller.Testing.UserInterface.Projects.when_responding_to_loading_a_new_project.should_persist_the_new_project" executed="True" success="True" time="0.005" asserts="0" />
                          <test-case name="StoryTeller.Testing.UserInterface.Projects.when_responding_to_loading_a_new_project.should_remember_the_project" executed="True" success="True" time="0.008" asserts="1" />
                          <test-case name="StoryTeller.Testing.UserInterface.Projects.when_responding_to_loading_a_new_project.should_save_the_new_project_history" executed="True" success="True" time="0.004" asserts="0" />
                          <test-case name="StoryTeller.Testing.UserInterface.Projects.when_responding_to_loading_a_new_project.should_set_the_list_of_existing_projects" executed="True" success="True" time="0.004" asserts="0" />
                          <test-case name="StoryTeller.Testing.UserInterface.Projects.when_responding_to_loading_a_new_project.should_store_the_new_project_with_the_history" executed="True" success="True" time="0.005" asserts="0" />
                        </results>
                      </test-suite>
                      <test-suite name="when_responding_to_removing_a_project_from_the_history" success="True" time="0.007" asserts="0">
                        <results>
                          <test-case name="StoryTeller.Testing.UserInterface.Projects.when_responding_to_removing_a_project_from_the_history.should_remove_the_project_from_the_history" executed="True" success="True" time="0.003" asserts="0" />
                          <test-case name="StoryTeller.Testing.UserInterface.Projects.when_responding_to_removing_a_project_from_the_history.should_save_the_history" executed="True" success="True" time="0.003" asserts="0" />
                        </results>
                      </test-suite>
                      <test-suite name="when_responding_to_the_workspace_filters_changed_message" success="True" time="0.018" asserts="0">
                        <results>
                          <test-case name="StoryTeller.Testing.UserInterface.Projects.when_responding_to_the_workspace_filters_changed_message.needs_to_publish_a_binary_recycle_message" executed="True" success="True" time="0.006" asserts="0" />
                          <test-case name="StoryTeller.Testing.UserInterface.Projects.when_responding_to_the_workspace_filters_changed_message.should_mark_the_selected_workspaces_in_the_project_token" executed="True" success="True" time="0.005" asserts="0" />
                          <test-case name="StoryTeller.Testing.UserInterface.Projects.when_responding_to_the_workspace_filters_changed_message.should_mark_this_project_as_the_most_recent_in_the_history" executed="True" success="True" time="0.002" asserts="0" />
                          <test-case name="StoryTeller.Testing.UserInterface.Projects.when_responding_to_the_workspace_filters_changed_message.should_persist_the_project_history" executed="True" success="True" time="0.002" asserts="0" />
                        </results>
                      </test-suite>
                      <test-suite name="when_saving_a_valid_project" success="True" time="0.019" asserts="0">
                        <results>
                          <test-case name="StoryTeller.Testing.UserInterface.Projects.when_saving_a_valid_project.should_close_the_screen" executed="True" success="True" time="0.016" asserts="0" />
                          <test-case name="StoryTeller.Testing.UserInterface.Projects.when_saving_a_valid_project.should_load_the_new_project" executed="True" success="True" time="0.003" asserts="0" />
                        </results>
                      </test-suite>
                      <test-suite name="when_saving_an_invalid_project" success="True" time="0.010" asserts="0">
                        <results>
                          <test-case name="StoryTeller.Testing.UserInterface.Projects.when_saving_an_invalid_project.should_not_close_the_screen" executed="True" success="True" time="0.006" asserts="0" />
                          <test-case name="StoryTeller.Testing.UserInterface.Projects.when_saving_an_invalid_project.should_not_load_the_new_project" executed="True" success="True" time="0.002" asserts="0" />
                          <test-case name="StoryTeller.Testing.UserInterface.Projects.when_saving_an_invalid_project.should_set_the_notification_messages_on_the_view" executed="True" success="True" time="0.002" asserts="0" />
                        </results>
                      </test-suite>
                      <test-suite name="when_saving_workspace_filters_for_the_project" success="True" time="0.007" asserts="0">
                        <results>
                          <test-case name="StoryTeller.Testing.UserInterface.Projects.when_saving_workspace_filters_for_the_project.has_to_issue_a_binary_recycle_request" executed="True" success="True" time="0.003" asserts="0" />
                          <test-case name="StoryTeller.Testing.UserInterface.Projects.when_saving_workspace_filters_for_the_project.should_publish_a_workspace_filters_changed_message" executed="True" success="True" time="0.002" asserts="0" />
                          <test-case name="StoryTeller.Testing.UserInterface.Projects.when_saving_workspace_filters_for_the_project.should_save_the_project_file" executed="True" success="True" time="0.002" asserts="0" />
                        </results>
                      </test-suite>
                      <test-suite name="when_the_controller_starts_with_no_projects" success="True" time="0.030" asserts="0">
                        <results>
                          <test-case name="StoryTeller.Testing.UserInterface.Projects.when_the_controller_starts_with_no_projects.should_launch_a_new_screen_to_create_a_new_project" executed="True" success="True" time="0.010" asserts="0" />
                          <test-case name="StoryTeller.Testing.UserInterface.Projects.when_the_controller_starts_with_no_projects.should_not_try_to_load_any_project_if_the_history_is_blank" executed="True" success="True" time="0.002" asserts="0" />
                          <test-case name="StoryTeller.Testing.UserInterface.Projects.when_the_controller_starts_with_no_projects.should_set_the_list_of_existing_projects" executed="True" success="True" time="0.002" asserts="0" />
                        </results>
                      </test-suite>
                      <test-suite name="when_the_project_controller_saves_the_project" success="True" time="0.026" asserts="0">
                        <results>
                          <test-case name="StoryTeller.Testing.UserInterface.Projects.when_the_project_controller_saves_the_project.should_persist_the_project" executed="True" success="True" time="0.021" asserts="0" />
                          <test-case name="StoryTeller.Testing.UserInterface.Projects.when_the_project_controller_saves_the_project.should_refresh_the_code_tree" executed="True" success="True" time="0.002" asserts="0" />
                          <test-case name="StoryTeller.Testing.UserInterface.Projects.when_the_project_controller_saves_the_project.should_reload_the_fixture_library" executed="True" success="True" time="0.002" asserts="0" />
                        </results>
                      </test-suite>
                      <test-suite name="when_the_ProjectController_starts_with_projects" success="True" time="0.006" asserts="0">
                        <results>
                          <test-case name="StoryTeller.Testing.UserInterface.Projects.when_the_ProjectController_starts_with_projects.should_load_the_last_project_if_it_exists" executed="True" success="True" time="0.004" asserts="0" />
                          <test-case name="StoryTeller.Testing.UserInterface.Projects.when_the_ProjectController_starts_with_projects.should_set_the_list_of_existing_projects" executed="True" success="True" time="0.002" asserts="0" />
                        </results>
                      </test-suite>
                      <test-suite name="when_the_ProjectController_starts_with_projects_and_all_of_the_project_loads_fails" success="True" time="0.036" asserts="0">
                        <results>
                          <test-case name="StoryTeller.Testing.UserInterface.Projects.when_the_ProjectController_starts_with_projects_and_all_of_the_project_loads_fails.should_launch_a_new_screen_to_create_a_new_project" executed="True" success="True" time="0.008" asserts="0" />
                          <test-case name="StoryTeller.Testing.UserInterface.Projects.when_the_ProjectController_starts_with_projects_and_all_of_the_project_loads_fails.should_not_try_to_load_a_project_if_the_history_does_not_have_any_more_projects" executed="True" success="True" time="0.003" asserts="0" />
                          <test-case name="StoryTeller.Testing.UserInterface.Projects.when_the_ProjectController_starts_with_projects_and_all_of_the_project_loads_fails.should_set_the_list_of_existing_projects" executed="True" success="True" time="0.004" asserts="0" />
                          <test-case name="StoryTeller.Testing.UserInterface.Projects.when_the_ProjectController_starts_with_projects_and_all_of_the_project_loads_fails.should_try_to_load_all_the_projects" executed="True" success="True" time="0.003" asserts="0" />
                          <test-case name="StoryTeller.Testing.UserInterface.Projects.when_the_ProjectController_starts_with_projects_and_all_of_the_project_loads_fails.when_the_first_project_fails_should_get_the_next_project" executed="True" success="True" time="0.003" asserts="0" />
                        </results>
                      </test-suite>
                      <test-suite name="when_the_ProjectController_starts_with_projects_and_one_of_the_project_loads_fails" success="True" time="0.015" asserts="0">
                        <results>
                          <test-case name="StoryTeller.Testing.UserInterface.Projects.when_the_ProjectController_starts_with_projects_and_one_of_the_project_loads_fails.should_load_projects_until_a_load_is_successful" executed="True" success="True" time="0.007" asserts="0" />
                          <test-case name="StoryTeller.Testing.UserInterface.Projects.when_the_ProjectController_starts_with_projects_and_one_of_the_project_loads_fails.should_set_the_list_of_existing_projects" executed="True" success="True" time="0.003" asserts="0" />
                          <test-case name="StoryTeller.Testing.UserInterface.Projects.when_the_ProjectController_starts_with_projects_and_one_of_the_project_loads_fails.when_the_first_project_fails_should_get_the_next_project" executed="True" success="True" time="0.002" asserts="0" />
                        </results>
                      </test-suite>
                    </results>
                  </test-suite>
                  <test-suite name="Queue" success="True" time="0.179" asserts="0">
                    <results>
                      <test-suite name="when_a_new_test_is_queued" success="True" time="0.067" asserts="0">
                        <results>
                          <test-case name="StoryTeller.Testing.UserInterface.Queue.when_a_new_test_is_queued.hide_the_no_tests_label" executed="True" success="True" time="0.064" asserts="0" />
                          <test-case name="StoryTeller.Testing.UserInterface.Queue.when_a_new_test_is_queued.the_test_should_be_added_to_the_view" executed="True" success="True" time="0.003" asserts="0" />
                        </results>
                      </test-suite>
                      <test-suite name="when_a_test_is_cancelled" success="True" time="0.004" asserts="0">
                        <results>
                          <test-case name="StoryTeller.Testing.UserInterface.Queue.when_a_test_is_cancelled.should_remove_the_test_from_the_view" executed="True" success="True" time="0.004" asserts="0" />
                        </results>
                      </test-suite>
                      <test-suite name="when_a_test_is_finished" success="True" time="0.006" asserts="0">
                        <results>
                          <test-case name="StoryTeller.Testing.UserInterface.Queue.when_a_test_is_finished.should_tell_the_view_to_hide_the_current_test" executed="True" success="True" time="0.006" asserts="0" />
                        </results>
                      </test-suite>
                      <test-suite name="when_aborting_the_test" success="True" time="0.008" asserts="0">
                        <results>
                          <test-case name="StoryTeller.Testing.UserInterface.Queue.when_aborting_the_test.should_direct_the_TestEngine_to_abort" executed="True" success="True" time="0.005" asserts="0" />
                          <test-case name="StoryTeller.Testing.UserInterface.Queue.when_aborting_the_test.should_immediately_hide_the_current_test_section_in_the_screen" executed="True" success="True" time="0.002" asserts="0" />
                        </results>
                      </test-suite>
                      <test-suite name="when_activating_the_queue_presenter" success="True" time="0.024" asserts="0">
                        <results>
                          <test-case name="StoryTeller.Testing.UserInterface.Queue.when_activating_the_queue_presenter.should_have_added_items_for_each_test" executed="True" success="True" time="0.023" asserts="0" />
                        </results>
                      </test-suite>
                      <test-suite name="when_activating_the_queue_presenter_and_a_test_is_executing" success="True" time="0.017" asserts="0">
                        <results>
                          <test-case name="StoryTeller.Testing.UserInterface.Queue.when_activating_the_queue_presenter_and_a_test_is_executing.should_show_the_active_test_section" executed="True" success="True" time="0.016" asserts="0" />
                        </results>
                      </test-suite>
                      <test-suite name="when_activating_the_queue_presenter_and_no_test_is_executing" success="True" time="0.032" asserts="0">
                        <results>
                          <test-case name="StoryTeller.Testing.UserInterface.Queue.when_activating_the_queue_presenter_and_no_test_is_executing.should_hide_the_active_test_section" executed="True" success="True" time="0.016" asserts="0" />
                          <test-case name="StoryTeller.Testing.UserInterface.Queue.when_activating_the_queue_presenter_and_no_test_is_executing.the_no_tests_queued_section_should_be_displayed" executed="True" success="True" time="0.014" asserts="0" />
                        </results>
                      </test-suite>
                      <test-suite name="when_clearing_all_queued_items" success="True" time="0.006" asserts="0">
                        <results>
                          <test-case name="StoryTeller.Testing.UserInterface.Queue.when_clearing_all_queued_items.should_abort_any_executing_test" executed="True" success="True" time="0.003" asserts="0" />
                          <test-case name="StoryTeller.Testing.UserInterface.Queue.when_clearing_all_queued_items.should_clear_all_enqueued_tests" executed="True" success="True" time="0.002" asserts="0" />
                        </results>
                      </test-suite>
                      <test-suite name="when_starting_to_execute_a_test" success="True" time="0.008" asserts="0">
                        <results>
                          <test-case name="StoryTeller.Testing.UserInterface.Queue.when_starting_to_execute_a_test.should_display_the_test_being_executed" executed="True" success="True" time="0.004" asserts="0" />
                          <test-case name="StoryTeller.Testing.UserInterface.Queue.when_starting_to_execute_a_test.should_remove_the_test_from_being_displayed_in_the_view" executed="True" success="True" time="0.003" asserts="0" />
                        </results>
                      </test-suite>
                    </results>
                  </test-suite>
                  <test-suite name="Recycling" success="True" time="0.059" asserts="0">
                    <results>
                      <test-suite name="when_handling_the_recycle_failure_message" success="True" time="0.035" asserts="0">
                        <results>
                          <test-case name="StoryTeller.Testing.UserInterface.Recycling.when_handling_the_recycle_failure_message.should_hide_the_dialog" executed="True" success="True" time="0.026" asserts="0" />
                          <test-case name="StoryTeller.Testing.UserInterface.Recycling.when_handling_the_recycle_failure_message.should_make_the_shell_go_into_invalid_binary_mode" executed="True" success="True" time="0.004" asserts="0" />
                        </results>
                      </test-suite>
                      <test-suite name="when_handling_the_recycle_finished_message" success="True" time="0.004" asserts="0">
                        <results>
                          <test-case name="StoryTeller.Testing.UserInterface.Recycling.when_handling_the_recycle_finished_message.should_completely_unlock_the_shell" executed="True" success="True" time="0.003" asserts="0" />
                          <test-case name="StoryTeller.Testing.UserInterface.Recycling.when_handling_the_recycle_finished_message.should_hide_the_dialog" executed="True" success="True" time="0.001" asserts="0" />
                        </results>
                      </test-suite>
                      <test-suite name="when_handling_the_recycle_message_message" success="True" time="0.009" asserts="0">
                        <results>
                          <test-case name="StoryTeller.Testing.UserInterface.Recycling.when_handling_the_recycle_message_message.should_show_the_status_message_in_the_dialog" executed="True" success="True" time="0.003" asserts="0" />
                        </results>
                      </test-suite>
                      <test-suite name="when_handling_the_recycle_status_message" success="True" time="0.003" asserts="0">
                        <results>
                          <test-case name="StoryTeller.Testing.UserInterface.Recycling.when_handling_the_recycle_status_message.should_relay_the_progress_to_the_dialog" executed="True" success="True" time="0.002" asserts="0" />
                        </results>
                      </test-suite>
                      <test-suite name="when_responding_to_the_binary_recycle_started_message" success="True" time="0.005" asserts="0">
                        <results>
                          <test-case name="StoryTeller.Testing.UserInterface.Recycling.when_responding_to_the_binary_recycle_started_message.should_lock_the_shell" executed="True" success="True" time="0.003" asserts="0" />
                          <test-case name="StoryTeller.Testing.UserInterface.Recycling.when_responding_to_the_binary_recycle_started_message.should_show_the_recycling_progress_dialog" executed="True" success="True" time="0.001" asserts="0" />
                        </results>
                      </test-suite>
                    </results>
                  </test-suite>
                  <test-suite name="Running" success="True" time="0.121" asserts="0">
                    <results>
                      <test-suite name="determining_is_empty_when_no_tests_are_queued" success="True" time="0.021" asserts="0">
                        <results>
                          <test-case name="StoryTeller.Testing.UserInterface.Running.determining_is_empty_when_no_tests_are_queued.the_queue_should_be_empty" executed="True" success="True" time="0.021" asserts="1" />
                        </results>
                      </test-suite>
                      <test-suite name="TestRunEventTester" success="True" time="0.003" asserts="0">
                        <results>
                          <test-case name="StoryTeller.Testing.UserInterface.Running.TestRunEventTester.executing_is_running" executed="True" success="True" time="0.001" asserts="1" />
                          <test-case name="StoryTeller.Testing.UserInterface.Running.TestRunEventTester.not_queued_is_not_running" executed="True" success="True" time="0.001" asserts="1" />
                          <test-case name="StoryTeller.Testing.UserInterface.Running.TestRunEventTester.queued_is_running" executed="True" success="True" time="0.000" asserts="1" />
                        </results>
                      </test-suite>
                      <test-suite name="when_adding_the_test_to_the_queue" success="True" time="0.014" asserts="0">
                        <results>
                          <test-case name="StoryTeller.Testing.UserInterface.Running.when_adding_the_test_to_the_queue.accessible_through_the_all_tests_enumerator" executed="True" success="True" time="0.003" asserts="1" />
                          <test-case name="StoryTeller.Testing.UserInterface.Running.when_adding_the_test_to_the_queue.subsequent_calls_to_queue_a_test_will_not_queue_the_test_again" executed="True" success="True" time="0.005" asserts="0" />
                          <test-case name="StoryTeller.Testing.UserInterface.Running.when_adding_the_test_to_the_queue.the_first_add_to_the_queue_will_broadcast_a_queued_message" executed="True" success="True" time="0.002" asserts="0" />
                          <test-case name="StoryTeller.Testing.UserInterface.Running.when_adding_the_test_to_the_queue.the_queue_should_not_be_empty" executed="True" success="True" time="0.001" asserts="1" />
                          <test-case name="StoryTeller.Testing.UserInterface.Running.when_adding_the_test_to_the_queue.the_test_should_be_in_the_queue" executed="True" success="True" time="0.001" asserts="1" />
                        </results>
                      </test-suite>
                      <test-suite name="when_cancelling_a_test_that_is_in_the_queueu" success="True" time="0.004" asserts="0">
                        <results>
                          <test-case name="StoryTeller.Testing.UserInterface.Running.when_cancelling_a_test_that_is_in_the_queueu.send_cancellation_message_if_the_test_is_queued" executed="True" success="True" time="0.003" asserts="0" />
                          <test-case name="StoryTeller.Testing.UserInterface.Running.when_cancelling_a_test_that_is_in_the_queueu.should_remove_the_test_from_the_queue" executed="True" success="True" time="0.001" asserts="1" />
                        </results>
                      </test-suite>
                      <test-suite name="when_cancelling_a_test_that_is_not_in_the_queue" success="True" time="0.002" asserts="0">
                        <results>
                          <test-case name="StoryTeller.Testing.UserInterface.Running.when_cancelling_a_test_that_is_not_in_the_queue.should_not_send_a_cancellation_message" executed="True" success="True" time="0.002" asserts="0" />
                        </results>
                      </test-suite>
                      <test-suite name="when_cancelling_all_tests_in_the_queue" success="True" time="0.010" asserts="0">
                        <results>
                          <test-case name="StoryTeller.Testing.UserInterface.Running.when_cancelling_all_tests_in_the_queue.all_of_the_tests_should_be_removed_from_the_queue" executed="True" success="True" time="0.002" asserts="1" />
                          <test-case name="StoryTeller.Testing.UserInterface.Running.when_cancelling_all_tests_in_the_queue.should_send_a_cancellation_message_for_all_the_tests" executed="True" success="True" time="0.007" asserts="0" />
                        </results>
                      </test-suite>
                      <test-suite name="when_closing_tests" success="True" time="0.004" asserts="0">
                        <results>
                          <test-case name="StoryTeller.Testing.UserInterface.Running.when_closing_tests.add_no_messages_if_there_are_no_tests_queued" executed="True" success="True" time="0.002" asserts="2" />
                          <test-case name="StoryTeller.Testing.UserInterface.Running.when_closing_tests.add_tests_are_running_message_if_there_are_tests_queued" executed="True" success="True" time="0.002" asserts="0" />
                        </results>
                      </test-suite>
                      <test-suite name="when_executing_a_test_successfully" success="True" time="0.012" asserts="0">
                        <results>
                          <test-case name="StoryTeller.Testing.UserInterface.Running.when_executing_a_test_successfully.should_broadcast_that_the_test_is_completed" executed="True" success="True" time="0.008" asserts="0" />
                          <test-case name="StoryTeller.Testing.UserInterface.Running.when_executing_a_test_successfully.should_execute_the_test_with_the_test_engine" executed="True" success="True" time="0.002" asserts="0" />
                          <test-case name="StoryTeller.Testing.UserInterface.Running.when_executing_a_test_successfully.should_first_mark_the_test_as_started" executed="True" success="True" time="0.002" asserts="0" />
                        </results>
                      </test-suite>
                      <test-suite name="when_handling_the_project_loaded_message_all_tests_in_the_queue" success="True" time="0.008" asserts="0">
                        <results>
                          <test-case name="StoryTeller.Testing.UserInterface.Running.when_handling_the_project_loaded_message_all_tests_in_the_queue.all_of_the_tests_should_be_removed_from_the_queue" executed="True" success="True" time="0.003" asserts="1" />
                          <test-case name="StoryTeller.Testing.UserInterface.Running.when_handling_the_project_loaded_message_all_tests_in_the_queue.should_send_a_cancellation_message_for_all_the_tests" executed="True" success="True" time="0.004" asserts="0" />
                        </results>
                      </test-suite>
                      <test-suite name="when_shutting_down" success="True" time="0.030" asserts="0">
                        <results>
                          <test-case name="StoryTeller.Testing.UserInterface.Running.when_shutting_down.should_stop_itself" executed="True" success="True" time="0.024" asserts="0" />
                          <test-case name="StoryTeller.Testing.UserInterface.Running.when_shutting_down.should_tell_the_test_engine_to_tear_down_the_environment" executed="True" success="True" time="0.005" asserts="0" />
                        </results>
                      </test-suite>
                    </results>
                  </test-suite>
                  <test-suite name="Screens" success="True" time="0.079" asserts="0">
                    <results>
                      <test-suite name="ScreenCollectionTester" success="True" time="0.031" asserts="0">
                        <results>
                          <test-case name="StoryTeller.Testing.UserInterface.Screens.ScreenCollectionTester.adding_a_screen_adds_a_storyteller_tab_item_with_that_screen" executed="True" success="True" time="0.005" asserts="5" />
                          <test-case name="StoryTeller.Testing.UserInterface.Screens.ScreenCollectionTester.can_iterate_through_the_screens" executed="True" success="True" time="0.007" asserts="7" />
                          <test-case name="StoryTeller.Testing.UserInterface.Screens.ScreenCollectionTester.clear_all_removes_all_tabs" executed="True" success="True" time="0.007" asserts="1" />
                          <test-case name="StoryTeller.Testing.UserInterface.Screens.ScreenCollectionTester.show_makes_a_screen_active" executed="True" success="True" time="0.012" asserts="6" />
                        </results>
                      </test-suite>
                      <test-suite name="ScreenFactoryTester" success="True" time="0.012" asserts="0">
                        <results>
                          <test-case name="StoryTeller.Testing.UserInterface.Screens.ScreenFactoryTester.can_build_a_screen_with_a_subject" executed="True" success="True" time="0.005" asserts="3" />
                          <test-case name="StoryTeller.Testing.UserInterface.Screens.ScreenFactoryTester.can_build_a_simple_screen" executed="True" success="True" time="0.007" asserts="3" />
                        </results>
                      </test-suite>
                      <test-suite name="Tab_within_screen_collection_tests" success="True" time="0.035" asserts="0">
                        <results>
                          <test-case name="StoryTeller.Testing.UserInterface.Screens.Tab_within_screen_collection_tests.the_context_menu_commands_should_have_the_close" executed="True" success="True" time="0.024" asserts="12" />
                          <test-case name="StoryTeller.Testing.UserInterface.Screens.Tab_within_screen_collection_tests.the_tag_is_the_screen" executed="True" success="True" time="0.003" asserts="1" />
                          <test-case name="StoryTeller.Testing.UserInterface.Screens.Tab_within_screen_collection_tests.the_title_of_the_screen_is_in_the_tab_header" executed="True" success="True" time="0.003" asserts="5" />
                          <test-case name="StoryTeller.Testing.UserInterface.Screens.Tab_within_screen_collection_tests.the_view_is_added_to_the_content_panel_of_the_tab_item" executed="True" success="True" time="0.003" asserts="3" />
                        </results>
                      </test-suite>
                    </results>
                  </test-suite>
                  <test-suite name="Shortcuts" success="True" time="0.287" asserts="0">
                    <results>
                      <test-suite name="ActionCommandTester" success="True" time="0.004" asserts="0">
                        <results>
                          <test-case name="StoryTeller.Testing.UserInterface.Shortcuts.ActionCommandTester.do_not_blow_up_when_calling_enable_without_a_handler" executed="True" success="True" time="0.001" asserts="0" />
                          <test-case name="StoryTeller.Testing.UserInterface.Shortcuts.ActionCommandTester.execute_should_call_the_inner_action_when_the_command_is_executed" executed="True" success="True" time="0.000" asserts="1" />
                          <test-case name="StoryTeller.Testing.UserInterface.Shortcuts.ActionCommandTester.setting_the_enabled_property_fires_the_enabled_changed_event" executed="True" success="True" time="0.000" asserts="1" />
                          <test-case name="StoryTeller.Testing.UserInterface.Shortcuts.ActionCommandTester.the_command_is_enabled_by_default" executed="True" success="True" time="0.001" asserts="1" />
                        </results>
                      </test-suite>
                      <test-suite name="CommandTester" success="True" time="0.041" asserts="0">
                        <results>
                          <test-case name="StoryTeller.Testing.UserInterface.Shortcuts.CommandTester.always_able_to_execute" executed="True" success="True" time="0.034" asserts="1" />
                          <test-case name="StoryTeller.Testing.UserInterface.Shortcuts.CommandTester.execute_should_get_the_service_from_the_container_and_run_the_action_against_that_service" executed="True" success="True" time="0.006" asserts="0" />
                        </results>
                      </test-suite>
                      <test-suite name="ScreenObjectRegistryTester" success="True" time="0.026" asserts="0">
                        <results>
                          <test-case name="StoryTeller.Testing.UserInterface.Shortcuts.ScreenObjectRegistryTester.adding_additional_shortcut_should_not_be_permanent" executed="True" success="True" time="0.004" asserts="1" />
                          <test-case name="StoryTeller.Testing.UserInterface.Shortcuts.ScreenObjectRegistryTester.clear_objects_from_the_explorer_pane" executed="True" success="True" time="0.004" asserts="0" />
                          <test-case name="StoryTeller.Testing.UserInterface.Shortcuts.ScreenObjectRegistryTester.place_an_object_into_the_explorer_pane" executed="True" success="True" time="0.002" asserts="0" />
                          <test-case name="StoryTeller.Testing.UserInterface.Shortcuts.ScreenObjectRegistryTester.register_a_command_for_opening_a_screen" executed="True" success="True" time="0.005" asserts="0" />
                          <test-case name="StoryTeller.Testing.UserInterface.Shortcuts.ScreenObjectRegistryTester.registering_a_command_for_a_dialog_command" executed="True" success="True" time="0.005" asserts="0" />
                          <test-case name="StoryTeller.Testing.UserInterface.Shortcuts.ScreenObjectRegistryTester.registering_a_command_for_raising_event" executed="True" success="True" time="0.005" asserts="0" />
                        </results>
                      </test-suite>
                      <test-suite name="ShortcutTester" success="True" time="0.110" asserts="0">
                        <results>
                          <test-case name="StoryTeller.Testing.UserInterface.Shortcuts.ShortcutTester.shortcut_creates_a_button" executed="True" success="True" time="0.109" asserts="0" />
                        </results>
                      </test-suite>
                      <test-suite name="when_clearing_transient_commands" success="True" time="0.062" asserts="0">
                        <results>
                          <test-case name="StoryTeller.Testing.UserInterface.Shortcuts.when_clearing_transient_commands.should_clear_transient_commands_out_of_shortcut_registry" executed="True" success="True" time="0.052" asserts="0" />
                          <test-case name="StoryTeller.Testing.UserInterface.Shortcuts.when_clearing_transient_commands.should_replace_the_options" executed="True" success="True" time="0.006" asserts="0" />
                          <test-case name="StoryTeller.Testing.UserInterface.Shortcuts.when_clearing_transient_commands.should_reset_the_command_bar" executed="True" success="True" time="0.004" asserts="0" />
                        </results>
                      </test-suite>
                      <test-suite name="when_removing_transient_actions" success="True" time="0.009" asserts="0">
                        <results>
                          <test-case name="StoryTeller.Testing.UserInterface.Shortcuts.when_removing_transient_actions.clear_removes_the_additional_shortcuts" executed="True" success="True" time="0.006" asserts="3" />
                          <test-case name="StoryTeller.Testing.UserInterface.Shortcuts.when_removing_transient_actions.the_transient_actions_are_removed_from_the_windows_input_bindings" executed="True" success="True" time="0.003" asserts="2" />
                        </results>
                      </test-suite>
                      <test-suite name="when_resetting_the_menu_options" success="True" time="0.027" asserts="0">
                        <results>
                          <test-case name="StoryTeller.Testing.UserInterface.Shortcuts.when_resetting_the_menu_options.should_clear_previous_transient_commands_from_action_registry" executed="True" success="True" time="0.009" asserts="0" />
                          <test-case name="StoryTeller.Testing.UserInterface.Shortcuts.when_resetting_the_menu_options.should_have_the_screen_rebuild_the_menus" executed="True" success="True" time="0.007" asserts="0" />
                          <test-case name="StoryTeller.Testing.UserInterface.Shortcuts.when_resetting_the_menu_options.should_replace_the_options" executed="True" success="True" time="0.003" asserts="0" />
                          <test-case name="StoryTeller.Testing.UserInterface.Shortcuts.when_resetting_the_menu_options.should_reset_the_command_bar" executed="True" success="True" time="0.004" asserts="0" />
                        </results>
                      </test-suite>
                    </results>
                  </test-suite>
                  <test-suite name="StatusPresenterTester" success="True" time="0.107" asserts="0">
                    <results>
                      <test-case name="StoryTeller.Testing.UserInterface.StatusPresenterTester.fixture_library_loaded_updates_the_cycle_time" executed="True" success="True" time="0.038" asserts="0" />
                      <test-case name="StoryTeller.Testing.UserInterface.StatusPresenterTester.fixture_library_loaded_with_no_syntax_errors" executed="True" success="True" time="0.004" asserts="1" />
                      <test-case name="StoryTeller.Testing.UserInterface.StatusPresenterTester.fixture_library_loaded_with_syntax_errors" executed="True" success="True" time="0.002" asserts="1" />
                      <test-case name="StoryTeller.Testing.UserInterface.StatusPresenterTester.selecting_the_selected_errors_will_launch_the_syntax_errors_screen" executed="True" success="True" time="0.001" asserts="0" />
                      <test-case name="StoryTeller.Testing.UserInterface.StatusPresenterTester.showing_queue_opens_the_queu_page" executed="True" success="True" time="0.002" asserts="0" />
                      <test-case name="StoryTeller.Testing.UserInterface.StatusPresenterTester.update_queue_message_with_no_tests_in_the_queue" executed="True" success="True" time="0.005" asserts="0" />
                      <test-case name="StoryTeller.Testing.UserInterface.StatusPresenterTester.update_queue_message_with_tests_in_the_queue" executed="True" success="True" time="0.003" asserts="0" />
                      <test-case name="StoryTeller.Testing.UserInterface.StatusPresenterTester.when_cancelling_a_test" executed="True" success="True" time="0.044" asserts="0" />
                      <test-case name="StoryTeller.Testing.UserInterface.StatusPresenterTester.when_receiving_the_binary_recycle_started_message" executed="True" success="True" time="0.003" asserts="0" />
                    </results>
                  </test-suite>
                  <test-suite name="Tests" success="True" time="5.336" asserts="0">
                    <results>
                      <test-suite name="EditModeTester" success="True" time="0.078" asserts="0">
                        <results>
                          <test-case name="StoryTeller.Testing.UserInterface.Tests.EditModeTester.store_the_test_state_when_capturing_changes" executed="True" success="True" time="0.075" asserts="0" />
                          <test-case name="StoryTeller.Testing.UserInterface.Tests.EditModeTester.the_content_view_is_the_hmtl_view" executed="True" success="True" time="0.003" asserts="1" />
                        </results>
                      </test-suite>
                      <test-suite name="EditTestControllerTester" success="True" time="0.034" asserts="0">
                        <results>
                          <test-case name="StoryTeller.Testing.UserInterface.Tests.EditTestControllerTester.enabled_commands_when_the_test_is_executing" executed="True" success="True" time="0.026" asserts="2" />
                          <test-case name="StoryTeller.Testing.UserInterface.Tests.EditTestControllerTester.enabled_commands_when_the_test_is_not_queued_or_executing" executed="True" success="True" time="0.004" asserts="2" />
                          <test-case name="StoryTeller.Testing.UserInterface.Tests.EditTestControllerTester.enabled_commands_when_the_test_is_queued" executed="True" success="True" time="0.004" asserts="2" />
                        </results>
                      </test-suite>
                      <test-suite name="Outline" success="True" time="4.403" asserts="0">
                        <results>
                          <test-suite name="OutlineConfigurerTester" success="True" time="0.070" asserts="0">
                            <results>
                              <test-case name="StoryTeller.Testing.UserInterface.Tests.Outline.OutlineConfigurerTester.configure_a_sentence_with_all_the_values" executed="True" success="True" time="0.067" asserts="1" />
                              <test-case name="StoryTeller.Testing.UserInterface.Tests.Outline.OutlineConfigurerTester.configure_a_sentence_with_none_of_the_values" executed="True" success="True" time="0.003" asserts="1" />
                            </results>
                          </test-suite>
                          <test-suite name="OutlineTreeServiceIntegratedTester" success="True" time="4.027" asserts="0">
                            <results>
                              <test-case name="StoryTeller.Testing.UserInterface.Tests.Outline.OutlineTreeServiceIntegratedTester.build_an_outline_node_without_blowing_up" executed="True" success="True" time="1.628" asserts="0" />
                              <test-case name="StoryTeller.Testing.UserInterface.Tests.Outline.OutlineTreeServiceIntegratedTester.can_iterate_through_an_outline_node" executed="True" success="True" time="1.279" asserts="0" />
                              <test-case name="StoryTeller.Testing.UserInterface.Tests.Outline.OutlineTreeServiceIntegratedTester.gets_all_the_children" executed="True" success="True" time="1.119" asserts="1" />
                            </results>
                          </test-suite>
                          <test-suite name="when_adding_a_comment" success="True" time="0.048" asserts="0">
                            <results>
                              <test-case name="StoryTeller.Testing.UserInterface.Tests.Outline.when_adding_a_comment.add_the_comment_node_underneath" executed="True" success="True" time="0.040" asserts="0" />
                              <test-case name="StoryTeller.Testing.UserInterface.Tests.Outline.when_adding_a_comment.should_add_a_comment_to_the_holder" executed="True" success="True" time="0.002" asserts="2" />
                              <test-case name="StoryTeller.Testing.UserInterface.Tests.Outline.when_adding_a_comment.should_direct_the_test_state_manager_to_track_the_change" executed="True" success="True" time="0.003" asserts="0" />
                            </results>
                          </test-suite>
                          <test-suite name="when_adding_a_section" success="True" time="0.018" asserts="0">
                            <results>
                              <test-case name="StoryTeller.Testing.UserInterface.Tests.Outline.when_adding_a_section.should_add_a_new_section_node_to_the_tree" executed="True" success="True" time="0.003" asserts="0" />
                              <test-case name="StoryTeller.Testing.UserInterface.Tests.Outline.when_adding_a_section.should_add_a_new_section_to_the_test" executed="True" success="True" time="0.011" asserts="3" />
                              <test-case name="StoryTeller.Testing.UserInterface.Tests.Outline.when_adding_a_section.should_direct_the_test_state_manager_to_track_the_change" executed="True" success="True" time="0.003" asserts="0" />
                            </results>
                          </test-suite>
                          <test-suite name="when_adding_a_sentence_to_a_section" success="True" time="0.035" asserts="0">
                            <results>
                              <test-case name="StoryTeller.Testing.UserInterface.Tests.Outline.when_adding_a_sentence_to_a_section.should_setup_the_rearrange_commands" executed="True" success="True" time="0.028" asserts="0" />
                              <test-case name="StoryTeller.Testing.UserInterface.Tests.Outline.when_adding_a_sentence_to_a_section.the_new_node_should_not_be_on_the_stack" executed="True" success="True" time="0.002" asserts="1" />
                              <test-case name="StoryTeller.Testing.UserInterface.Tests.Outline.when_adding_a_sentence_to_a_section.the_node_is_added_to_the_tree" executed="True" success="True" time="0.002" asserts="3" />
                              <test-case name="StoryTeller.Testing.UserInterface.Tests.Outline.when_adding_a_sentence_to_a_section.uses_the_node_builder_to_write_the_text" executed="True" success="True" time="0.003" asserts="0" />
                            </results>
                          </test-suite>
                          <test-suite name="when_adding_a_step" success="True" time="0.008" asserts="0">
                            <results>
                              <test-case name="StoryTeller.Testing.UserInterface.Tests.Outline.when_adding_a_step.should_add_a_new_section_node_to_the_tree" executed="True" success="True" time="0.003" asserts="0" />
                              <test-case name="StoryTeller.Testing.UserInterface.Tests.Outline.when_adding_a_step.should_add_a_new_step_to_the_section" executed="True" success="True" time="0.002" asserts="3" />
                              <test-case name="StoryTeller.Testing.UserInterface.Tests.Outline.when_adding_a_step.should_direct_the_test_state_manager_to_track_the_change" executed="True" success="True" time="0.002" asserts="0" />
                            </results>
                          </test-suite>
                          <test-suite name="when_adding_a_valid_section_to_the_outline" success="True" time="0.017" asserts="0">
                            <results>
                              <test-case name="StoryTeller.Testing.UserInterface.Tests.Outline.when_adding_a_valid_section_to_the_outline.ending_a_section_should_pop_the_section_node_off_the_stack" executed="True" success="True" time="0.002" asserts="1" />
                              <test-case name="StoryTeller.Testing.UserInterface.Tests.Outline.when_adding_a_valid_section_to_the_outline.should_set_up_the_part_adders_on_this_node" executed="True" success="True" time="0.002" asserts="0" />
                              <test-case name="StoryTeller.Testing.UserInterface.Tests.Outline.when_adding_a_valid_section_to_the_outline.should_setup_the_rearrange_commands" executed="True" success="True" time="0.002" asserts="0" />
                              <test-case name="StoryTeller.Testing.UserInterface.Tests.Outline.when_adding_a_valid_section_to_the_outline.the_new_node_should_be_on_the_stack" executed="True" success="True" time="0.001" asserts="1" />
                              <test-case name="StoryTeller.Testing.UserInterface.Tests.Outline.when_adding_a_valid_section_to_the_outline.the_node_should_be_added_to_the_tree" executed="True" success="True" time="0.001" asserts="3" />
                              <test-case name="StoryTeller.Testing.UserInterface.Tests.Outline.when_adding_a_valid_section_to_the_outline.the_tooltip_should_reflect_the_type_of_the_fixture" executed="True" success="True" time="0.007" asserts="1" />
                            </results>
                          </test-suite>
                          <test-suite name="when_adding_an_invalid_section_to_the_outline" success="True" time="0.011" asserts="0">
                            <results>
                              <test-case name="StoryTeller.Testing.UserInterface.Tests.Outline.when_adding_an_invalid_section_to_the_outline.should_build_the_node" executed="True" success="True" time="0.003" asserts="3" />
                              <test-case name="StoryTeller.Testing.UserInterface.Tests.Outline.when_adding_an_invalid_section_to_the_outline.should_NOT_setup_any_part_adders_on_this_node" executed="True" success="True" time="0.003" asserts="0" />
                              <test-case name="StoryTeller.Testing.UserInterface.Tests.Outline.when_adding_an_invalid_section_to_the_outline.should_set_an_informative_message_on_the_tooltip" executed="True" success="True" time="0.001" asserts="1" />
                              <test-case name="StoryTeller.Testing.UserInterface.Tests.Outline.when_adding_an_invalid_section_to_the_outline.should_setup_the_rearrange_commands" executed="True" success="True" time="0.002" asserts="0" />
                              <test-case name="StoryTeller.Testing.UserInterface.Tests.Outline.when_adding_an_invalid_section_to_the_outline.the_new_node_should_not_be_on_the_stack" executed="True" success="True" time="0.001" asserts="1" />
                            </results>
                          </test-suite>
                          <test-suite name="when_creating_a_comment_node" success="True" time="0.009" asserts="0">
                            <results>
                              <test-case name="StoryTeller.Testing.UserInterface.Tests.Outline.when_creating_a_comment_node.should_add_the_rearrange_commands_onto_this_node" executed="True" success="True" time="0.002" asserts="0" />
                              <test-case name="StoryTeller.Testing.UserInterface.Tests.Outline.when_creating_a_comment_node.should_create_the_outline_node_for_the_comment" executed="True" success="True" time="0.001" asserts="3" />
                              <test-case name="StoryTeller.Testing.UserInterface.Tests.Outline.when_creating_a_comment_node.should_put_the_full_text_of_the_comment_on_the_tooltip_of_the_node" executed="True" success="True" time="0.001" asserts="1" />
                              <test-case name="StoryTeller.Testing.UserInterface.Tests.Outline.when_creating_a_comment_node.the_comment_node_should_be_attached_to_the_test_node" executed="True" success="True" time="0.001" asserts="1" />
                              <test-case name="StoryTeller.Testing.UserInterface.Tests.Outline.when_creating_a_comment_node.the_new_node_should_not_be_on_the_stack" executed="True" success="True" time="0.001" asserts="1" />
                            </results>
                          </test-suite>
                          <test-suite name="when_creating_a_test_node" success="True" time="0.002" asserts="0">
                            <results>
                              <test-case name="StoryTeller.Testing.UserInterface.Tests.Outline.when_creating_a_test_node.create_test_node" executed="True" success="True" time="0.001" asserts="3" />
                              <test-case name="StoryTeller.Testing.UserInterface.Tests.Outline.when_creating_a_test_node.the_test_node_should_be_in_the_stack" executed="True" success="True" time="0.000" asserts="1" />
                            </results>
                          </test-suite>
                          <test-suite name="when_moving_a_part_down" success="True" time="0.017" asserts="0">
                            <results>
                              <test-case name="StoryTeller.Testing.UserInterface.Tests.Outline.when_moving_a_part_down.should_direct_the_test_state_manager_to_track_the_change" executed="True" success="True" time="0.004" asserts="0" />
                              <test-case name="StoryTeller.Testing.UserInterface.Tests.Outline.when_moving_a_part_down.should_move_the_node_up_in_the_holder" executed="True" success="True" time="0.002" asserts="1" />
                              <test-case name="StoryTeller.Testing.UserInterface.Tests.Outline.when_moving_a_part_down.should_redraw_the_tree" executed="True" success="True" time="0.002" asserts="0" />
                              <test-case name="StoryTeller.Testing.UserInterface.Tests.Outline.when_moving_a_part_down.should_reselect_the_node_for_the_part" executed="True" success="True" time="0.003" asserts="0" />
                            </results>
                          </test-suite>
                          <test-suite name="when_moving_a_part_up" success="True" time="0.031" asserts="0">
                            <results>
                              <test-case name="StoryTeller.Testing.UserInterface.Tests.Outline.when_moving_a_part_up.should_direct_the_test_state_manager_to_track_the_change" executed="True" success="True" time="0.004" asserts="0" />
                              <test-case name="StoryTeller.Testing.UserInterface.Tests.Outline.when_moving_a_part_up.should_move_the_node_up_in_the_holder" executed="True" success="True" time="0.015" asserts="1" />
                              <test-case name="StoryTeller.Testing.UserInterface.Tests.Outline.when_moving_a_part_up.should_redraw_the_tree" executed="True" success="True" time="0.004" asserts="0" />
                              <test-case name="StoryTeller.Testing.UserInterface.Tests.Outline.when_moving_a_part_up.should_reselect_the_node_for_the_part" executed="True" success="True" time="0.004" asserts="0" />
                            </results>
                          </test-suite>
                          <test-suite name="when_refreshing_the_outline" success="True" time="0.021" asserts="0">
                            <results>
                              <test-case name="StoryTeller.Testing.UserInterface.Tests.Outline.when_refreshing_the_outline.refresh_the_outline_view" executed="True" success="True" time="0.015" asserts="0" />
                              <test-case name="StoryTeller.Testing.UserInterface.Tests.Outline.when_refreshing_the_outline.remembers_the_current_node" executed="True" success="True" time="0.002" asserts="1" />
                              <test-case name="StoryTeller.Testing.UserInterface.Tests.Outline.when_refreshing_the_outline.should_rebuild_the_tree" executed="True" success="True" time="0.003" asserts="0" />
                            </results>
                          </test-suite>
                          <test-suite name="when_removing_a_part" success="True" time="0.009" asserts="0">
                            <results>
                              <test-case name="StoryTeller.Testing.UserInterface.Tests.Outline.when_removing_a_part.should_direct_the_test_state_manager_to_track_the_change" executed="True" success="True" time="0.004" asserts="0" />
                              <test-case name="StoryTeller.Testing.UserInterface.Tests.Outline.when_removing_a_part.should_redraw_the_tree" executed="True" success="True" time="0.002" asserts="0" />
                              <test-case name="StoryTeller.Testing.UserInterface.Tests.Outline.when_removing_a_part.should_remove_the_part_from_the_holder" executed="True" success="True" time="0.002" asserts="1" />
                            </results>
                          </test-suite>
                          <test-suite name="when_writing_a_paragraph_in_a_section" success="True" time="0.010" asserts="0">
                            <results>
                              <test-case name="StoryTeller.Testing.UserInterface.Tests.Outline.when_writing_a_paragraph_in_a_section.ending_a_paragraph_should_pop_the_paragraph_off_the_stack" executed="True" success="True" time="0.004" asserts="1" />
                              <test-case name="StoryTeller.Testing.UserInterface.Tests.Outline.when_writing_a_paragraph_in_a_section.paragraph_should_be_on_the_stack" executed="True" success="True" time="0.002" asserts="1" />
                              <test-case name="StoryTeller.Testing.UserInterface.Tests.Outline.when_writing_a_paragraph_in_a_section.should_setup_the_rearrange_commands" executed="True" success="True" time="0.002" asserts="0" />
                              <test-case name="StoryTeller.Testing.UserInterface.Tests.Outline.when_writing_a_paragraph_in_a_section.the_node_should_be_added_to_the_tree" executed="True" success="True" time="0.002" asserts="3" />
                            </results>
                          </test-suite>
                          <test-suite name="when_writing_a_set_verification_in_a_section" success="True" time="0.011" asserts="0">
                            <results>
                              <test-case name="StoryTeller.Testing.UserInterface.Tests.Outline.when_writing_a_set_verification_in_a_section.should_setup_the_rearrange_commands" executed="True" success="True" time="0.004" asserts="0" />
                              <test-case name="StoryTeller.Testing.UserInterface.Tests.Outline.when_writing_a_set_verification_in_a_section.the_new_node_should_not_be_on_the_stack" executed="True" success="True" time="0.002" asserts="1" />
                              <test-case name="StoryTeller.Testing.UserInterface.Tests.Outline.when_writing_a_set_verification_in_a_section.the_node_should_be_added_to_the_tree" executed="True" success="True" time="0.002" asserts="3" />
                            </results>
                          </test-suite>
                          <test-suite name="when_writing_a_table_in_a_section" success="True" time="0.008" asserts="0">
                            <results>
                              <test-case name="StoryTeller.Testing.UserInterface.Tests.Outline.when_writing_a_table_in_a_section.should_setup_the_rearrange_commands" executed="True" success="True" time="0.004" asserts="0" />
                              <test-case name="StoryTeller.Testing.UserInterface.Tests.Outline.when_writing_a_table_in_a_section.the_new_node_should_not_be_on_the_stack" executed="True" success="True" time="0.002" asserts="1" />
                              <test-case name="StoryTeller.Testing.UserInterface.Tests.Outline.when_writing_a_table_in_a_section.the_node_should_be_added_to_the_tree" executed="True" success="True" time="0.001" asserts="3" />
                            </results>
                          </test-suite>
                          <test-suite name="when_writing_an_embedded_section_to_a_section" success="True" time="0.013" asserts="0">
                            <results>
                              <test-case name="StoryTeller.Testing.UserInterface.Tests.Outline.when_writing_an_embedded_section_to_a_section.ending_an_embedded_section_should_pop_the_node_off_the_stack" executed="True" success="True" time="0.003" asserts="1" />
                              <test-case name="StoryTeller.Testing.UserInterface.Tests.Outline.when_writing_an_embedded_section_to_a_section.paragraph_should_be_on_the_stack" executed="True" success="True" time="0.001" asserts="1" />
                              <test-case name="StoryTeller.Testing.UserInterface.Tests.Outline.when_writing_an_embedded_section_to_a_section.should_configure_part_adder_commands_to_the_embedded_sectino_node" executed="True" success="True" time="0.002" asserts="0" />
                              <test-case name="StoryTeller.Testing.UserInterface.Tests.Outline.when_writing_an_embedded_section_to_a_section.should_setup_the_rearrange_commands" executed="True" success="True" time="0.002" asserts="0" />
                              <test-case name="StoryTeller.Testing.UserInterface.Tests.Outline.when_writing_an_embedded_section_to_a_section.the_node_should_be_added_to_the_tree" executed="True" success="True" time="0.001" asserts="3" />
                              <test-case name="StoryTeller.Testing.UserInterface.Tests.Outline.when_writing_an_embedded_section_to_a_section.the_step_leaf_of_the_step_for_the_embedded_section_should_be_the_holder_on_the_current_node" executed="True" success="True" time="0.001" asserts="1" />
                            </results>
                          </test-suite>
                          <test-suite name="when_writing_an_invalid_grammar_in_a_section" success="True" time="0.007" asserts="0">
                            <results>
                              <test-case name="StoryTeller.Testing.UserInterface.Tests.Outline.when_writing_an_invalid_grammar_in_a_section.should_setup_the_rearrange_commands" executed="True" success="True" time="0.003" asserts="0" />
                              <test-case name="StoryTeller.Testing.UserInterface.Tests.Outline.when_writing_an_invalid_grammar_in_a_section.the_new_node_should_not_be_on_the_stack" executed="True" success="True" time="0.002" asserts="1" />
                              <test-case name="StoryTeller.Testing.UserInterface.Tests.Outline.when_writing_an_invalid_grammar_in_a_section.the_node_should_be_added_to_the_tree" executed="True" success="True" time="0.001" asserts="3" />
                            </results>
                          </test-suite>
                          <test-suite name="when_writing_grammars_underneath_a_paragraph" success="True" time="0.010" asserts="0">
                            <results>
                              <test-case name="StoryTeller.Testing.UserInterface.Tests.Outline.when_writing_grammars_underneath_a_paragraph.adding_an_embedded_section_then_a_sentence_under_a_paragraph_should_still_have_adder_commands" executed="True" success="True" time="0.004" asserts="0" />
                              <test-case name="StoryTeller.Testing.UserInterface.Tests.Outline.when_writing_grammars_underneath_a_paragraph.writing_a_sentence_should_not_add_rearrange_commands" executed="True" success="True" time="0.003" asserts="0" />
                              <test-case name="StoryTeller.Testing.UserInterface.Tests.Outline.when_writing_grammars_underneath_a_paragraph.writing_a_table_should_not_add_rearrange_commands" executed="True" success="True" time="0.003" asserts="0" />
                            </results>
                          </test-suite>
                        </results>
                      </test-suite>
                      <test-suite name="ResultsModeTester" success="True" time="0.001" asserts="0">
                        <results>
                          <test-case name="StoryTeller.Testing.UserInterface.Tests.ResultsModeTester.is_enabled_when_the_test_has_a_last_result" executed="True" success="True" time="0.001" asserts="1" />
                          <test-case name="StoryTeller.Testing.UserInterface.Tests.ResultsModeTester.is_enabled_when_the_test_has_no_result" executed="True" success="True" time="0.000" asserts="1" />
                        </results>
                      </test-suite>
                      <test-suite name="TestHeaderViewModelTester" success="True" time="0.029" asserts="0">
                        <results>
                          <test-case name="StoryTeller.Testing.UserInterface.Tests.TestHeaderViewModelTester.setting_the_name_renames_the_test_with_the_test_service" executed="True" success="True" time="0.020" asserts="0" />
                          <test-case name="StoryTeller.Testing.UserInterface.Tests.TestHeaderViewModelTester.update_status_when_the_test_is_executing" executed="True" success="True" time="0.002" asserts="1" />
                          <test-case name="StoryTeller.Testing.UserInterface.Tests.TestHeaderViewModelTester.update_status_when_the_test_is_not_in_the_queue_with_a_result" executed="True" success="True" time="0.002" asserts="1" />
                          <test-case name="StoryTeller.Testing.UserInterface.Tests.TestHeaderViewModelTester.update_status_when_the_test_is_queued" executed="True" success="True" time="0.002" asserts="1" />
                          <test-case name="StoryTeller.Testing.UserInterface.Tests.TestHeaderViewModelTester.update_status_with_no_result_and_not_queued" executed="True" success="True" time="0.002" asserts="2" />
                        </results>
                      </test-suite>
                      <test-suite name="TestScreenSubjectTester" success="True" time="0.171" asserts="0">
                        <results>
                          <test-case name="StoryTeller.Testing.UserInterface.Tests.TestScreenSubjectTester.can_create_the_presenter" executed="True" success="True" time="0.133" asserts="3" />
                          <test-case name="StoryTeller.Testing.UserInterface.Tests.TestScreenSubjectTester.matches_on_test" executed="True" success="True" time="0.037" asserts="3" />
                        </results>
                      </test-suite>
                      <test-suite name="the_initial_state_of_the_test_state_manager" success="True" time="0.031" asserts="0">
                        <results>
                          <test-case name="StoryTeller.Testing.UserInterface.Tests.the_initial_state_of_the_test_state_manager.is_dirty_is_false_in_the_inital_state" executed="True" success="True" time="0.020" asserts="1" />
                          <test-case name="StoryTeller.Testing.UserInterface.Tests.the_initial_state_of_the_test_state_manager.redo_is_disabled_in_the_initial_state" executed="True" success="True" time="0.001" asserts="1" />
                          <test-case name="StoryTeller.Testing.UserInterface.Tests.the_initial_state_of_the_test_state_manager.the_initial_json" executed="True" success="True" time="0.001" asserts="1" />
                          <test-case name="StoryTeller.Testing.UserInterface.Tests.the_initial_state_of_the_test_state_manager.the_initial_xml" executed="True" success="True" time="0.004" asserts="1" />
                          <test-case name="StoryTeller.Testing.UserInterface.Tests.the_initial_state_of_the_test_state_manager.undo_is_disabled_in_the_initial_state" executed="True" success="True" time="0.001" asserts="1" />
                        </results>
                      </test-suite>
                      <test-suite name="version_then_save_changes" success="True" time="0.026" asserts="0">
                        <results>
                          <test-case name="StoryTeller.Testing.UserInterface.Tests.version_then_save_changes.the_test_is_no_longer_dirty" executed="True" success="True" time="0.026" asserts="1" />
                        </results>
                      </test-suite>
                      <test-suite name="when_activating_a_screen_with_a_result" success="True" time="0.098" asserts="0">
                        <results>
                          <test-case name="StoryTeller.Testing.UserInterface.Tests.when_activating_a_screen_with_a_result.the_view_should_be_put_into_the_results_mode" executed="True" success="True" time="0.097" asserts="1" />
                        </results>
                      </test-suite>
                      <test-suite name="when_activating_a_screen_without_result" success="True" time="0.017" asserts="0">
                        <results>
                          <test-case name="StoryTeller.Testing.UserInterface.Tests.when_activating_a_screen_without_result.set_the_view_mode_selector_to_ChangeModeToPreview" executed="True" success="True" time="0.006" asserts="3" />
                          <test-case name="StoryTeller.Testing.UserInterface.Tests.when_activating_a_screen_without_result.the_available_modes_are_xml_and_ChangeModeToEdit" executed="True" success="True" time="0.005" asserts="6" />
                          <test-case name="StoryTeller.Testing.UserInterface.Tests.when_activating_a_screen_without_result.the_view_should_be_put_into_the_preview_mode" executed="True" success="True" time="0.004" asserts="2" />
                        </results>
                      </test-suite>
                      <test-suite name="when_activating_a_screen_without_result_but_not_empty" success="True" time="0.008" asserts="0">
                        <results>
                          <test-case name="StoryTeller.Testing.UserInterface.Tests.when_activating_a_screen_without_result_but_not_empty.the_current_mode_should_be_ChangeModeToPreview" executed="True" success="True" time="0.004" asserts="2" />
                          <test-case name="StoryTeller.Testing.UserInterface.Tests.when_activating_a_screen_without_result_but_not_empty.the_view_should_be_put_into_the_preview_mode" executed="True" success="True" time="0.004" asserts="1" />
                        </results>
                      </test-suite>
                      <test-suite name="when_adding_close_messages_and_the_screen_is_not_dirty" success="True" time="0.049" asserts="0">
                        <results>
                          <test-case name="StoryTeller.Testing.UserInterface.Tests.when_adding_close_messages_and_the_screen_is_not_dirty.there_should_be_no_messages_on_the_close_token" executed="True" success="True" time="0.049" asserts="1" />
                        </results>
                      </test-suite>
                      <test-suite name="when_applying_changes_successfully" success="True" time="0.012" asserts="0">
                        <results>
                          <test-case name="StoryTeller.Testing.UserInterface.Tests.when_applying_changes_successfully.should_apply_the_changes_from_the_xml_to_the_test" executed="True" success="True" time="0.009" asserts="1" />
                          <test-case name="StoryTeller.Testing.UserInterface.Tests.when_applying_changes_successfully.should_retrieve_the_current_xml_from_the_view" executed="True" success="True" time="0.002" asserts="1" />
                        </results>
                      </test-suite>
                      <test-suite name="when_applying_changes_unsuccessfully" success="True" time="0.008" asserts="0">
                        <results>
                          <test-case name="StoryTeller.Testing.UserInterface.Tests.when_applying_changes_unsuccessfully.should_message_that_the_xml_failed" executed="True" success="True" time="0.007" asserts="1" />
                        </results>
                      </test-suite>
                      <test-suite name="when_changing_the_view_to_xml_mode" success="True" time="0.020" asserts="0">
                        <results>
                          <test-case name="StoryTeller.Testing.UserInterface.Tests.when_changing_the_view_to_xml_mode.should_update_the_screen_state" executed="True" success="True" time="0.012" asserts="1" />
                          <test-case name="StoryTeller.Testing.UserInterface.Tests.when_changing_the_view_to_xml_mode.the_xml_view_should_be_placed_in_the_main_content_window" executed="True" success="True" time="0.007" asserts="1" />
                        </results>
                      </test-suite>
                      <test-suite name="when_closing_the_screen_when_it_is_dirty" success="True" time="0.025" asserts="0">
                        <results>
                          <test-case name="StoryTeller.Testing.UserInterface.Tests.when_closing_the_screen_when_it_is_dirty.the_user_decides_to_cancel_the_close" executed="True" success="True" time="0.011" asserts="1" />
                          <test-case name="StoryTeller.Testing.UserInterface.Tests.when_closing_the_screen_when_it_is_dirty.the_user_decides_to_discard_the_changes" executed="True" success="True" time="0.004" asserts="1" />
                          <test-case name="StoryTeller.Testing.UserInterface.Tests.when_closing_the_screen_when_it_is_dirty.the_user_decides_to_save_the_test_and_exit" executed="True" success="True" time="0.010" asserts="1" />
                        </results>
                      </test-suite>
                      <test-suite name="when_closing_the_screen_when_it_is_not_dirty" success="True" time="0.006" asserts="0">
                        <results>
                          <test-case name="StoryTeller.Testing.UserInterface.Tests.when_closing_the_screen_when_it_is_not_dirty.should_close_the_screen" executed="True" success="True" time="0.003" asserts="1" />
                          <test-case name="StoryTeller.Testing.UserInterface.Tests.when_closing_the_screen_when_it_is_not_dirty.should_close_without_opening_any_message_box" executed="True" success="True" time="0.003" asserts="0" />
                        </results>
                      </test-suite>
                      <test-suite name="when_initializing_the_xml_editor_screen" success="True" time="0.006" asserts="0">
                        <results>
                          <test-case name="StoryTeller.Testing.UserInterface.Tests.when_initializing_the_xml_editor_screen.initialize_the_screen_refills_the_xml_on_the_screen" executed="True" success="True" time="0.006" asserts="0" />
                        </results>
                      </test-suite>
                      <test-suite name="when_responding_to_binary_recycle_completed" success="True" time="0.004" asserts="0">
                        <results>
                          <test-case name="StoryTeller.Testing.UserInterface.Tests.when_responding_to_binary_recycle_completed.when_the_auto_run_is__true_run_the_test" executed="True" success="True" time="0.002" asserts="0" />
                          <test-case name="StoryTeller.Testing.UserInterface.Tests.when_responding_to_binary_recycle_completed.when_the_auto_run_is_false_do_not_run_the_test" executed="True" success="True" time="0.002" asserts="0" />
                        </results>
                      </test-suite>
                      <test-suite name="when_responding_to_test_update_event" success="True" time="0.009" asserts="0">
                        <results>
                          <test-case name="StoryTeller.Testing.UserInterface.Tests.when_responding_to_test_update_event.should_refresh_the_current_mode" executed="True" success="True" time="0.009" asserts="1" />
                        </results>
                      </test-suite>
                      <test-suite name="when_responding_to_the_clear_results_message" success="True" time="0.008" asserts="0">
                        <results>
                          <test-case name="StoryTeller.Testing.UserInterface.Tests.when_responding_to_the_clear_results_message.change_to_preview_mode_if_the_view_is_in_results_mode" executed="True" success="True" time="0.004" asserts="1" />
                          <test-case name="StoryTeller.Testing.UserInterface.Tests.when_responding_to_the_clear_results_message.update_the_screen_if_the_view_is_in_results_mode" executed="True" success="True" time="0.003" asserts="1" />
                        </results>
                      </test-suite>
                      <test-suite name="when_responding_to_the_test_being_cancelled" success="True" time="0.010" asserts="0">
                        <results>
                          <test-case name="StoryTeller.Testing.UserInterface.Tests.when_responding_to_the_test_being_cancelled.do_nothing_if_the_test_does_not_match" executed="True" success="True" time="0.004" asserts="1" />
                          <test-case name="StoryTeller.Testing.UserInterface.Tests.when_responding_to_the_test_being_cancelled.update_the_view_if_the_test_matches" executed="True" success="True" time="0.006" asserts="1" />
                        </results>
                      </test-suite>
                      <test-suite name="when_responding_to_the_test_being_executed" success="True" time="0.011" asserts="0">
                        <results>
                          <test-case name="StoryTeller.Testing.UserInterface.Tests.when_responding_to_the_test_being_executed.do_nothing_if_it_is_a_different_test" executed="True" success="True" time="0.005" asserts="1" />
                          <test-case name="StoryTeller.Testing.UserInterface.Tests.when_responding_to_the_test_being_executed.should_change_the_status_on_the_view_to_executing_if_it_is_the_correct_test" executed="True" success="True" time="0.004" asserts="1" />
                        </results>
                      </test-suite>
                      <test-suite name="when_responding_to_the_test_being_queued" success="True" time="0.007" asserts="0">
                        <results>
                          <test-case name="StoryTeller.Testing.UserInterface.Tests.when_responding_to_the_test_being_queued.do_nothing_if_it_is_a_different_test" executed="True" success="True" time="0.004" asserts="1" />
                          <test-case name="StoryTeller.Testing.UserInterface.Tests.when_responding_to_the_test_being_queued.update_the_view_if_it_is_the_correct_test" executed="True" success="True" time="0.003" asserts="1" />
                        </results>
                      </test-suite>
                      <test-suite name="when_responding_to_the_test_completing" success="True" time="0.016" asserts="0">
                        <results>
                          <test-case name="StoryTeller.Testing.UserInterface.Tests.when_responding_to_the_test_completing.do_nothing_if_it_is_not_the_correct_test" executed="True" success="True" time="0.003" asserts="1" />
                          <test-case name="StoryTeller.Testing.UserInterface.Tests.when_responding_to_the_test_completing.show_results_if_the_correct_test" executed="True" success="True" time="0.005" asserts="1" />
                          <test-case name="StoryTeller.Testing.UserInterface.Tests.when_responding_to_the_test_completing.the_available_view_states_should_be" executed="True" success="True" time="0.004" asserts="5" />
                        </results>
                      </test-suite>
                      <test-suite name="when_responding_to_the_TestRunEvent_for_a_different_test_than_the_test_being_edited" success="True" time="0.003" asserts="0">
                        <results>
                          <test-case name="StoryTeller.Testing.UserInterface.Tests.when_responding_to_the_TestRunEvent_for_a_different_test_than_the_test_being_edited.should_update_the_header" executed="True" success="True" time="0.003" asserts="1" />
                        </results>
                      </test-suite>
                      <test-suite name="when_retrieving_the_modes" success="True" time="0.007" asserts="0">
                        <results>
                          <test-case name="StoryTeller.Testing.UserInterface.Tests.when_retrieving_the_modes.has_four_modes" executed="True" success="True" time="0.007" asserts="2" />
                        </results>
                      </test-suite>
                      <test-suite name="when_reverting_the_test" success="True" time="0.018" asserts="0">
                        <results>
                          <test-case name="StoryTeller.Testing.UserInterface.Tests.when_reverting_the_test.can_no_go_backwards" executed="True" success="True" time="0.005" asserts="4" />
                          <test-case name="StoryTeller.Testing.UserInterface.Tests.when_reverting_the_test.go_forward" executed="True" success="True" time="0.002" asserts="7" />
                          <test-case name="StoryTeller.Testing.UserInterface.Tests.when_reverting_the_test.should_alert_all_the_registered_listeners_to_update" executed="True" success="True" time="0.005" asserts="3" />
                          <test-case name="StoryTeller.Testing.UserInterface.Tests.when_reverting_the_test.should_be_able_to_go_forward" executed="True" success="True" time="0.001" asserts="4" />
                          <test-case name="StoryTeller.Testing.UserInterface.Tests.when_reverting_the_test.should_definitely_be_dirty_since_it_is_no_longer_the_last_saved_version" executed="True" success="True" time="0.001" asserts="4" />
                          <test-case name="StoryTeller.Testing.UserInterface.Tests.when_reverting_the_test.the_current_json_is_the_original_json_after_going_back" executed="True" success="True" time="0.001" asserts="4" />
                        </results>
                      </test-suite>
                      <test-suite name="when_running_the_test" success="True" time="0.023" asserts="0">
                        <results>
                          <test-case name="StoryTeller.Testing.UserInterface.Tests.when_running_the_test.tell_the_test_service_to_enqueue_the_test" executed="True" success="True" time="0.021" asserts="0" />
                          <test-case name="StoryTeller.Testing.UserInterface.Tests.when_running_the_test.the_changes_should_have_been_applied_and_saved" executed="True" success="True" time="0.001" asserts="0" />
                        </results>
                      </test-suite>
                      <test-suite name="when_saving_the_test_successfully" success="True" time="0.014" asserts="0">
                        <results>
                          <test-case name="StoryTeller.Testing.UserInterface.Tests.when_saving_the_test_successfully.record_the_last_saved_version" executed="True" success="True" time="0.009" asserts="0" />
                          <test-case name="StoryTeller.Testing.UserInterface.Tests.when_saving_the_test_successfully.save_the_test" executed="True" success="True" time="0.003" asserts="0" />
                          <test-case name="StoryTeller.Testing.UserInterface.Tests.when_saving_the_test_successfully.the_changes_should_have_been_applied" executed="True" success="True" time="0.002" asserts="0" />
                        </results>
                      </test-suite>
                      <test-suite name="when_saving_the_test_with_application_failures" success="True" time="0.004" asserts="0">
                        <results>
                          <test-case name="StoryTeller.Testing.UserInterface.Tests.when_saving_the_test_with_application_failures.do_not_save_or_record_snapshot" executed="True" success="True" time="0.004" asserts="0" />
                        </results>
                      </test-suite>
                      <test-suite name="when_showing_results_from_the_test" success="True" time="0.014" asserts="0">
                        <results>
                          <test-case name="StoryTeller.Testing.UserInterface.Tests.when_showing_results_from_the_test.should_update_the_screen_state" executed="True" success="True" time="0.004" asserts="1" />
                          <test-case name="StoryTeller.Testing.UserInterface.Tests.when_showing_results_from_the_test.the_html_view_should_be_placed_in_the_main_pane" executed="True" success="True" time="0.004" asserts="1" />
                          <test-case name="StoryTeller.Testing.UserInterface.Tests.when_showing_results_from_the_test.the_view_was_updated_with_the_resulting_html" executed="True" success="True" time="0.006" asserts="1" />
                        </results>
                      </test-suite>
                      <test-suite name="when_showing_the_preview_in_the_screen" success="True" time="0.026" asserts="0">
                        <results>
                          <test-case name="StoryTeller.Testing.UserInterface.Tests.when_showing_the_preview_in_the_screen.should_convert_the_test_to_the_preview_html" executed="True" success="True" time="0.005" asserts="1" />
                          <test-case name="StoryTeller.Testing.UserInterface.Tests.when_showing_the_preview_in_the_screen.should_put_the_html_view_into_the_main_panel" executed="True" success="True" time="0.003" asserts="1" />
                          <test-case name="StoryTeller.Testing.UserInterface.Tests.when_showing_the_preview_in_the_screen.should_update_the_html_in_the_view" executed="True" success="True" time="0.003" asserts="1" />
                          <test-case name="StoryTeller.Testing.UserInterface.Tests.when_showing_the_preview_in_the_screen.should_update_the_screen_state" executed="True" success="True" time="0.014" asserts="1" />
                        </results>
                      </test-suite>
                      <test-suite name="when_storing_a_new_json_version" success="True" time="0.011" asserts="0">
                        <results>
                          <test-case name="StoryTeller.Testing.UserInterface.Tests.when_storing_a_new_json_version.all_listeners_except_the_source_should_be_updated" executed="True" success="True" time="0.003" asserts="0" />
                          <test-case name="StoryTeller.Testing.UserInterface.Tests.when_storing_a_new_json_version.redo_should_be_disabled" executed="True" success="True" time="0.001" asserts="1" />
                          <test-case name="StoryTeller.Testing.UserInterface.Tests.when_storing_a_new_json_version.should_be_dirty" executed="True" success="True" time="0.000" asserts="1" />
                          <test-case name="StoryTeller.Testing.UserInterface.Tests.when_storing_a_new_json_version.should_have_applied_the_json_changes" executed="True" success="True" time="0.003" asserts="0" />
                          <test-case name="StoryTeller.Testing.UserInterface.Tests.when_storing_a_new_json_version.undo_should_be_enabled" executed="True" success="True" time="0.001" asserts="1" />
                        </results>
                      </test-suite>
                      <test-suite name="when_storing_xml" success="True" time="0.013" asserts="0">
                        <results>
                          <test-case name="StoryTeller.Testing.UserInterface.Tests.when_storing_xml.all_listeners_except_the_source_should_be_updated" executed="True" success="True" time="0.005" asserts="0" />
                          <test-case name="StoryTeller.Testing.UserInterface.Tests.when_storing_xml.redo_should_be_disabled" executed="True" success="True" time="0.001" asserts="1" />
                          <test-case name="StoryTeller.Testing.UserInterface.Tests.when_storing_xml.should_be_dirty" executed="True" success="True" time="0.001" asserts="1" />
                          <test-case name="StoryTeller.Testing.UserInterface.Tests.when_storing_xml.should_have_applied_the_xml_changes_to_the_test" executed="True" success="True" time="0.002" asserts="0" />
                          <test-case name="StoryTeller.Testing.UserInterface.Tests.when_storing_xml.should_not_have_re_applied_the_json_changes" executed="True" success="True" time="0.001" asserts="0" />
                          <test-case name="StoryTeller.Testing.UserInterface.Tests.when_storing_xml.the_new_json_is_stored_in_history" executed="True" success="True" time="0.001" asserts="1" />
                          <test-case name="StoryTeller.Testing.UserInterface.Tests.when_storing_xml.undo_should_be_enabled" executed="True" success="True" time="0.001" asserts="1" />
                        </results>
                      </test-suite>
                      <test-suite name="when_test_is_cancelled" success="True" time="0.004" asserts="0">
                        <results>
                          <test-case name="StoryTeller.Testing.UserInterface.Tests.when_test_is_cancelled.the_test_should_be_cancelled" executed="True" success="True" time="0.004" asserts="0" />
                        </results>
                      </test-suite>
                      <test-suite name="when_the_screen_is_in_results_mode" success="True" time="0.016" asserts="0">
                        <results>
                          <test-case name="StoryTeller.Testing.UserInterface.Tests.when_the_screen_is_in_results_mode.edit_is_enabled" executed="True" success="True" time="0.003" asserts="2" />
                          <test-case name="StoryTeller.Testing.UserInterface.Tests.when_the_screen_is_in_results_mode.preview_is_enabled" executed="True" success="True" time="0.002" asserts="2" />
                          <test-case name="StoryTeller.Testing.UserInterface.Tests.when_the_screen_is_in_results_mode.results_button_is_disabled" executed="True" success="True" time="0.002" asserts="2" />
                          <test-case name="StoryTeller.Testing.UserInterface.Tests.when_the_screen_is_in_results_mode.xml_button_is_enabled" executed="True" success="True" time="0.006" asserts="2" />
                        </results>
                      </test-suite>
                      <test-suite name="when_the_TestController_responds_to_the_test_being_executed" success="True" time="0.006" asserts="0">
                        <results>
                          <test-case name="StoryTeller.Testing.UserInterface.Tests.when_the_TestController_responds_to_the_test_being_executed.cancel_should_be_enabled" executed="True" success="True" time="0.004" asserts="3" />
                          <test-case name="StoryTeller.Testing.UserInterface.Tests.when_the_TestController_responds_to_the_test_being_executed.run_should_not_be_enabled" executed="True" success="True" time="0.002" asserts="3" />
                        </results>
                      </test-suite>
                      <test-suite name="when_toggling_the_test_lifecycle" success="True" time="0.012" asserts="0">
                        <results>
                          <test-case name="StoryTeller.Testing.UserInterface.Tests.when_toggling_the_test_lifecycle.should_refresh_the_view" executed="True" success="True" time="0.008" asserts="1" />
                          <test-case name="StoryTeller.Testing.UserInterface.Tests.when_toggling_the_test_lifecycle.should_save_the_test" executed="True" success="True" time="0.002" asserts="1" />
                          <test-case name="StoryTeller.Testing.UserInterface.Tests.when_toggling_the_test_lifecycle.should_toggle_the_lifecycle_of_the_test" executed="True" success="True" time="0.001" asserts="2" />
                          <test-case name="StoryTeller.Testing.UserInterface.Tests.when_toggling_the_test_lifecycle.the_lifecycle_property_of_the_view_model_should_be_the_new_test_lifecycle" executed="True" success="True" time="0.001" asserts="2" />
                        </results>
                      </test-suite>
                      <test-suite name="when_trying_to_close_the_application_and_the_screen_is_dirty" success="True" time="0.003" asserts="0">
                        <results>
                          <test-case name="StoryTeller.Testing.UserInterface.Tests.when_trying_to_close_the_application_and_the_screen_is_dirty.should_register_a_message_with_the_close_token" executed="True" success="True" time="0.003" asserts="0" />
                        </results>
                      </test-suite>
                      <test-suite name="when_updating_the_screen_when_the_test_is_in_the_queue" success="True" time="0.005" asserts="0">
                        <results>
                          <test-case name="StoryTeller.Testing.UserInterface.Tests.when_updating_the_screen_when_the_test_is_in_the_queue.cancel_should_be_enabled" executed="True" success="True" time="0.002" asserts="1" />
                          <test-case name="StoryTeller.Testing.UserInterface.Tests.when_updating_the_screen_when_the_test_is_in_the_queue.run_should_not_be_enabled" executed="True" success="True" time="0.002" asserts="1" />
                        </results>
                      </test-suite>
                      <test-suite name="when_updating_the_screen_when_the_test_is_not_in_the_queue" success="True" time="0.005" asserts="0">
                        <results>
                          <test-case name="StoryTeller.Testing.UserInterface.Tests.when_updating_the_screen_when_the_test_is_not_in_the_queue.cancel_should_not_be_enabled" executed="True" success="True" time="0.002" asserts="1" />
                          <test-case name="StoryTeller.Testing.UserInterface.Tests.when_updating_the_screen_when_the_test_is_not_in_the_queue.run_should_be_enabled" executed="True" success="True" time="0.002" asserts="1" />
                        </results>
                      </test-suite>
                      <test-suite name="when_versioning_the_test" success="True" time="0.013" asserts="0">
                        <results>
                          <test-case name="StoryTeller.Testing.UserInterface.Tests.when_versioning_the_test.all_listeners_except_the_source_should_be_updated" executed="True" success="True" time="0.006" asserts="0" />
                          <test-case name="StoryTeller.Testing.UserInterface.Tests.when_versioning_the_test.redo_should_be_disabled" executed="True" success="True" time="0.001" asserts="1" />
                          <test-case name="StoryTeller.Testing.UserInterface.Tests.when_versioning_the_test.should_be_dirty" executed="True" success="True" time="0.001" asserts="1" />
                          <test-case name="StoryTeller.Testing.UserInterface.Tests.when_versioning_the_test.should_not_have_re_applied_the_json_changes" executed="True" success="True" time="0.002" asserts="0" />
                          <test-case name="StoryTeller.Testing.UserInterface.Tests.when_versioning_the_test.the_new_json_is_stored_in_history" executed="True" success="True" time="0.001" asserts="1" />
                          <test-case name="StoryTeller.Testing.UserInterface.Tests.when_versioning_the_test.undo_should_be_enabled" executed="True" success="True" time="0.001" asserts="1" />
                        </results>
                      </test-suite>
                    </results>
                  </test-suite>
                  <test-suite name="TestServiceTester" success="True" time="0.032" asserts="0">
                    <results>
                      <test-case name="StoryTeller.Testing.UserInterface.TestServiceTester.cancel_test_delegates_to_queue" executed="True" success="True" time="0.006" asserts="0" />
                      <test-case name="StoryTeller.Testing.UserInterface.TestServiceTester.creating_preview_uses_the_test_converter_and_the_initial_library" executed="True" success="True" time="0.004" asserts="1" />
                      <test-case name="StoryTeller.Testing.UserInterface.TestServiceTester.deleting_a_test_sends_a_message" executed="True" success="True" time="0.003" asserts="0" />
                      <test-case name="StoryTeller.Testing.UserInterface.TestServiceTester.get_status_when_the_test_is_executing" executed="True" success="True" time="0.002" asserts="1" />
                      <test-case name="StoryTeller.Testing.UserInterface.TestServiceTester.get_status_when_the_test_is_neither_queued_not_executing" executed="True" success="True" time="0.004" asserts="1" />
                      <test-case name="StoryTeller.Testing.UserInterface.TestServiceTester.get_status_when_the_test_is_queued" executed="True" success="True" time="0.003" asserts="1" />
                      <test-case name="StoryTeller.Testing.UserInterface.TestServiceTester.queue_test_delegates_to_queue" executed="True" success="True" time="0.003" asserts="0" />
                      <test-case name="StoryTeller.Testing.UserInterface.TestServiceTester.saving_a_test_sends_a_message" executed="True" success="True" time="0.002" asserts="0" />
                      <test-case name="StoryTeller.Testing.UserInterface.TestServiceTester.test_service_should_replace_its_current_fixture_library_when_the_fixturelibraryloaded_message_is_called" executed="True" success="True" time="0.001" asserts="2" />
                    </results>
                  </test-suite>
                  <test-suite name="when_closing_a_screen_that_is_not_already_active" success="True" time="0.036" asserts="0">
                    <results>
                      <test-case name="StoryTeller.Testing.UserInterface.when_closing_a_screen_that_is_not_already_active.the_screen_was_removed_from_the_event_aggregator" executed="True" success="True" time="0.030" asserts="0" />
                      <test-case name="StoryTeller.Testing.UserInterface.when_closing_a_screen_that_is_not_already_active.the_screen_was_removed_from_the_tabs" executed="True" success="True" time="0.005" asserts="0" />
                    </results>
                  </test-suite>
                  <test-suite name="when_closing_all_screens" success="True" time="0.011" asserts="0">
                    <results>
                      <test-case name="StoryTeller.Testing.UserInterface.when_closing_all_screens.should_have_closed_all_screens" executed="True" success="True" time="0.010" asserts="0" />
                    </results>
                  </test-suite>
                  <test-suite name="when_closing_all_screens_but_this_one" success="True" time="0.010" asserts="0">
                    <results>
                      <test-case name="StoryTeller.Testing.UserInterface.when_closing_all_screens_but_this_one.does_not_close_the_screen_in_question" executed="True" success="True" time="0.006" asserts="0" />
                      <test-case name="StoryTeller.Testing.UserInterface.when_closing_all_screens_but_this_one.removes_all_other_screens" executed="True" success="True" time="0.004" asserts="0" />
                    </results>
                  </test-suite>
                  <test-suite name="when_closing_screens_and_nothing_is_dirty" success="True" time="0.034" asserts="0">
                    <results>
                      <test-case name="StoryTeller.Testing.UserInterface.when_closing_screens_and_nothing_is_dirty.should_have_closed_the_screen" executed="True" success="True" time="0.024" asserts="1" />
                      <test-case name="StoryTeller.Testing.UserInterface.when_closing_screens_and_nothing_is_dirty.should_have_forced_the_closeables_to_close" executed="True" success="True" time="0.006" asserts="0" />
                      <test-case name="StoryTeller.Testing.UserInterface.when_closing_screens_and_nothing_is_dirty.should_not_have_shown_a_message_box" executed="True" success="True" time="0.003" asserts="0" />
                    </results>
                  </test-suite>
                  <test-suite name="when_closing_screens_and_something_is_dirty_and_user_chooses_not_to_close" success="True" time="0.010" asserts="0">
                    <results>
                      <test-case name="StoryTeller.Testing.UserInterface.when_closing_screens_and_something_is_dirty_and_user_chooses_not_to_close.asked_the_user_if_it_was_okay_to_close" executed="True" success="True" time="0.004" asserts="0" />
                      <test-case name="StoryTeller.Testing.UserInterface.when_closing_screens_and_something_is_dirty_and_user_chooses_not_to_close.did_not_tell_the_closeables_to_close" executed="True" success="True" time="0.003" asserts="0" />
                      <test-case name="StoryTeller.Testing.UserInterface.when_closing_screens_and_something_is_dirty_and_user_chooses_not_to_close.should_not_close_the_screen" executed="True" success="True" time="0.002" asserts="1" />
                    </results>
                  </test-suite>
                  <test-suite name="when_closing_screens_and_something_is_dirty_and_user_chooses_to_force_the_app_to_close" success="True" time="0.011" asserts="0">
                    <results>
                      <test-case name="StoryTeller.Testing.UserInterface.when_closing_screens_and_something_is_dirty_and_user_chooses_to_force_the_app_to_close.asked_the_user_if_it_was_okay_to_close" executed="True" success="True" time="0.004" asserts="0" />
                      <test-case name="StoryTeller.Testing.UserInterface.when_closing_screens_and_something_is_dirty_and_user_chooses_to_force_the_app_to_close.should_close_the_screen" executed="True" success="True" time="0.002" asserts="1" />
                      <test-case name="StoryTeller.Testing.UserInterface.when_closing_screens_and_something_is_dirty_and_user_chooses_to_force_the_app_to_close.should_tell_the_closeables_to_close" executed="True" success="True" time="0.004" asserts="0" />
                    </results>
                  </test-suite>
                  <test-suite name="when_finishing_a_test" success="True" time="0.003" asserts="0">
                    <results>
                      <test-case name="StoryTeller.Testing.UserInterface.when_finishing_a_test.should_update_the_queue_message" executed="True" success="True" time="0.003" asserts="0" />
                    </results>
                  </test-suite>
                  <test-suite name="when_opening_a_screen_that_does_not_match_any_active_screens" success="True" time="0.045" asserts="0">
                    <results>
                      <test-case name="StoryTeller.Testing.UserInterface.when_opening_a_screen_that_does_not_match_any_active_screens.activates_the_new_screen" executed="True" success="True" time="0.031" asserts="0" />
                      <test-case name="StoryTeller.Testing.UserInterface.when_opening_a_screen_that_does_not_match_any_active_screens.should_try_to_match_the_subject_against_all_the_screens" executed="True" success="True" time="0.003" asserts="0" />
                      <test-case name="StoryTeller.Testing.UserInterface.when_opening_a_screen_that_does_not_match_any_active_screens.show_and_add_the_new_screen_to_the_screen_collection" executed="True" success="True" time="0.008" asserts="2" />
                    </results>
                  </test-suite>
                  <test-suite name="when_opening_a_screen_that_is_already_active" success="True" time="0.013" asserts="0">
                    <results>
                      <test-case name="StoryTeller.Testing.UserInterface.when_opening_a_screen_that_is_already_active.should_not_change_the_active_screen" executed="True" success="True" time="0.004" asserts="1" />
                      <test-case name="StoryTeller.Testing.UserInterface.when_opening_a_screen_that_is_already_active.should_not_create_a_new_screen" executed="True" success="True" time="0.007" asserts="0" />
                    </results>
                  </test-suite>
                  <test-suite name="when_opening_a_screen_that_is_already_in_the_tab_control_but_not_active" success="True" time="0.012" asserts="0">
                    <results>
                      <test-case name="StoryTeller.Testing.UserInterface.when_opening_a_screen_that_is_already_in_the_tab_control_but_not_active.activates_the_new_screen" executed="True" success="True" time="0.007" asserts="0" />
                      <test-case name="StoryTeller.Testing.UserInterface.when_opening_a_screen_that_is_already_in_the_tab_control_but_not_active.show_and_add_the_new_screen_to_the_screen_collection" executed="True" success="True" time="0.003" asserts="1" />
                    </results>
                  </test-suite>
                  <test-suite name="when_opening_a_screen_to_a_subject" success="True" time="0.068" asserts="0">
                    <results>
                      <test-case name="StoryTeller.Testing.UserInterface.when_opening_a_screen_to_a_subject.should_call_to_screen_builder_to_get_the_screen_subject_and_use_that_to_open_the_screen" executed="True" success="True" time="0.061" asserts="0" />
                      <test-case name="StoryTeller.Testing.UserInterface.when_opening_a_screen_to_a_subject.should_call_to_screen_builder_to_get_the_screen_subject_and_use_that_to_open_the_screen_when_handling_the_open_item_message" executed="True" success="True" time="0.006" asserts="0" />
                    </results>
                  </test-suite>
                  <test-suite name="when_opening_a_screen_to_a_subject_type" success="True" time="0.007" asserts="0">
                    <results>
                      <test-case name="StoryTeller.Testing.UserInterface.when_opening_a_screen_to_a_subject_type.should_call_to_screen_builder_to_get_the_screen_subject_and_use_that_to_open_the_screen" executed="True" success="True" time="0.006" asserts="0" />
                    </results>
                  </test-suite>
                  <test-suite name="when_opening_up_a_screen_and_there_are_no_open_screens" success="True" time="0.015" asserts="0">
                    <results>
                      <test-case name="StoryTeller.Testing.UserInterface.when_opening_up_a_screen_and_there_are_no_open_screens.build_the_new_screen_from_the_subject" executed="True" success="True" time="0.003" asserts="1" />
                      <test-case name="StoryTeller.Testing.UserInterface.when_opening_up_a_screen_and_there_are_no_open_screens.calls_activate_on_the_new_screen" executed="True" success="True" time="0.007" asserts="1" />
                      <test-case name="StoryTeller.Testing.UserInterface.when_opening_up_a_screen_and_there_are_no_open_screens.show_and_add_the_new_screen_to_the_screen_collection" executed="True" success="True" time="0.003" asserts="3" />
                    </results>
                  </test-suite>
                  <test-suite name="when_presenting_a_status_for_an_executing_test_with_a_failure" success="True" time="0.026" asserts="0">
                    <results>
                      <test-case name="StoryTeller.Testing.UserInterface.when_presenting_a_status_for_an_executing_test_with_a_failure.the_activity_should_be_displayed" executed="True" success="True" time="0.007" asserts="2" />
                      <test-case name="StoryTeller.Testing.UserInterface.when_presenting_a_status_for_an_executing_test_with_a_failure.the_progress_area_should_be_visible" executed="True" success="True" time="0.003" asserts="1" />
                      <test-case name="StoryTeller.Testing.UserInterface.when_presenting_a_status_for_an_executing_test_with_a_failure.the_progress_bar_foreground_should_be_light_pink" executed="True" success="True" time="0.003" asserts="3" />
                      <test-case name="StoryTeller.Testing.UserInterface.when_presenting_a_status_for_an_executing_test_with_a_failure.the_test_name_should_be_the_path_from_the_status" executed="True" success="True" time="0.002" asserts="1" />
                      <test-case name="StoryTeller.Testing.UserInterface.when_presenting_a_status_for_an_executing_test_with_a_failure.the_tool_tip_of_the_progress_bar" executed="True" success="True" time="0.002" asserts="1" />
                      <test-case name="StoryTeller.Testing.UserInterface.when_presenting_a_status_for_an_executing_test_with_a_failure.the_total_of_the_progress_bar_is_the_total_steps_from_the_message" executed="True" success="True" time="0.002" asserts="1" />
                      <test-case name="StoryTeller.Testing.UserInterface.when_presenting_a_status_for_an_executing_test_with_a_failure.the_value_of_the_progress_bar_is_the_completed_steps_from_the_message" executed="True" success="True" time="0.003" asserts="1" />
                    </results>
                  </test-suite>
                  <test-suite name="when_presenting_a_status_for_an_executing_test_with_no_rights_wrongs_or_exceptions" success="True" time="0.016" asserts="0">
                    <results>
                      <test-case name="StoryTeller.Testing.UserInterface.when_presenting_a_status_for_an_executing_test_with_no_rights_wrongs_or_exceptions.the_activity_should_be_displayed" executed="True" success="True" time="0.002" asserts="2" />
                      <test-case name="StoryTeller.Testing.UserInterface.when_presenting_a_status_for_an_executing_test_with_no_rights_wrongs_or_exceptions.the_progress_area_should_be_visible" executed="True" success="True" time="0.002" asserts="1" />
                      <test-case name="StoryTeller.Testing.UserInterface.when_presenting_a_status_for_an_executing_test_with_no_rights_wrongs_or_exceptions.the_progress_bar_foreground_should_be_silver" executed="True" success="True" time="0.001" asserts="3" />
                      <test-case name="StoryTeller.Testing.UserInterface.when_presenting_a_status_for_an_executing_test_with_no_rights_wrongs_or_exceptions.the_test_name_should_be_the_path_from_the_status" executed="True" success="True" time="0.001" asserts="1" />
                      <test-case name="StoryTeller.Testing.UserInterface.when_presenting_a_status_for_an_executing_test_with_no_rights_wrongs_or_exceptions.the_tool_tip_of_the_progress_bar" executed="True" success="True" time="0.001" asserts="1" />
                      <test-case name="StoryTeller.Testing.UserInterface.when_presenting_a_status_for_an_executing_test_with_no_rights_wrongs_or_exceptions.the_total_of_the_progress_bar_is_the_total_steps_from_the_message" executed="True" success="True" time="0.001" asserts="1" />
                      <test-case name="StoryTeller.Testing.UserInterface.when_presenting_a_status_for_an_executing_test_with_no_rights_wrongs_or_exceptions.the_value_of_the_progress_bar_is_the_completed_steps_from_the_message" executed="True" success="True" time="0.001" asserts="1" />
                    </results>
                  </test-suite>
                  <test-suite name="when_presenting_a_status_for_an_executing_test_with_only_success" success="True" time="0.003" asserts="0">
                    <results>
                      <test-case name="StoryTeller.Testing.UserInterface.when_presenting_a_status_for_an_executing_test_with_only_success.the_progress_bar_foreground_should_be_light_green" executed="True" success="True" time="0.003" asserts="4" />
                    </results>
                  </test-suite>
                  <test-suite name="when_presenting_the_status_when_no_test_is_running_and_no_test_status" success="True" time="0.004" asserts="0">
                    <results>
                      <test-case name="StoryTeller.Testing.UserInterface.when_presenting_the_status_when_no_test_is_running_and_no_test_status.the_progress_area_should_be_collapsed" executed="True" success="True" time="0.002" asserts="1" />
                      <test-case name="StoryTeller.Testing.UserInterface.when_presenting_the_status_when_no_test_is_running_and_no_test_status.the_status_should_be_empty" executed="True" success="True" time="0.001" asserts="1" />
                    </results>
                  </test-suite>
                  <test-suite name="when_presenting_the_status_when_no_test_is_running_with_previous_results" success="True" time="0.005" asserts="0">
                    <results>
                      <test-case name="StoryTeller.Testing.UserInterface.when_presenting_the_status_when_no_test_is_running_with_previous_results.the_progress_area_should_be_collapsed" executed="True" success="True" time="0.002" asserts="1" />
                      <test-case name="StoryTeller.Testing.UserInterface.when_presenting_the_status_when_no_test_is_running_with_previous_results.the_status_should_be_show_the_test_name_and_status" executed="True" success="True" time="0.002" asserts="1" />
                    </results>
                  </test-suite>
                  <test-suite name="when_receiving_the_binary_recycle_failure_message" success="True" time="0.004" asserts="0">
                    <results>
                      <test-case name="StoryTeller.Testing.UserInterface.when_receiving_the_binary_recycle_failure_message.should_direct_the_status_bar_to_show_the_recycle_was_finished_and_failed" executed="True" success="True" time="0.004" asserts="0" />
                    </results>
                  </test-suite>
                  <test-suite name="when_starting_a_new_test" success="True" time="0.005" asserts="0">
                    <results>
                      <test-case name="StoryTeller.Testing.UserInterface.when_starting_a_new_test.should_update_the_queue_message" executed="True" success="True" time="0.003" asserts="0" />
                    </results>
                  </test-suite>
                  <test-suite name="when_trying_to_close_a_screen_that_cannot_be_closed" success="True" time="0.006" asserts="0">
                    <results>
                      <test-case name="StoryTeller.Testing.UserInterface.when_trying_to_close_a_screen_that_cannot_be_closed.the_screen_was_not_removed" executed="True" success="True" time="0.003" asserts="0" />
                      <test-case name="StoryTeller.Testing.UserInterface.when_trying_to_close_a_screen_that_cannot_be_closed.the_screen_was_not_removed_from_the_event_aggregator" executed="True" success="True" time="0.002" asserts="0" />
                    </results>
                  </test-suite>
                  <test-suite name="Workspace" success="True" time="0.510" asserts="0">
                    <results>
                      <test-suite name="FixtureSelectorTester" success="True" time="0.011" asserts="0">
                        <results>
                          <test-case name="StoryTeller.Testing.UserInterface.Workspace.FixtureSelectorTester.get_filter_when_not_selected_should_be_0_length" executed="True" success="True" time="0.007" asserts="1" />
                          <test-case name="StoryTeller.Testing.UserInterface.Workspace.FixtureSelectorTester.get_filter_when_selected" executed="True" success="True" time="0.001" asserts="3" />
                          <test-case name="StoryTeller.Testing.UserInterface.Workspace.FixtureSelectorTester.is_selected_negative" executed="True" success="True" time="0.001" asserts="3" />
                          <test-case name="StoryTeller.Testing.UserInterface.Workspace.FixtureSelectorTester.is_selected_positive" executed="True" success="True" time="0.001" asserts="3" />
                        </results>
                      </test-suite>
                      <test-suite name="NamespaceSelectorTester" success="True" time="0.042" asserts="0">
                        <results>
                          <test-case name="StoryTeller.Testing.UserInterface.Workspace.NamespaceSelectorTester.cherry_pick_filters_from_children_1" executed="True" success="True" time="0.015" asserts="4" />
                          <test-case name="StoryTeller.Testing.UserInterface.Workspace.NamespaceSelectorTester.cherry_pick_filters_from_children_2" executed="True" success="True" time="0.006" asserts="6" />
                          <test-case name="StoryTeller.Testing.UserInterface.Workspace.NamespaceSelectorTester.enabling_a_namespace_does_not_enable_children_if_it_is_already_selected" executed="True" success="True" time="0.007" asserts="4" />
                          <test-case name="StoryTeller.Testing.UserInterface.Workspace.NamespaceSelectorTester.select_the_top_level_disables_all_children" executed="True" success="True" time="0.006" asserts="7" />
                          <test-case name="StoryTeller.Testing.UserInterface.Workspace.NamespaceSelectorTester.selecting_the_top_level_results_in_a_single_filter" executed="True" success="True" time="0.006" asserts="4" />
                        </results>
                      </test-suite>
                      <test-suite name="when_applying_results_to_the_hiearchy" success="True" time="0.041" asserts="0">
                        <results>
                          <test-case name="StoryTeller.Testing.UserInterface.Workspace.when_applying_results_to_the_hiearchy.should_clear_off_existing_results_if_there_is_nothing_in_the_history" executed="True" success="True" time="0.030" asserts="1" />
                          <test-case name="StoryTeller.Testing.UserInterface.Workspace.when_applying_results_to_the_hiearchy.should_replace_the_result_with_the_loaded_result" executed="True" success="True" time="0.004" asserts="2" />
                          <test-case name="StoryTeller.Testing.UserInterface.Workspace.when_applying_results_to_the_hiearchy.should_send_a_message_to_refresh_the_test_explorer" executed="True" success="True" time="0.005" asserts="0" />
                        </results>
                      </test-suite>
                      <test-suite name="when_building_the_screen" success="True" time="0.082" asserts="0">
                        <results>
                          <test-case name="StoryTeller.Testing.UserInterface.Workspace.when_building_the_screen.should_organize_the_fixtures_into_a_namespace_tree" executed="True" success="True" time="0.062" asserts="0" />
                          <test-case name="StoryTeller.Testing.UserInterface.Workspace.when_building_the_screen.should_put_all_the_action_selectors_into_the_viedw" executed="True" success="True" time="0.012" asserts="0" />
                          <test-case name="StoryTeller.Testing.UserInterface.Workspace.when_building_the_screen.should_show_all_the_namespaces_in_the_view" executed="True" success="True" time="0.007" asserts="0" />
                        </results>
                      </test-suite>
                      <test-suite name="when_handling_the_load_previous_results_from_a_directory_message" success="True" time="0.062" asserts="0">
                        <results>
                          <test-case name="StoryTeller.Testing.UserInterface.Workspace.when_handling_the_load_previous_results_from_a_directory_message.should_load_the_previous_results" executed="True" success="True" time="0.035" asserts="0" />
                          <test-case name="StoryTeller.Testing.UserInterface.Workspace.when_handling_the_load_previous_results_from_a_directory_message.should_set_the_new_results_on_the_test_tree_and_update_the_UI" executed="True" success="True" time="0.025" asserts="0" />
                        </results>
                      </test-suite>
                      <test-suite name="when_handling_the_load_previous_results_message" success="True" time="0.016" asserts="0">
                        <results>
                          <test-case name="StoryTeller.Testing.UserInterface.Workspace.when_handling_the_load_previous_results_message.should_load_the_previous_results" executed="True" success="True" time="0.010" asserts="0" />
                          <test-case name="StoryTeller.Testing.UserInterface.Workspace.when_handling_the_load_previous_results_message.should_set_the_new_results_on_the_test_tree_and_update_the_UI" executed="True" success="True" time="0.006" asserts="0" />
                        </results>
                      </test-suite>
                      <test-suite name="when_handling_the_save_results_to_directory_message" success="True" time="0.042" asserts="0">
                        <results>
                          <test-case name="StoryTeller.Testing.UserInterface.Workspace.when_handling_the_save_results_to_directory_message.should_fetch_the_full_results_from_the_hierarchy" executed="True" success="True" time="0.037" asserts="0" />
                          <test-case name="StoryTeller.Testing.UserInterface.Workspace.when_handling_the_save_results_to_directory_message.should_persist_the_results" executed="True" success="True" time="0.004" asserts="0" />
                        </results>
                      </test-suite>
                      <test-suite name="when_handling_the_test_run_event_that_did_not_complete" success="True" time="0.008" asserts="0">
                        <results>
                          <test-case name="StoryTeller.Testing.UserInterface.Workspace.when_handling_the_test_run_event_that_did_not_complete.should_not_persist_the_results" executed="True" success="True" time="0.007" asserts="0" />
                        </results>
                      </test-suite>
                      <test-suite name="when_handling_the_test_run_finished_event" success="True" time="0.006" asserts="0">
                        <results>
                          <test-case name="StoryTeller.Testing.UserInterface.Workspace.when_handling_the_test_run_finished_event.should_persist_the_results" executed="True" success="True" time="0.006" asserts="0" />
                        </results>
                      </test-suite>
                      <test-suite name="when_responding_to_hierarchy_loaded_for_project_with_no_prior_selected_workspaces" success="True" time="0.043" asserts="0">
                        <results>
                          <test-case name="StoryTeller.Testing.UserInterface.Workspace.when_responding_to_hierarchy_loaded_for_project_with_no_prior_selected_workspaces.should_direct_the_menu_show_that_all_workspaces_are_available" executed="True" success="True" time="0.043" asserts="1" />
                        </results>
                      </test-suite>
                      <test-suite name="when_responding_to_hierarchy_loaded_for_project_with_prior_selected_workspaces" success="True" time="0.008" asserts="0">
                        <results>
                          <test-case name="StoryTeller.Testing.UserInterface.Workspace.when_responding_to_hierarchy_loaded_for_project_with_prior_selected_workspaces.should_direct_the_menu_to_show_that_there_are_hidden_workspaces" executed="True" success="True" time="0.008" asserts="0" />
                        </results>
                      </test-suite>
                      <test-suite name="when_responding_to_project_loaded" success="True" time="0.009" asserts="0">
                        <results>
                          <test-case name="StoryTeller.Testing.UserInterface.Workspace.when_responding_to_project_loaded.should_direct_the_menu_to_hide" executed="True" success="True" time="0.009" asserts="1" />
                        </results>
                      </test-suite>
                      <test-suite name="when_responding_to_the_clear_previous_results_message" success="True" time="0.007" asserts="0">
                        <results>
                          <test-case name="StoryTeller.Testing.UserInterface.Workspace.when_responding_to_the_clear_previous_results_message.should_delete_the_previous_results" executed="True" success="True" time="0.006" asserts="0" />
                        </results>
                      </test-suite>
                      <test-suite name="when_saving_filters_for_a_suite" success="True" time="0.043" asserts="0">
                        <results>
                          <test-case name="StoryTeller.Testing.UserInterface.Workspace.when_saving_filters_for_a_suite.applies_the_change_in_filters_to_the_project_controller" executed="True" success="True" time="0.032" asserts="0" />
                          <test-case name="StoryTeller.Testing.UserInterface.Workspace.when_saving_filters_for_a_suite.should_find_all_the_selected_filters_from_the_remembered_selectors" executed="True" success="True" time="0.003" asserts="0" />
                          <test-case name="StoryTeller.Testing.UserInterface.Workspace.when_saving_filters_for_a_suite.should_find_all_the_selected_startup_actions" executed="True" success="True" time="0.003" asserts="5" />
                          <test-case name="StoryTeller.Testing.UserInterface.Workspace.when_saving_filters_for_a_suite.should_put_the_filters_from_the_view_onto_the_workspace_filter" executed="True" success="True" time="0.002" asserts="8" />
                        </results>
                      </test-suite>
                      <test-suite name="when_selecting_workspaces" success="True" time="0.052" asserts="0">
                        <results>
                          <test-case name="StoryTeller.Testing.UserInterface.Workspace.when_selecting_workspaces.should_apply_the_changes_to_project" executed="True" success="True" time="0.024" asserts="5" />
                          <test-case name="StoryTeller.Testing.UserInterface.Workspace.when_selecting_workspaces.should_find_the_selections_from_the_dialog" executed="True" success="True" time="0.002" asserts="0" />
                          <test-case name="StoryTeller.Testing.UserInterface.Workspace.when_selecting_workspaces.should_raise_the_workflow_filter_changed_method" executed="True" success="True" time="0.002" asserts="0" />
                          <test-case name="StoryTeller.Testing.UserInterface.Workspace.when_selecting_workspaces.should_update_the_selection_menu" executed="True" success="True" time="0.021" asserts="0" />
                        </results>
                      </test-suite>
                      <test-suite name="when_starting_to_select_workspaces" success="True" time="0.014" asserts="0">
                        <results>
                          <test-case name="StoryTeller.Testing.UserInterface.Workspace.when_starting_to_select_workspaces.should_clear_out_the_dialog_first" executed="True" success="True" time="0.007" asserts="0" />
                          <test-case name="StoryTeller.Testing.UserInterface.Workspace.when_starting_to_select_workspaces.should_register_a_control_for_each_workspace" executed="True" success="True" time="0.003" asserts="0" />
                          <test-case name="StoryTeller.Testing.UserInterface.Workspace.when_starting_to_select_workspaces.should_show_the_dialog" executed="True" success="True" time="0.003" asserts="0" />
                        </results>
                      </test-suite>
                      <test-suite name="when_starting_up" success="True" time="0.002" asserts="0">
                        <results>
                          <test-case name="StoryTeller.Testing.UserInterface.Workspace.when_starting_up.should_hide_the_workspace_selector_menu" executed="True" success="True" time="0.002" asserts="0" />
                        </results>
                      </test-suite>
                      <test-suite name="WorkspaceItemTester" success="True" time="0.005" asserts="0">
                        <results>
                          <test-case name="StoryTeller.Testing.UserInterface.Workspace.WorkspaceItemTester.create_a_non_selected_workspace_item" executed="True" success="True" time="0.001" asserts="4" />
                          <test-case name="StoryTeller.Testing.UserInterface.Workspace.WorkspaceItemTester.create_a_selected_workspace_item" executed="True" success="True" time="0.000" asserts="4" />
                          <test-case name="StoryTeller.Testing.UserInterface.Workspace.WorkspaceItemTester.should_expose_the_selected_value" executed="True" success="True" time="0.001" asserts="7" />
                          <test-case name="StoryTeller.Testing.UserInterface.Workspace.WorkspaceItemTester.should_put_the_workspace_name_in_the_label" executed="True" success="True" time="0.000" asserts="3" />
                          <test-case name="StoryTeller.Testing.UserInterface.Workspace.WorkspaceItemTester.should_remember_the_workspace_name" executed="True" success="True" time="0.001" asserts="1" />
                        </results>
                      </test-suite>
                    </results>
                  </test-suite>
                </results>
              </test-suite>
              <test-suite name="when_finding_the_first_key" success="True" time="0.001" asserts="0">
                <results>
                  <test-case name="StoryTeller.Testing.when_finding_the_first_key.the_first_key" executed="True" success="True" time="0.000" asserts="1" />
                </results>
              </test-suite>
              <test-suite name="when_reading_an_invalid_format" success="True" time="0.003" asserts="0">
                <results>
                  <test-case name="StoryTeller.Testing.when_reading_an_invalid_format.exception_message_should_specify_missing_and_extra" executed="True" success="True" time="0.001" asserts="1" />
                  <test-case name="StoryTeller.Testing.when_reading_an_invalid_format.should_throw_an_exception_with_both_extra_and_missing_values" executed="True" success="True" time="0.001" asserts="1" />
                  <test-case name="StoryTeller.Testing.when_reading_an_invalid_format.should_throw_an_exception_with_extra_values" executed="True" success="True" time="0.000" asserts="1" />
                  <test-case name="StoryTeller.Testing.when_reading_an_invalid_format.should_throw_an_exception_with_missing_values" executed="True" success="True" time="0.001" asserts="1" />
                </results>
              </test-suite>
              <test-suite name="Workspace" success="True" time="14.723" asserts="0">
                <results>
                  <test-suite name="FileSystemTester" success="True" time="0.114" asserts="0">
                    <results>
                      <test-case name="StoryTeller.Testing.Workspace.FileSystemTester.GetSubfoldersForADirectory" executed="True" success="True" time="0.002" asserts="3" />
                      <test-case name="StoryTeller.Testing.Workspace.FileSystemTester.GetSubFoldersShouldNotReturnHiddenDirectoriesEvenIfTheyHaveOtherAttributes" executed="True" success="True" time="0.003" asserts="2" />
                      <test-case name="StoryTeller.Testing.Workspace.FileSystemTester.save_and_load_an_object_to_xml" executed="True" success="True" time="0.101" asserts="2" />
                      <test-case name="StoryTeller.Testing.Workspace.FileSystemTester.WriteAndReadText" executed="True" success="True" time="0.004" asserts="1" />
                      <test-case name="StoryTeller.Testing.Workspace.FileSystemTester.WriteToFileSmokeTest" executed="True" success="True" time="0.003" asserts="0" />
                    </results>
                  </test-suite>
                  <test-suite name="FixtureFilterTester" success="True" time="0.038" asserts="0">
                    <results>
                      <test-case name="StoryTeller.Testing.Workspace.FixtureFilterTester.apply_a_filter_at_namespace_level" executed="True" success="True" time="0.005" asserts="3" />
                      <test-case name="StoryTeller.Testing.Workspace.FixtureFilterTester.apply_a_filter_at_the_type_level" executed="True" success="True" time="0.002" asserts="3" />
                      <test-case name="StoryTeller.Testing.Workspace.FixtureFilterTester.apply_a_filter_on_fixture_graph_at_the_namespace_level" executed="True" success="True" time="0.014" asserts="4" />
                      <test-case name="StoryTeller.Testing.Workspace.FixtureFilterTester.apply_a_filter_on_fixture_graph_at_the_type_level" executed="True" success="True" time="0.002" asserts="3" />
                      <test-case name="StoryTeller.Testing.Workspace.FixtureFilterTester.apply_the_always_filter" executed="True" success="True" time="0.001" asserts="3" />
                      <test-case name="StoryTeller.Testing.Workspace.FixtureFilterTester.can_serialize_and_deserialize_a_workspace_filter" executed="True" success="True" time="0.003" asserts="4" />
                      <test-case name="StoryTeller.Testing.Workspace.FixtureFilterTester.create_a_merged_workspace_filter" executed="True" success="True" time="0.004" asserts="3" />
                      <test-case name="StoryTeller.Testing.Workspace.FixtureFilterTester.integrate_with_workspace_filter" executed="True" success="True" time="0.003" asserts="3" />
                      <test-case name="StoryTeller.Testing.Workspace.FixtureFilterTester.workspace_filter_returns_always_when_it_has_no_explicit_filters" executed="True" success="True" time="0.000" asserts="5" />
                    </results>
                  </test-suite>
                  <test-suite name="LazyTestXmlReaderTester" success="True" time="0.003" asserts="0">
                    <results>
                      <test-case name="StoryTeller.Testing.Workspace.LazyTestXmlReaderTester.can_load_the_parts_smoke_test" executed="True" success="True" time="0.001" asserts="1" />
                      <test-case name="StoryTeller.Testing.Workspace.LazyTestXmlReaderTester.picks_up_the_lifecycle_from_the_xml" executed="True" success="True" time="0.001" asserts="1" />
                      <test-case name="StoryTeller.Testing.Workspace.LazyTestXmlReaderTester.picks_up_the_name_from_the_xml" executed="True" success="True" time="0.001" asserts="1" />
                    </results>
                  </test-suite>
                  <test-suite name="ProjectTester" success="True" time="0.021" asserts="0">
                    <results>
                      <test-case name="StoryTeller.Testing.Workspace.ProjectTester.create_a_directory" executed="True" success="True" time="0.004" asserts="2" />
                      <test-case name="StoryTeller.Testing.Workspace.ProjectTester.delete_a_test_file" executed="True" success="True" time="0.006" asserts="2" />
                      <test-case name="StoryTeller.Testing.Workspace.ProjectTester.get_test_path" executed="True" success="True" time="0.001" asserts="3" />
                      <test-case name="StoryTeller.Testing.Workspace.ProjectTester.get_test_path_when_the_test_overrides_the_file_name" executed="True" success="True" time="0.001" asserts="1" />
                      <test-case name="StoryTeller.Testing.Workspace.ProjectTester.get_the_test_path_of_a_test_at_the_hierarchy_scope" executed="True" success="True" time="0.000" asserts="1" />
                      <test-case name="StoryTeller.Testing.Workspace.ProjectTester.GetBaseFolder" executed="True" success="True" time="0.000" asserts="1" />
                      <test-case name="StoryTeller.Testing.Workspace.ProjectTester.GetBaseFolderReturnsEmptyStringIfNoFileNameIsSet" executed="True" success="True" time="0.000" asserts="1" />
                      <test-case name="StoryTeller.Testing.Workspace.ProjectTester.save_and_load_a_test" executed="True" success="True" time="0.002" asserts="3" />
                    </results>
                  </test-suite>
                  <test-suite name="ResultPersistorIntegratedTester" success="True" time="14.504" asserts="0">
                    <results>
                      <test-case name="StoryTeller.Testing.Workspace.ResultPersistorIntegratedTester.get_file_name_for_test_gets_the_full_path_with_underscores_for_paths" executed="True" success="True" time="0.004" asserts="1" />
                      <test-case name="StoryTeller.Testing.Workspace.ResultPersistorIntegratedTester.get_file_name_for_test_with_spaces" executed="True" success="True" time="0.000" asserts="1" />
                      <test-case name="StoryTeller.Testing.Workspace.ResultPersistorIntegratedTester.persist_and_load_and_clear_by_project_smoke_test" executed="True" success="True" time="14.474" asserts="12" />
                      <test-case name="StoryTeller.Testing.Workspace.ResultPersistorIntegratedTester.save_and_load_the_history_for_a_hierarchy" executed="True" success="True" time="0.024" asserts="15" />
                    </results>
                  </test-suite>
                  <test-suite name="when_creating_the_combined_workflow_filter_for_selected_workspaces" success="True" time="0.018" asserts="0">
                    <results>
                      <test-case name="StoryTeller.Testing.Workspace.when_creating_the_combined_workflow_filter_for_selected_workspaces.clear_workspace_filter_sets_back_to_no_filters" executed="True" success="True" time="0.008" asserts="8" />
                      <test-case name="StoryTeller.Testing.Workspace.when_creating_the_combined_workflow_filter_for_selected_workspaces.no_workspaces_selected_so_all_fixtures_should_be_available" executed="True" success="True" time="0.001" asserts="8" />
                      <test-case name="StoryTeller.Testing.Workspace.when_creating_the_combined_workflow_filter_for_selected_workspaces.select_a_single_workspace" executed="True" success="True" time="0.005" asserts="10" />
                      <test-case name="StoryTeller.Testing.Workspace.when_creating_the_combined_workflow_filter_for_selected_workspaces.should_use_a_union_of_the_selected_workspace_filters" executed="True" success="True" time="0.004" asserts="7" />
                    </results>
                  </test-suite>
                  <test-suite name="when_renaming_a_file" success="True" time="0.019" asserts="0">
                    <results>
                      <test-case name="StoryTeller.Testing.Workspace.when_renaming_a_file.get_workspace_for_a_name_returns_the_same" executed="True" success="True" time="0.002" asserts="1" />
                      <test-case name="StoryTeller.Testing.Workspace.when_renaming_a_file.the_new_file_name_should_reflect_the_new_name" executed="True" success="True" time="0.002" asserts="1" />
                      <test-case name="StoryTeller.Testing.Workspace.when_renaming_a_file.the_new_test_name_should_be_set" executed="True" success="True" time="0.002" asserts="1" />
                      <test-case name="StoryTeller.Testing.Workspace.when_renaming_a_file.the_old_file_should_be_deleted" executed="True" success="True" time="0.002" asserts="1" />
                      <test-case name="StoryTeller.Testing.Workspace.when_renaming_a_file.the_test_should_now_be_saved_at_the_new_file_location" executed="True" success="True" time="0.003" asserts="3" />
                    </results>
                  </test-suite>
                </results>
              </test-suite>
              <test-suite name="Xml" success="True" time="0.144" asserts="0">
                <results>
                  <test-suite name="reading_the_lifecycle" success="True" time="0.002" asserts="0">
                    <results>
                      <test-case name="StoryTeller.Testing.Xml.reading_the_lifecycle.lifecycle_is_acceptance_by_default" executed="True" success="True" time="0.001" asserts="1" />
                      <test-case name="StoryTeller.Testing.Xml.reading_the_lifecycle.read_acceptance_from_node" executed="True" success="True" time="0.000" asserts="1" />
                      <test-case name="StoryTeller.Testing.Xml.reading_the_lifecycle.read_regression_from_node" executed="True" success="True" time="0.001" asserts="1" />
                    </results>
                  </test-suite>
                  <test-suite name="when_reading_a_comment" success="True" time="0.013" asserts="0">
                    <results>
                      <test-case name="StoryTeller.Testing.Xml.when_reading_a_comment.create_a_comment_object_for_a_Comment_node" executed="True" success="True" time="0.001" asserts="3" />
                      <test-case name="StoryTeller.Testing.Xml.when_reading_a_comment.read_a_comment_from_directly_under_the_test_node" executed="True" success="True" time="0.002" asserts="3" />
                    </results>
                  </test-suite>
                  <test-suite name="when_reading_a_section" success="True" time="0.004" asserts="0">
                    <results>
                      <test-case name="StoryTeller.Testing.Xml.when_reading_a_section.got_the_correct_grammar_names_of_the_steps" executed="True" success="True" time="0.003" asserts="9" />
                      <test-case name="StoryTeller.Testing.Xml.when_reading_a_section.has_a_step_for_each_child_node" executed="True" success="True" time="0.001" asserts="1" />
                      <test-case name="StoryTeller.Testing.Xml.when_reading_a_section.section_name_should_be_the_node_name" executed="True" success="True" time="0.000" asserts="1" />
                    </results>
                  </test-suite>
                  <test-suite name="when_reading_a_step" success="True" time="0.008" asserts="0">
                    <results>
                      <test-case name="StoryTeller.Testing.Xml.when_reading_a_step.should_get_the_grammar_name" executed="True" success="True" time="0.002" asserts="1" />
                      <test-case name="StoryTeller.Testing.Xml.when_reading_a_step.should_have_children_steps" executed="True" success="True" time="0.001" asserts="1" />
                      <test-case name="StoryTeller.Testing.Xml.when_reading_a_step.should_have_read_all_three_properties" executed="True" success="True" time="0.000" asserts="3" />
                      <test-case name="StoryTeller.Testing.Xml.when_reading_a_step.should_pick_up_attributes_on_a_child_step" executed="True" success="True" time="0.001" asserts="3" />
                      <test-case name="StoryTeller.Testing.Xml.when_reading_a_step.should_pick_up_children_of_child" executed="True" success="True" time="0.001" asserts="3" />
                    </results>
                  </test-suite>
                  <test-suite name="when_reading_a_test" success="True" time="0.007" asserts="0">
                    <results>
                      <test-case name="StoryTeller.Testing.Xml.when_reading_a_test.should_have_read_the_name_from_the_top_root" executed="True" success="True" time="0.002" asserts="1" />
                      <test-case name="StoryTeller.Testing.Xml.when_reading_a_test.should_have_three_parts" executed="True" success="True" time="0.000" asserts="1" />
                      <test-case name="StoryTeller.Testing.Xml.when_reading_a_test.should_have_three_sections" executed="True" success="True" time="0.002" asserts="9" />
                      <test-case name="StoryTeller.Testing.Xml.when_reading_a_test.the_first_section_has_a_step_with_attributes" executed="True" success="True" time="0.001" asserts="5" />
                      <test-case name="StoryTeller.Testing.Xml.when_reading_a_test.the_first_section_should_have_steps" executed="True" success="True" time="0.001" asserts="3" />
                    </results>
                  </test-suite>
                  <test-suite name="when_reading_a_test_with_an_embedded_table" success="True" time="0.001" asserts="0">
                    <results>
                      <test-case name="StoryTeller.Testing.Xml.when_reading_a_test_with_an_embedded_table.should_read_the_children_steps_of_a_step" executed="True" success="True" time="0.001" asserts="6" />
                    </results>
                  </test-suite>
                  <test-suite name="when_writing_a_test" success="True" time="0.103" asserts="0">
                    <results>
                      <test-case name="StoryTeller.Testing.Xml.when_writing_a_test.should_have_a_node_for_each_section_plus_the_comment_for_the_description_and_a_user_comment" executed="True" success="True" time="0.003" asserts="4" />
                      <test-case name="StoryTeller.Testing.Xml.when_writing_a_test.should_have_a_step_node_for_each_step_in_a_section" executed="True" success="True" time="0.002" asserts="5" />
                      <test-case name="StoryTeller.Testing.Xml.when_writing_a_test.should_have_the_test_name_in_the_top_node" executed="True" success="True" time="0.001" asserts="2" />
                      <test-case name="StoryTeller.Testing.Xml.when_writing_a_test.should_have_written_a_comment_node_at_the_top_of_the_test" executed="True" success="True" time="0.000" asserts="2" />
                      <test-case name="StoryTeller.Testing.Xml.when_writing_a_test.should_have_written_a_comment_within_Address_fixture_section" executed="True" success="True" time="0.086" asserts="1" />
                      <test-case name="StoryTeller.Testing.Xml.when_writing_a_test.should_have_written_an_xml_comment_for_the_address_section" executed="True" success="True" time="0.001" asserts="1" />
                      <test-case name="StoryTeller.Testing.Xml.when_writing_a_test.should_have_written_children_nodes_of_step_with_children_steps" executed="True" success="True" time="0.002" asserts="8" />
                      <test-case name="StoryTeller.Testing.Xml.when_writing_a_test.should_have_xml_attribute_for_each_step_value" executed="True" success="True" time="0.001" asserts="7" />
                      <test-case name="StoryTeller.Testing.Xml.when_writing_a_test.tagName_of_a_grammar_element_should_be_the_grammar_key" executed="True" success="True" time="0.000" asserts="1" />
                      <test-case name="StoryTeller.Testing.Xml.when_writing_a_test.the_root_node_should_be_test" executed="True" success="True" time="0.000" asserts="1" />
                    </results>
                  </test-suite>
                </results>
              </test-suite>
            </results>
          </test-suite>
        </results>
      </test-suite>
      <test-suite name="StoryTellerTestHarness" success="True" time="0.001" asserts="0">
        <results />
      </test-suite>
    </results>
  </test-suite>
</test-results>